#-----------------------------------------------------------
# Vivado v2019.1 (64-bit)
# SW Build 2552052 on Fri May 24 14:49:42 MDT 2019
# IP Build 2548770 on Fri May 24 18:01:18 MDT 2019
# Start of session at: Sun Jun 11 16:11:51 2023
# Process ID: 35944
# Current directory: C:/Users/galap/lab_6_calculator
# Command line: vivado.exe -gui_launcher_event rodinguilauncherevent65904 C:\Users\galap\lab_6_calculator\lab_6_calculator.xpr
# Log file: C:/Users/galap/lab_6_calculator/vivado.log
# Journal file: C:/Users/galap/lab_6_calculator\vivado.jou
#-----------------------------------------------------------
start_gui
open_project C:/Users/galap/lab_6_calculator/lab_6_calculator.xpr
Scanning sources...
Finished scanning sources
INFO: [IP_Flow 19-234] Refreshing IP repositories
INFO: [IP_Flow 19-1704] No user IP repositories specified
INFO: [IP_Flow 19-2313] Loaded Vivado IP repository 'C:/Xilinx/Vivado/2019.1/data/ip'.
open_project: Time (s): cpu = 00:00:23 ; elapsed = 00:00:09 . Memory (MB): peak = 691.254 ; gain = 75.594
update_compile_order -fileset sources_1
export_ip_user_files -of_objects  [get_files C:/Users/galap/lab_6_calculator/lab_6_calculator.srcs/sources_1/new/kcpsm6.vhd] -no_script -reset -force -quiet
remove_files  C:/Users/galap/lab_6_calculator/lab_6_calculator.srcs/sources_1/new/kcpsm6.vhd
launch_simulation
INFO: [Vivado 12-5682] Launching behavioral simulation in 'C:/Users/galap/lab_6_calculator/lab_6_calculator.sim/sim_1/behav/xsim'
INFO: [SIM-utils-51] Simulation object is 'sim_1'
INFO: [SIM-utils-54] Inspecting design source files for 'calc_tb' in fileset 'sim_1'...
INFO: [USF-XSim-97] Finding global include files...
INFO: [USF-XSim-98] Fetching design files from 'sim_1'...
INFO: [USF-XSim-2] XSim::Compile design
INFO: [USF-XSim-61] Executing 'COMPILE and ANALYZE' step in 'C:/Users/galap/lab_6_calculator/lab_6_calculator.sim/sim_1/behav/xsim'
"xvhdl --incr --relax -prj calc_tb_vhdl.prj"
INFO: [VRFC 10-163] Analyzing VHDL file "C:/Users/galap/lab_6_calculator/lab_6_calculator.srcs/sources_1/new/lab_6_short.vhd" into library xil_defaultlib
INFO: [VRFC 10-3107] analyzing entity 'lab_6_short'
INFO: [USF-XSim-69] 'compile' step finished in '4' seconds
INFO: [USF-XSim-3] XSim::Elaborate design
INFO: [USF-XSim-61] Executing 'ELABORATE' step in 'C:/Users/galap/lab_6_calculator/lab_6_calculator.sim/sim_1/behav/xsim'
"xelab -wto 0773d455e1104d959c284434f61f71f8 --incr --debug typical --relax --mt 2 -L xil_defaultlib -L secureip --snapshot calc_tb_behav xil_defaultlib.calc_tb -log elaborate.log"
Vivado Simulator 2019.1
Copyright 1986-1999, 2001-2019 Xilinx, Inc. All Rights Reserved.
Running: C:/Xilinx/Vivado/2019.1/bin/unwrapped/win64.o/xelab.exe -wto 0773d455e1104d959c284434f61f71f8 --incr --debug typical --relax --mt 2 -L xil_defaultlib -L secureip --snapshot calc_tb_behav xil_defaultlib.calc_tb -log elaborate.log 
Using 2 slave threads.
Starting static elaboration
Completed static elaboration
Starting simulation data flow analysis
Completed simulation data flow analysis
Time Resolution for simulation is 1ps
Compiling package std.standard
Compiling package std.textio
Compiling package ieee.std_logic_1164
Compiling package ieee.numeric_std
Compiling package ieee.std_logic_arith
Compiling package ieee.std_logic_unsigned
Compiling package unisim.vcomponents
Compiling package ieee.vital_timing
Compiling package ieee.vital_primitives
Compiling package unisim.vpkg
Compiling package ieee.std_logic_signed
Compiling package ieee.std_logic_textio
Compiling architecture lut6_2_v of entity unisim.LUT6_2 [\LUT6_2(init="111111110000000011...]
Compiling architecture lut6_v of entity unisim.LUT6 [\LUT6(init="00000000101010100000...]
Compiling architecture lut6_v of entity unisim.LUT6 [\LUT6(init="00000000101010100000...]
Compiling architecture lut6_v of entity unisim.LUT6 [\LUT6(init="00000000101010100000...]
Compiling architecture lut6_2_v of entity unisim.LUT6_2 [\LUT6_2(init="000000000001010100...]
Compiling architecture lut6_2_v of entity unisim.LUT6_2 [\LUT6_2(init="000000000010101000...]
Compiling architecture lut6_v of entity unisim.LUT6 [\LUT6(init="10111111101111001000...]
Compiling architecture ram64m_v of entity unisim.RAM64M [ram64m_default]
Compiling architecture lut6_2_v of entity unisim.LUT6_2 [\LUT6_2(init="011010010110100101...]
Compiling architecture lut6_v of entity unisim.LUT6 [\LUT6(init="11111111000000001111...]
Compiling architecture lut6_2_v of entity unisim.LUT6_2 [\LUT6_2(init="111111111111111111...]
Compiling architecture fdre_v of entity unisim.FDRE [fdre_default]
Compiling architecture fd_v of entity unisim.FD [fd_default]
Compiling architecture lut6_2_v of entity unisim.LUT6_2 [\LUT6_2(init="000000001000001100...]
Compiling architecture lut6_2_v of entity unisim.LUT6_2 [\LUT6_2(init="000000000001000000...]
Compiling architecture lut6_v of entity unisim.LUT6 [\LUT6(init="00000000000000000000...]
Compiling architecture lut6_2_v of entity unisim.LUT6_2 [\LUT6_2(init="110011000011001111...]
Compiling architecture lut6_v of entity unisim.LUT6 [\LUT6(init="01011010001111001111...]
Compiling architecture lut6_2_v of entity unisim.LUT6_2 [\LUT6_2(init="011101110111011100...]
Compiling architecture lut6_2_v of entity unisim.LUT6_2 [\LUT6_2(init="000000000000000011...]
Compiling architecture lut6_v of entity unisim.LUT6 [\LUT6(init="11111111111111111111...]
Compiling architecture lut6_2_v of entity unisim.LUT6_2 [\LUT6_2(init="111111111111111100...]
Compiling architecture lut6_2_v of entity unisim.LUT6_2 [\LUT6_2(init="000000111100101000...]
Compiling architecture lut6_2_v of entity unisim.LUT6_2 [\LUT6_2(init="011101110000100000...]
Compiling architecture lut6_2_v of entity unisim.LUT6_2 [\LUT6_2(init="110100000000000000...]
Compiling architecture lut6_2_v of entity unisim.LUT6_2 [\LUT6_2(init="000000000000000100...]
Compiling architecture lut6_2_v of entity unisim.LUT6_2 [\LUT6_2(init="110000001100110000...]
Compiling architecture fdr_v of entity unisim.FDR [fdr_default]
Compiling architecture lut6_2_v of entity unisim.LUT6_2 [\LUT6_2(init="100000000000000000...]
Compiling architecture lut6_2_v of entity unisim.LUT6_2 [\LUT6_2(init="010000000000000000...]
Compiling architecture lut6_v of entity unisim.LUT6 [\LUT6(init="00000000100000000000...]
Compiling architecture lut6_v of entity unisim.LUT6 [\LUT6(init="10101100101011001111...]
Compiling architecture xorcy_v of entity unisim.XORCY [xorcy_default]
Compiling architecture lut6_2_v of entity unisim.LUT6_2 [\LUT6_2(init="000000000000000000...]
Compiling architecture muxcy_v of entity unisim.MUXCY [muxcy_default]
Compiling architecture lut6_v of entity unisim.LUT6 [\LUT6(init="01101001100101101001...]
Compiling architecture lut6_v of entity unisim.LUT6 [\LUT6(init="11111111111111111010...]
Compiling architecture lut6_2_v of entity unisim.LUT6_2 [\LUT6_2(init="001100110011001110...]
Compiling architecture lut6_2_v of entity unisim.LUT6_2 [\LUT6_2(init="101000101000000000...]
Compiling architecture lut6_2_v of entity unisim.LUT6_2 [\LUT6_2(init="000000000000000000...]
Compiling architecture lut6_2_v of entity unisim.LUT6_2 [\LUT6_2(init="000000000000000000...]
Compiling architecture lut6_v of entity unisim.LUT6 [\LUT6(init="11111011111111110000...]
Compiling architecture ram32m_v of entity unisim.RAM32M [ram32m_default]
Compiling architecture low_level_definition of entity xil_defaultlib.kcpsm6 [kcpsm6_default]
Compiling architecture rb18_internal_vhdl_v of entity unisim.RB18_INTERNAL_VHDL [\RB18_INTERNAL_VHDL(bram_size=18...]
Compiling architecture ramb18e1_v of entity unisim.RAMB18E1 [\RAMB18E1(initp_00="110010000010...]
Compiling architecture low_level_definition of entity xil_defaultlib.lab_6_short [lab_6_short_default]
Compiling architecture behavioral_reg_input of entity xil_defaultlib.reg [reg_default]
Compiling architecture behavioral_reg_input of entity xil_defaultlib.reg [\reg(n=4)\]
Compiling architecture behavioral_reg_output of entity xil_defaultlib.reg [\reg(n=8)\]
Compiling architecture behavioral of entity xil_defaultlib.main [main_default]
Compiling architecture behavioral of entity xil_defaultlib.calc_tb
Built simulation snapshot calc_tb_behav
run_program: Time (s): cpu = 00:00:03 ; elapsed = 00:00:14 . Memory (MB): peak = 724.785 ; gain = 0.000
INFO: [USF-XSim-69] 'elaborate' step finished in '14' seconds
INFO: [USF-XSim-4] XSim::Simulate design
INFO: [USF-XSim-61] Executing 'SIMULATE' step in 'C:/Users/galap/lab_6_calculator/lab_6_calculator.sim/sim_1/behav/xsim'
INFO: [USF-XSim-98] *** Running xsim
   with args "calc_tb_behav -key {Behavioral:sim_1:Functional:calc_tb} -tclbatch {calc_tb.tcl} -log {simulate.log}"
INFO: [USF-XSim-8] Loading simulator feature
Vivado Simulator 2019.1
Time resolution is 1 ps
source calc_tb.tcl
# set curr_wave [current_wave_config]
# if { [string length $curr_wave] == 0 } {
#   if { [llength [get_objects]] > 0} {
#     add_wave /
#     set_property needs_save false [current_wave_config]
#   } else {
#      send_msg_id Add_Wave-1 WARNING "No top level signals found. Simulator will start without a wave window. If you want to open a wave window go to 'File->New Waveform Configuration' or type 'create_wave_config' in the TCL console."
#   }
# }
# run 1000ns
xsim: Time (s): cpu = 00:00:15 ; elapsed = 00:00:05 . Memory (MB): peak = 744.219 ; gain = 9.340
INFO: [USF-XSim-96] XSim completed. Design snapshot 'calc_tb_behav' loaded.
INFO: [USF-XSim-97] XSim simulation ran for 1000ns
launch_simulation: Time (s): cpu = 00:00:21 ; elapsed = 00:00:25 . Memory (MB): peak = 744.219 ; gain = 19.434
restart
INFO: [Simtcl 6-17] Simulation restarted
run 10 us
add_files -norecurse C:/Users/galap/lab_6_calculator/lab_6_calculator.srcs/sources_1/new/kcpsm6.vhd
update_compile_order -fileset sources_1
WARNING: [filemgmt 56-199] Attempt to get parsing info during refresh. "On-the-fly" syntax checking information may be incorrect. [C:/Users/galap/lab_6_calculator/lab_6_calculator.srcs/sources_1/new/main.vhd:]
WARNING: [filemgmt 56-199] Attempt to get parsing info during refresh. "On-the-fly" syntax checking information may be incorrect. [C:/Users/galap/lab_6_calculator/lab_6_calculator.srcs/sources_1/new/kcpsm6.vhd:]
ERROR: [Common 17-180] Spawn failed: No error
WARNING: [filemgmt 56-199] Attempt to get parsing info during refresh. "On-the-fly" syntax checking information may be incorrect. [C:/Users/galap/lab_6_calculator/lab_6_calculator.srcs/sources_1/new/main.vhd:]
WARNING: [filemgmt 56-199] Attempt to get parsing info during refresh. "On-the-fly" syntax checking information may be incorrect. [C:/Users/galap/lab_6_calculator/lab_6_calculator.srcs/sources_1/new/kcpsm6.vhd:]
WARNING: [filemgmt 56-199] Attempt to get parsing info during refresh. "On-the-fly" syntax checking information may be incorrect. [C:/Users/galap/lab_6_calculator/lab_6_calculator.srcs/sources_1/new/main.vhd:]
WARNING: [filemgmt 56-199] Attempt to get parsing info during refresh. "On-the-fly" syntax checking information may be incorrect. [C:/Users/galap/lab_6_calculator/lab_6_calculator.srcs/sources_1/new/kcpsm6.vhd:]
ERROR: [Common 17-180] Spawn failed: No error
WARNING: [filemgmt 56-199] Attempt to get parsing info during refresh. "On-the-fly" syntax checking information may be incorrect. [C:/Users/galap/lab_6_calculator/lab_6_calculator.srcs/sources_1/new/main.vhd:]
WARNING: [filemgmt 56-199] Attempt to get parsing info during refresh. "On-the-fly" syntax checking information may be incorrect. [C:/Users/galap/lab_6_calculator/lab_6_calculator.srcs/sources_1/new/kcpsm6.vhd:]
ERROR: [Common 17-180] Spawn failed: No error
WARNING: [filemgmt 56-199] Attempt to get parsing info during refresh. "On-the-fly" syntax checking information may be incorrect. [C:/Users/galap/lab_6_calculator/lab_6_calculator.srcs/sources_1/new/main.vhd:]
WARNING: [filemgmt 56-199] Attempt to get parsing info during refresh. "On-the-fly" syntax checking information may be incorrect. [C:/Users/galap/lab_6_calculator/lab_6_calculator.srcs/sources_1/new/kcpsm6.vhd:]
ERROR: [Common 17-180] Spawn failed: No error
WARNING: [filemgmt 56-199] Attempt to get parsing info during refresh. "On-the-fly" syntax checking information may be incorrect. [C:/Users/galap/lab_6_calculator/lab_6_calculator.srcs/sources_1/new/main.vhd:]
WARNING: [filemgmt 56-199] Attempt to get parsing info during refresh. "On-the-fly" syntax checking information may be incorrect. [C:/Users/galap/lab_6_calculator/lab_6_calculator.srcs/sources_1/new/kcpsm6.vhd:]
ERROR: [Common 17-180] Spawn failed: No error
WARNING: [filemgmt 56-199] Attempt to get parsing info during refresh. "On-the-fly" syntax checking information may be incorrect. [C:/Users/galap/lab_6_calculator/lab_6_calculator.srcs/sources_1/new/main.vhd:]
WARNING: [filemgmt 56-199] Attempt to get parsing info during refresh. "On-the-fly" syntax checking information may be incorrect. [C:/Users/galap/lab_6_calculator/lab_6_calculator.srcs/sources_1/new/kcpsm6.vhd:]
ERROR: [Common 17-180] Spawn failed: No error
WARNING: [filemgmt 56-199] Attempt to get parsing info during refresh. "On-the-fly" syntax checking information may be incorrect. [C:/Users/galap/lab_6_calculator/lab_6_calculator.srcs/sources_1/new/main.vhd:]
WARNING: [filemgmt 56-199] Attempt to get parsing info during refresh. "On-the-fly" syntax checking information may be incorrect. [C:/Users/galap/lab_6_calculator/lab_6_calculator.srcs/sources_1/new/kcpsm6.vhd:]
ERROR: [Common 17-180] Spawn failed: No error
WARNING: [filemgmt 56-199] Attempt to get parsing info during refresh. "On-the-fly" syntax checking information may be incorrect. [C:/Users/galap/lab_6_calculator/lab_6_calculator.srcs/sources_1/new/main.vhd:]
WARNING: [filemgmt 56-199] Attempt to get parsing info during refresh. "On-the-fly" syntax checking information may be incorrect. [C:/Users/galap/lab_6_calculator/lab_6_calculator.srcs/sources_1/new/kcpsm6.vhd:]
ERROR: [Common 17-180] Spawn failed: No error
WARNING: [filemgmt 56-199] Attempt to get parsing info during refresh. "On-the-fly" syntax checking information may be incorrect. [C:/Users/galap/lab_6_calculator/lab_6_calculator.srcs/sources_1/new/main.vhd:]
WARNING: [filemgmt 56-199] Attempt to get parsing info during refresh. "On-the-fly" syntax checking information may be incorrect. [C:/Users/galap/lab_6_calculator/lab_6_calculator.srcs/sources_1/new/kcpsm6.vhd:]
ERROR: [Common 17-180] Spawn failed: No error
update_compile_order -fileset sources_1
WARNING: [filemgmt 56-199] Attempt to get parsing info during refresh. "On-the-fly" syntax checking information may be incorrect. [C:/Users/galap/lab_6_calculator/lab_6_calculator.srcs/sources_1/new/main.vhd:]
WARNING: [filemgmt 56-199] Attempt to get parsing info during refresh. "On-the-fly" syntax checking information may be incorrect. [C:/Users/galap/lab_6_calculator/lab_6_calculator.srcs/sources_1/new/kcpsm6.vhd:]
WARNING: [filemgmt 56-199] Attempt to get parsing info during refresh. "On-the-fly" syntax checking information may be incorrect. [C:/Users/galap/lab_6_calculator/lab_6_calculator.srcs/sources_1/new/main.vhd:]
WARNING: [filemgmt 56-199] Attempt to get parsing info during refresh. "On-the-fly" syntax checking information may be incorrect. [C:/Users/galap/lab_6_calculator/lab_6_calculator.srcs/sources_1/new/kcpsm6.vhd:]
ERROR: [Common 17-180] Spawn failed: No error
WARNING: [filemgmt 56-199] Attempt to get parsing info during refresh. "On-the-fly" syntax checking information may be incorrect. [C:/Users/galap/lab_6_calculator/lab_6_calculator.srcs/sources_1/new/main.vhd:]
WARNING: [filemgmt 56-199] Attempt to get parsing info during refresh. "On-the-fly" syntax checking information may be incorrect. [C:/Users/galap/lab_6_calculator/lab_6_calculator.srcs/sources_1/new/kcpsm6.vhd:]
ERROR: [Common 17-180] Spawn failed: No error
WARNING: [filemgmt 56-199] Attempt to get parsing info during refresh. "On-the-fly" syntax checking information may be incorrect. [C:/Users/galap/lab_6_calculator/lab_6_calculator.srcs/sources_1/new/main.vhd:]
WARNING: [filemgmt 56-199] Attempt to get parsing info during refresh. "On-the-fly" syntax checking information may be incorrect. [C:/Users/galap/lab_6_calculator/lab_6_calculator.srcs/sources_1/new/kcpsm6.vhd:]
ERROR: [Common 17-180] Spawn failed: No error
update_compile_order -fileset sources_1
WARNING: [filemgmt 56-199] Attempt to get parsing info during refresh. "On-the-fly" syntax checking information may be incorrect. [C:/Users/galap/lab_6_calculator/lab_6_calculator.srcs/sources_1/new/main.vhd:]
WARNING: [filemgmt 56-199] Attempt to get parsing info during refresh. "On-the-fly" syntax checking information may be incorrect. [C:/Users/galap/lab_6_calculator/lab_6_calculator.srcs/sources_1/new/kcpsm6.vhd:]
ERROR: [Common 17-180] Spawn failed: No error
WARNING: [filemgmt 56-199] Attempt to get parsing info during refresh. "On-the-fly" syntax checking information may be incorrect. [C:/Users/galap/lab_6_calculator/lab_6_calculator.srcs/sources_1/new/main.vhd:]
WARNING: [filemgmt 56-199] Attempt to get parsing info during refresh. "On-the-fly" syntax checking information may be incorrect. [C:/Users/galap/lab_6_calculator/lab_6_calculator.srcs/sources_1/new/kcpsm6.vhd:]
close_sim
INFO: [Simtcl 6-16] Simulation closed
close_sim: Time (s): cpu = 00:00:05 ; elapsed = 00:00:05 . Memory (MB): peak = 766.820 ; gain = 0.000
launch_simulation
INFO: [Vivado 12-5682] Launching behavioral simulation in 'C:/Users/galap/lab_6_calculator/lab_6_calculator.sim/sim_1/behav/xsim'
INFO: [SIM-utils-51] Simulation object is 'sim_1'
INFO: [SIM-utils-54] Inspecting design source files for 'calc_tb' in fileset 'sim_1'...
INFO: [USF-XSim-97] Finding global include files...
INFO: [USF-XSim-98] Fetching design files from 'sim_1'...
INFO: [USF-XSim-2] XSim::Compile design
INFO: [USF-XSim-61] Executing 'COMPILE and ANALYZE' step in 'C:/Users/galap/lab_6_calculator/lab_6_calculator.sim/sim_1/behav/xsim'
"xvhdl --incr --relax -prj calc_tb_vhdl.prj"
INFO: [VRFC 10-163] Analyzing VHDL file "C:/Users/galap/lab_6_calculator/lab_6_calculator.srcs/sources_1/new/kcpsm6.vhd" into library xil_defaultlib
INFO: [VRFC 10-3107] analyzing entity 'kcpsm6'
run_program: Time (s): cpu = 00:00:01 ; elapsed = 00:00:05 . Memory (MB): peak = 766.820 ; gain = 0.000
INFO: [USF-XSim-69] 'compile' step finished in '5' seconds
INFO: [USF-XSim-3] XSim::Elaborate design
INFO: [USF-XSim-61] Executing 'ELABORATE' step in 'C:/Users/galap/lab_6_calculator/lab_6_calculator.sim/sim_1/behav/xsim'
"xelab -wto 0773d455e1104d959c284434f61f71f8 --incr --debug typical --relax --mt 2 -L xil_defaultlib -L secureip --snapshot calc_tb_behav xil_defaultlib.calc_tb -log elaborate.log"
Vivado Simulator 2019.1
Copyright 1986-1999, 2001-2019 Xilinx, Inc. All Rights Reserved.
Running: C:/Xilinx/Vivado/2019.1/bin/unwrapped/win64.o/xelab.exe -wto 0773d455e1104d959c284434f61f71f8 --incr --debug typical --relax --mt 2 -L xil_defaultlib -L secureip --snapshot calc_tb_behav xil_defaultlib.calc_tb -log elaborate.log 
Using 2 slave threads.
Starting static elaboration
Completed static elaboration
Starting simulation data flow analysis
Completed simulation data flow analysis
Time Resolution for simulation is 1ps
Compiling package std.standard
Compiling package std.textio
Compiling package ieee.std_logic_1164
Compiling package ieee.numeric_std
Compiling package ieee.std_logic_arith
Compiling package ieee.std_logic_unsigned
Compiling package unisim.vcomponents
Compiling package ieee.vital_timing
Compiling package ieee.vital_primitives
Compiling package unisim.vpkg
Compiling package ieee.std_logic_signed
Compiling package ieee.std_logic_textio
Compiling architecture lut6_2_v of entity unisim.LUT6_2 [\LUT6_2(init="111111110000000011...]
Compiling architecture lut6_v of entity unisim.LUT6 [\LUT6(init="00000000101010100000...]
Compiling architecture lut6_v of entity unisim.LUT6 [\LUT6(init="00000000101010100000...]
Compiling architecture lut6_v of entity unisim.LUT6 [\LUT6(init="00000000101010100000...]
Compiling architecture lut6_2_v of entity unisim.LUT6_2 [\LUT6_2(init="000000000001010100...]
Compiling architecture lut6_2_v of entity unisim.LUT6_2 [\LUT6_2(init="000000000010101000...]
Compiling architecture lut6_v of entity unisim.LUT6 [\LUT6(init="10111111101111001000...]
Compiling architecture ram64m_v of entity unisim.RAM64M [ram64m_default]
Compiling architecture lut6_2_v of entity unisim.LUT6_2 [\LUT6_2(init="011010010110100101...]
Compiling architecture lut6_v of entity unisim.LUT6 [\LUT6(init="11111111000000001111...]
Compiling architecture lut6_2_v of entity unisim.LUT6_2 [\LUT6_2(init="111111111111111111...]
Compiling architecture fdre_v of entity unisim.FDRE [fdre_default]
Compiling architecture fd_v of entity unisim.FD [fd_default]
Compiling architecture lut6_2_v of entity unisim.LUT6_2 [\LUT6_2(init="000000001000001100...]
Compiling architecture lut6_2_v of entity unisim.LUT6_2 [\LUT6_2(init="000000000001000000...]
Compiling architecture lut6_v of entity unisim.LUT6 [\LUT6(init="00000000000000000000...]
Compiling architecture lut6_2_v of entity unisim.LUT6_2 [\LUT6_2(init="110011000011001111...]
Compiling architecture lut6_v of entity unisim.LUT6 [\LUT6(init="01011010001111001111...]
Compiling architecture lut6_2_v of entity unisim.LUT6_2 [\LUT6_2(init="011101110111011100...]
Compiling architecture lut6_2_v of entity unisim.LUT6_2 [\LUT6_2(init="000000000000000011...]
Compiling architecture lut6_v of entity unisim.LUT6 [\LUT6(init="11111111111111111111...]
Compiling architecture lut6_2_v of entity unisim.LUT6_2 [\LUT6_2(init="111111111111111100...]
Compiling architecture lut6_2_v of entity unisim.LUT6_2 [\LUT6_2(init="000000111100101000...]
Compiling architecture lut6_2_v of entity unisim.LUT6_2 [\LUT6_2(init="011101110000100000...]
Compiling architecture lut6_2_v of entity unisim.LUT6_2 [\LUT6_2(init="110100000000000000...]
Compiling architecture lut6_2_v of entity unisim.LUT6_2 [\LUT6_2(init="000000000000000100...]
Compiling architecture lut6_2_v of entity unisim.LUT6_2 [\LUT6_2(init="110000001100110000...]
Compiling architecture fdr_v of entity unisim.FDR [fdr_default]
Compiling architecture lut6_2_v of entity unisim.LUT6_2 [\LUT6_2(init="100000000000000000...]
Compiling architecture lut6_2_v of entity unisim.LUT6_2 [\LUT6_2(init="010000000000000000...]
Compiling architecture lut6_v of entity unisim.LUT6 [\LUT6(init="00000000100000000000...]
Compiling architecture lut6_v of entity unisim.LUT6 [\LUT6(init="10101100101011001111...]
Compiling architecture xorcy_v of entity unisim.XORCY [xorcy_default]
Compiling architecture lut6_2_v of entity unisim.LUT6_2 [\LUT6_2(init="000000000000000000...]
Compiling architecture muxcy_v of entity unisim.MUXCY [muxcy_default]
Compiling architecture lut6_v of entity unisim.LUT6 [\LUT6(init="01101001100101101001...]
Compiling architecture lut6_v of entity unisim.LUT6 [\LUT6(init="11111111111111111010...]
Compiling architecture lut6_2_v of entity unisim.LUT6_2 [\LUT6_2(init="001100110011001110...]
Compiling architecture lut6_2_v of entity unisim.LUT6_2 [\LUT6_2(init="101000101000000000...]
Compiling architecture lut6_2_v of entity unisim.LUT6_2 [\LUT6_2(init="000000000000000000...]
Compiling architecture lut6_2_v of entity unisim.LUT6_2 [\LUT6_2(init="000000000000000000...]
Compiling architecture lut6_v of entity unisim.LUT6 [\LUT6(init="11111011111111110000...]
Compiling architecture ram32m_v of entity unisim.RAM32M [ram32m_default]
Compiling architecture low_level_definition of entity xil_defaultlib.kcpsm6 [kcpsm6_default]
Compiling architecture rb18_internal_vhdl_v of entity unisim.RB18_INTERNAL_VHDL [\RB18_INTERNAL_VHDL(bram_size=18...]
Compiling architecture ramb18e1_v of entity unisim.RAMB18E1 [\RAMB18E1(initp_00="110010000010...]
Compiling architecture low_level_definition of entity xil_defaultlib.lab_6_short [lab_6_short_default]
Compiling architecture behavioral_reg_input of entity xil_defaultlib.reg [reg_default]
Compiling architecture behavioral_reg_input of entity xil_defaultlib.reg [\reg(n=4)\]
Compiling architecture behavioral_reg_output of entity xil_defaultlib.reg [\reg(n=8)\]
Compiling architecture behavioral of entity xil_defaultlib.main [main_default]
Compiling architecture behavioral of entity xil_defaultlib.calc_tb
Built simulation snapshot calc_tb_behav
run_program: Time (s): cpu = 00:00:01 ; elapsed = 00:00:14 . Memory (MB): peak = 766.820 ; gain = 0.000
INFO: [USF-XSim-69] 'elaborate' step finished in '14' seconds
INFO: [USF-XSim-4] XSim::Simulate design
INFO: [USF-XSim-61] Executing 'SIMULATE' step in 'C:/Users/galap/lab_6_calculator/lab_6_calculator.sim/sim_1/behav/xsim'
INFO: [USF-XSim-98] *** Running xsim
   with args "calc_tb_behav -key {Behavioral:sim_1:Functional:calc_tb} -tclbatch {calc_tb.tcl} -log {simulate.log}"
INFO: [USF-XSim-8] Loading simulator feature
Vivado Simulator 2019.1
Time resolution is 1 ps
source calc_tb.tcl
# set curr_wave [current_wave_config]
# if { [string length $curr_wave] == 0 } {
#   if { [llength [get_objects]] > 0} {
#     add_wave /
#     set_property needs_save false [current_wave_config]
#   } else {
#      send_msg_id Add_Wave-1 WARNING "No top level signals found. Simulator will start without a wave window. If you want to open a wave window go to 'File->New Waveform Configuration' or type 'create_wave_config' in the TCL console."
#   }
# }
# run 1000ns
xsim: Time (s): cpu = 00:00:09 ; elapsed = 00:00:06 . Memory (MB): peak = 766.820 ; gain = 0.000
INFO: [USF-XSim-96] XSim completed. Design snapshot 'calc_tb_behav' loaded.
INFO: [USF-XSim-97] XSim simulation ran for 1000ns
launch_simulation: Time (s): cpu = 00:00:11 ; elapsed = 00:00:25 . Memory (MB): peak = 766.820 ; gain = 0.000
restart
INFO: [Simtcl 6-17] Simulation restarted
run 10 us
close_sim
INFO: [Simtcl 6-16] Simulation closed
launch_simulation
INFO: [Vivado 12-5682] Launching behavioral simulation in 'C:/Users/galap/lab_6_calculator/lab_6_calculator.sim/sim_1/behav/xsim'
INFO: [SIM-utils-51] Simulation object is 'sim_1'
INFO: [SIM-utils-54] Inspecting design source files for 'calc_tb' in fileset 'sim_1'...
INFO: [USF-XSim-97] Finding global include files...
INFO: [USF-XSim-98] Fetching design files from 'sim_1'...
INFO: [USF-XSim-2] XSim::Compile design
INFO: [USF-XSim-61] Executing 'COMPILE and ANALYZE' step in 'C:/Users/galap/lab_6_calculator/lab_6_calculator.sim/sim_1/behav/xsim'
"xvhdl --incr --relax -prj calc_tb_vhdl.prj"
INFO: [VRFC 10-163] Analyzing VHDL file "C:/Users/galap/lab_6_calculator/lab_6_calculator.srcs/sources_1/new/main.vhd" into library xil_defaultlib
INFO: [VRFC 10-3107] analyzing entity 'main'
INFO: [USF-XSim-69] 'compile' step finished in '3' seconds
INFO: [USF-XSim-3] XSim::Elaborate design
INFO: [USF-XSim-61] Executing 'ELABORATE' step in 'C:/Users/galap/lab_6_calculator/lab_6_calculator.sim/sim_1/behav/xsim'
"xelab -wto 0773d455e1104d959c284434f61f71f8 --incr --debug typical --relax --mt 2 -L xil_defaultlib -L secureip --snapshot calc_tb_behav xil_defaultlib.calc_tb -log elaborate.log"
Vivado Simulator 2019.1
Copyright 1986-1999, 2001-2019 Xilinx, Inc. All Rights Reserved.
Running: C:/Xilinx/Vivado/2019.1/bin/unwrapped/win64.o/xelab.exe -wto 0773d455e1104d959c284434f61f71f8 --incr --debug typical --relax --mt 2 -L xil_defaultlib -L secureip --snapshot calc_tb_behav xil_defaultlib.calc_tb -log elaborate.log 
Using 2 slave threads.
Starting static elaboration
Completed static elaboration
Starting simulation data flow analysis
Completed simulation data flow analysis
Time Resolution for simulation is 1ps
Compiling package std.standard
Compiling package std.textio
Compiling package ieee.std_logic_1164
Compiling package ieee.numeric_std
Compiling package ieee.std_logic_arith
Compiling package ieee.std_logic_unsigned
Compiling package unisim.vcomponents
Compiling package ieee.vital_timing
Compiling package ieee.vital_primitives
Compiling package unisim.vpkg
Compiling package ieee.std_logic_signed
Compiling package ieee.std_logic_textio
Compiling architecture lut6_2_v of entity unisim.LUT6_2 [\LUT6_2(init="111111110000000011...]
Compiling architecture lut6_v of entity unisim.LUT6 [\LUT6(init="00000000101010100000...]
Compiling architecture lut6_v of entity unisim.LUT6 [\LUT6(init="00000000101010100000...]
Compiling architecture lut6_v of entity unisim.LUT6 [\LUT6(init="00000000101010100000...]
Compiling architecture lut6_2_v of entity unisim.LUT6_2 [\LUT6_2(init="000000000001010100...]
Compiling architecture lut6_2_v of entity unisim.LUT6_2 [\LUT6_2(init="000000000010101000...]
Compiling architecture lut6_v of entity unisim.LUT6 [\LUT6(init="10111111101111001000...]
Compiling architecture ram64m_v of entity unisim.RAM64M [ram64m_default]
Compiling architecture lut6_2_v of entity unisim.LUT6_2 [\LUT6_2(init="011010010110100101...]
Compiling architecture lut6_v of entity unisim.LUT6 [\LUT6(init="11111111000000001111...]
Compiling architecture lut6_2_v of entity unisim.LUT6_2 [\LUT6_2(init="111111111111111111...]
Compiling architecture fdre_v of entity unisim.FDRE [fdre_default]
Compiling architecture fd_v of entity unisim.FD [fd_default]
Compiling architecture lut6_2_v of entity unisim.LUT6_2 [\LUT6_2(init="000000001000001100...]
Compiling architecture lut6_2_v of entity unisim.LUT6_2 [\LUT6_2(init="000000000001000000...]
Compiling architecture lut6_v of entity unisim.LUT6 [\LUT6(init="00000000000000000000...]
Compiling architecture lut6_2_v of entity unisim.LUT6_2 [\LUT6_2(init="110011000011001111...]
Compiling architecture lut6_v of entity unisim.LUT6 [\LUT6(init="01011010001111001111...]
Compiling architecture lut6_2_v of entity unisim.LUT6_2 [\LUT6_2(init="011101110111011100...]
Compiling architecture lut6_2_v of entity unisim.LUT6_2 [\LUT6_2(init="000000000000000011...]
Compiling architecture lut6_v of entity unisim.LUT6 [\LUT6(init="11111111111111111111...]
Compiling architecture lut6_2_v of entity unisim.LUT6_2 [\LUT6_2(init="111111111111111100...]
Compiling architecture lut6_2_v of entity unisim.LUT6_2 [\LUT6_2(init="000000111100101000...]
Compiling architecture lut6_2_v of entity unisim.LUT6_2 [\LUT6_2(init="011101110000100000...]
Compiling architecture lut6_2_v of entity unisim.LUT6_2 [\LUT6_2(init="110100000000000000...]
Compiling architecture lut6_2_v of entity unisim.LUT6_2 [\LUT6_2(init="000000000000000100...]
Compiling architecture lut6_2_v of entity unisim.LUT6_2 [\LUT6_2(init="110000001100110000...]
Compiling architecture fdr_v of entity unisim.FDR [fdr_default]
Compiling architecture lut6_2_v of entity unisim.LUT6_2 [\LUT6_2(init="100000000000000000...]
Compiling architecture lut6_2_v of entity unisim.LUT6_2 [\LUT6_2(init="010000000000000000...]
Compiling architecture lut6_v of entity unisim.LUT6 [\LUT6(init="00000000100000000000...]
Compiling architecture lut6_v of entity unisim.LUT6 [\LUT6(init="10101100101011001111...]
Compiling architecture xorcy_v of entity unisim.XORCY [xorcy_default]
Compiling architecture lut6_2_v of entity unisim.LUT6_2 [\LUT6_2(init="000000000000000000...]
Compiling architecture muxcy_v of entity unisim.MUXCY [muxcy_default]
Compiling architecture lut6_v of entity unisim.LUT6 [\LUT6(init="01101001100101101001...]
Compiling architecture lut6_v of entity unisim.LUT6 [\LUT6(init="11111111111111111010...]
Compiling architecture lut6_2_v of entity unisim.LUT6_2 [\LUT6_2(init="001100110011001110...]
Compiling architecture lut6_2_v of entity unisim.LUT6_2 [\LUT6_2(init="101000101000000000...]
Compiling architecture lut6_2_v of entity unisim.LUT6_2 [\LUT6_2(init="000000000000000000...]
Compiling architecture lut6_2_v of entity unisim.LUT6_2 [\LUT6_2(init="000000000000000000...]
Compiling architecture lut6_v of entity unisim.LUT6 [\LUT6(init="11111011111111110000...]
Compiling architecture ram32m_v of entity unisim.RAM32M [ram32m_default]
Compiling architecture low_level_definition of entity xil_defaultlib.kcpsm6 [kcpsm6_default]
Compiling architecture rb18_internal_vhdl_v of entity unisim.RB18_INTERNAL_VHDL [\RB18_INTERNAL_VHDL(bram_size=18...]
Compiling architecture ramb18e1_v of entity unisim.RAMB18E1 [\RAMB18E1(initp_00="110010000010...]
Compiling architecture low_level_definition of entity xil_defaultlib.lab_6_short [lab_6_short_default]
Compiling architecture behavioral_reg_input of entity xil_defaultlib.reg [reg_default]
Compiling architecture behavioral_reg_input of entity xil_defaultlib.reg [\reg(n=4)\]
Compiling architecture behavioral_reg_output of entity xil_defaultlib.reg [\reg(n=8)\]
Compiling architecture behavioral of entity xil_defaultlib.main [main_default]
Compiling architecture behavioral of entity xil_defaultlib.calc_tb
Built simulation snapshot calc_tb_behav
run_program: Time (s): cpu = 00:00:01 ; elapsed = 00:00:12 . Memory (MB): peak = 766.820 ; gain = 0.000
INFO: [USF-XSim-69] 'elaborate' step finished in '12' seconds
INFO: [USF-XSim-4] XSim::Simulate design
INFO: [USF-XSim-61] Executing 'SIMULATE' step in 'C:/Users/galap/lab_6_calculator/lab_6_calculator.sim/sim_1/behav/xsim'
INFO: [USF-XSim-98] *** Running xsim
   with args "calc_tb_behav -key {Behavioral:sim_1:Functional:calc_tb} -tclbatch {calc_tb.tcl} -log {simulate.log}"
INFO: [USF-XSim-8] Loading simulator feature
Vivado Simulator 2019.1
Time resolution is 1 ps
source calc_tb.tcl
# set curr_wave [current_wave_config]
# if { [string length $curr_wave] == 0 } {
#   if { [llength [get_objects]] > 0} {
#     add_wave /
#     set_property needs_save false [current_wave_config]
#   } else {
#      send_msg_id Add_Wave-1 WARNING "No top level signals found. Simulator will start without a wave window. If you want to open a wave window go to 'File->New Waveform Configuration' or type 'create_wave_config' in the TCL console."
#   }
# }
# run 1000ns
INFO: [USF-XSim-96] XSim completed. Design snapshot 'calc_tb_behav' loaded.
INFO: [USF-XSim-97] XSim simulation ran for 1000ns
launch_simulation: Time (s): cpu = 00:00:08 ; elapsed = 00:00:19 . Memory (MB): peak = 766.820 ; gain = 0.000
restart
INFO: [Simtcl 6-17] Simulation restarted
run 10 us
restart
INFO: [Simtcl 6-17] Simulation restarted
run all
run: Time (s): cpu = 00:00:14 ; elapsed = 00:00:39 . Memory (MB): peak = 766.820 ; gain = 0.000
close_sim
INFO: [Simtcl 6-16] Simulation closed
launch_simulation
INFO: [Vivado 12-5682] Launching behavioral simulation in 'C:/Users/galap/lab_6_calculator/lab_6_calculator.sim/sim_1/behav/xsim'
INFO: [SIM-utils-51] Simulation object is 'sim_1'
INFO: [SIM-utils-54] Inspecting design source files for 'calc_tb' in fileset 'sim_1'...
INFO: [USF-XSim-97] Finding global include files...
INFO: [USF-XSim-98] Fetching design files from 'sim_1'...
INFO: [USF-XSim-2] XSim::Compile design
INFO: [USF-XSim-61] Executing 'COMPILE and ANALYZE' step in 'C:/Users/galap/lab_6_calculator/lab_6_calculator.sim/sim_1/behav/xsim'
"xvhdl --incr --relax -prj calc_tb_vhdl.prj"
INFO: [VRFC 10-163] Analyzing VHDL file "C:/Users/galap/lab_6_calculator/lab_6_calculator.srcs/sources_1/new/main.vhd" into library xil_defaultlib
INFO: [VRFC 10-3107] analyzing entity 'main'
INFO: [USF-XSim-69] 'compile' step finished in '1' seconds
INFO: [USF-XSim-3] XSim::Elaborate design
INFO: [USF-XSim-61] Executing 'ELABORATE' step in 'C:/Users/galap/lab_6_calculator/lab_6_calculator.sim/sim_1/behav/xsim'
"xelab -wto 0773d455e1104d959c284434f61f71f8 --incr --debug typical --relax --mt 2 -L xil_defaultlib -L secureip --snapshot calc_tb_behav xil_defaultlib.calc_tb -log elaborate.log"
Vivado Simulator 2019.1
Copyright 1986-1999, 2001-2019 Xilinx, Inc. All Rights Reserved.
Running: C:/Xilinx/Vivado/2019.1/bin/unwrapped/win64.o/xelab.exe -wto 0773d455e1104d959c284434f61f71f8 --incr --debug typical --relax --mt 2 -L xil_defaultlib -L secureip --snapshot calc_tb_behav xil_defaultlib.calc_tb -log elaborate.log 
Using 2 slave threads.
Starting static elaboration
Completed static elaboration
Starting simulation data flow analysis
Completed simulation data flow analysis
Time Resolution for simulation is 1ps
Compiling package std.standard
Compiling package std.textio
Compiling package ieee.std_logic_1164
Compiling package ieee.numeric_std
Compiling package ieee.std_logic_arith
Compiling package ieee.std_logic_unsigned
Compiling package unisim.vcomponents
Compiling package ieee.vital_timing
Compiling package ieee.vital_primitives
Compiling package unisim.vpkg
Compiling package ieee.std_logic_signed
Compiling package ieee.std_logic_textio
Compiling architecture lut6_2_v of entity unisim.LUT6_2 [\LUT6_2(init="111111110000000011...]
Compiling architecture lut6_v of entity unisim.LUT6 [\LUT6(init="00000000101010100000...]
Compiling architecture lut6_v of entity unisim.LUT6 [\LUT6(init="00000000101010100000...]
Compiling architecture lut6_v of entity unisim.LUT6 [\LUT6(init="00000000101010100000...]
Compiling architecture lut6_2_v of entity unisim.LUT6_2 [\LUT6_2(init="000000000001010100...]
Compiling architecture lut6_2_v of entity unisim.LUT6_2 [\LUT6_2(init="000000000010101000...]
Compiling architecture lut6_v of entity unisim.LUT6 [\LUT6(init="10111111101111001000...]
Compiling architecture ram64m_v of entity unisim.RAM64M [ram64m_default]
Compiling architecture lut6_2_v of entity unisim.LUT6_2 [\LUT6_2(init="011010010110100101...]
Compiling architecture lut6_v of entity unisim.LUT6 [\LUT6(init="11111111000000001111...]
Compiling architecture lut6_2_v of entity unisim.LUT6_2 [\LUT6_2(init="111111111111111111...]
Compiling architecture fdre_v of entity unisim.FDRE [fdre_default]
Compiling architecture fd_v of entity unisim.FD [fd_default]
Compiling architecture lut6_2_v of entity unisim.LUT6_2 [\LUT6_2(init="000000001000001100...]
Compiling architecture lut6_2_v of entity unisim.LUT6_2 [\LUT6_2(init="000000000001000000...]
Compiling architecture lut6_v of entity unisim.LUT6 [\LUT6(init="00000000000000000000...]
Compiling architecture lut6_2_v of entity unisim.LUT6_2 [\LUT6_2(init="110011000011001111...]
Compiling architecture lut6_v of entity unisim.LUT6 [\LUT6(init="01011010001111001111...]
Compiling architecture lut6_2_v of entity unisim.LUT6_2 [\LUT6_2(init="011101110111011100...]
Compiling architecture lut6_2_v of entity unisim.LUT6_2 [\LUT6_2(init="000000000000000011...]
Compiling architecture lut6_v of entity unisim.LUT6 [\LUT6(init="11111111111111111111...]
Compiling architecture lut6_2_v of entity unisim.LUT6_2 [\LUT6_2(init="111111111111111100...]
Compiling architecture lut6_2_v of entity unisim.LUT6_2 [\LUT6_2(init="000000111100101000...]
Compiling architecture lut6_2_v of entity unisim.LUT6_2 [\LUT6_2(init="011101110000100000...]
Compiling architecture lut6_2_v of entity unisim.LUT6_2 [\LUT6_2(init="110100000000000000...]
Compiling architecture lut6_2_v of entity unisim.LUT6_2 [\LUT6_2(init="000000000000000100...]
Compiling architecture lut6_2_v of entity unisim.LUT6_2 [\LUT6_2(init="110000001100110000...]
Compiling architecture fdr_v of entity unisim.FDR [fdr_default]
Compiling architecture lut6_2_v of entity unisim.LUT6_2 [\LUT6_2(init="100000000000000000...]
Compiling architecture lut6_2_v of entity unisim.LUT6_2 [\LUT6_2(init="010000000000000000...]
Compiling architecture lut6_v of entity unisim.LUT6 [\LUT6(init="00000000100000000000...]
Compiling architecture lut6_v of entity unisim.LUT6 [\LUT6(init="10101100101011001111...]
Compiling architecture xorcy_v of entity unisim.XORCY [xorcy_default]
Compiling architecture lut6_2_v of entity unisim.LUT6_2 [\LUT6_2(init="000000000000000000...]
Compiling architecture muxcy_v of entity unisim.MUXCY [muxcy_default]
Compiling architecture lut6_v of entity unisim.LUT6 [\LUT6(init="01101001100101101001...]
Compiling architecture lut6_v of entity unisim.LUT6 [\LUT6(init="11111111111111111010...]
Compiling architecture lut6_2_v of entity unisim.LUT6_2 [\LUT6_2(init="001100110011001110...]
Compiling architecture lut6_2_v of entity unisim.LUT6_2 [\LUT6_2(init="101000101000000000...]
Compiling architecture lut6_2_v of entity unisim.LUT6_2 [\LUT6_2(init="000000000000000000...]
Compiling architecture lut6_2_v of entity unisim.LUT6_2 [\LUT6_2(init="000000000000000000...]
Compiling architecture lut6_v of entity unisim.LUT6 [\LUT6(init="11111011111111110000...]
Compiling architecture ram32m_v of entity unisim.RAM32M [ram32m_default]
Compiling architecture low_level_definition of entity xil_defaultlib.kcpsm6 [kcpsm6_default]
Compiling architecture rb18_internal_vhdl_v of entity unisim.RB18_INTERNAL_VHDL [\RB18_INTERNAL_VHDL(bram_size=18...]
Compiling architecture ramb18e1_v of entity unisim.RAMB18E1 [\RAMB18E1(initp_00="110010000010...]
Compiling architecture low_level_definition of entity xil_defaultlib.lab_6_short [lab_6_short_default]
Compiling architecture behavioral_reg_input of entity xil_defaultlib.reg [reg_default]
Compiling architecture behavioral_reg_input of entity xil_defaultlib.reg [\reg(n=4)\]
Compiling architecture behavioral_reg_output of entity xil_defaultlib.reg [\reg(n=8)\]
Compiling architecture behavioral of entity xil_defaultlib.main [main_default]
Compiling architecture behavioral of entity xil_defaultlib.calc_tb
Built simulation snapshot calc_tb_behav
run_program: Time (s): cpu = 00:00:00 ; elapsed = 00:00:06 . Memory (MB): peak = 766.820 ; gain = 0.000
INFO: [USF-XSim-69] 'elaborate' step finished in '6' seconds
INFO: [USF-XSim-4] XSim::Simulate design
INFO: [USF-XSim-61] Executing 'SIMULATE' step in 'C:/Users/galap/lab_6_calculator/lab_6_calculator.sim/sim_1/behav/xsim'
INFO: [USF-XSim-98] *** Running xsim
   with args "calc_tb_behav -key {Behavioral:sim_1:Functional:calc_tb} -tclbatch {calc_tb.tcl} -log {simulate.log}"
INFO: [USF-XSim-8] Loading simulator feature
Vivado Simulator 2019.1
Time resolution is 1 ps
source calc_tb.tcl
# set curr_wave [current_wave_config]
# if { [string length $curr_wave] == 0 } {
#   if { [llength [get_objects]] > 0} {
#     add_wave /
#     set_property needs_save false [current_wave_config]
#   } else {
#      send_msg_id Add_Wave-1 WARNING "No top level signals found. Simulator will start without a wave window. If you want to open a wave window go to 'File->New Waveform Configuration' or type 'create_wave_config' in the TCL console."
#   }
# }
# run 1000ns
INFO: [USF-XSim-96] XSim completed. Design snapshot 'calc_tb_behav' loaded.
INFO: [USF-XSim-97] XSim simulation ran for 1000ns
launch_simulation: Time (s): cpu = 00:00:03 ; elapsed = 00:00:09 . Memory (MB): peak = 766.820 ; gain = 0.000
restart
INFO: [Simtcl 6-17] Simulation restarted
run 10 us
restart
INFO: [Simtcl 6-17] Simulation restarted
run 10 us
relaunch_sim
INFO: [Vivado 12-5682] Launching behavioral simulation in 'C:/Users/galap/lab_6_calculator/lab_6_calculator.sim/sim_1/behav/xsim'
INFO: [SIM-utils-51] Simulation object is 'sim_1'
INFO: [SIM-utils-54] Inspecting design source files for 'calc_tb' in fileset 'sim_1'...
INFO: [USF-XSim-97] Finding global include files...
INFO: [USF-XSim-98] Fetching design files from 'sim_1'...
INFO: [USF-XSim-2] XSim::Compile design
INFO: [USF-XSim-61] Executing 'COMPILE and ANALYZE' step in 'C:/Users/galap/lab_6_calculator/lab_6_calculator.sim/sim_1/behav/xsim'
"xvhdl --incr --relax -prj calc_tb_vhdl.prj"
INFO: [VRFC 10-163] Analyzing VHDL file "C:/Users/galap/lab_6_calculator/lab_6_calculator.srcs/sim_1/new/calc_tb.vhd" into library xil_defaultlib
INFO: [VRFC 10-3107] analyzing entity 'calc_tb'
INFO: [USF-XSim-69] 'compile' step finished in '1' seconds
INFO: [Vivado 12-5682] Launching behavioral simulation in 'C:/Users/galap/lab_6_calculator/lab_6_calculator.sim/sim_1/behav/xsim'
INFO: [USF-XSim-3] XSim::Elaborate design
INFO: [USF-XSim-61] Executing 'ELABORATE' step in 'C:/Users/galap/lab_6_calculator/lab_6_calculator.sim/sim_1/behav/xsim'
"xelab -wto 0773d455e1104d959c284434f61f71f8 --incr --debug typical --relax --mt 2 -L xil_defaultlib -L secureip --snapshot calc_tb_behav xil_defaultlib.calc_tb -log elaborate.log"
Vivado Simulator 2019.1
Copyright 1986-1999, 2001-2019 Xilinx, Inc. All Rights Reserved.
Running: C:/Xilinx/Vivado/2019.1/bin/unwrapped/win64.o/xelab.exe -wto 0773d455e1104d959c284434f61f71f8 --incr --debug typical --relax --mt 2 -L xil_defaultlib -L secureip --snapshot calc_tb_behav xil_defaultlib.calc_tb -log elaborate.log 
Using 2 slave threads.
Starting static elaboration
Completed static elaboration
Starting simulation data flow analysis
Completed simulation data flow analysis
Time Resolution for simulation is 1ps
Compiling package std.standard
Compiling package std.textio
Compiling package ieee.std_logic_1164
Compiling package ieee.numeric_std
Compiling package ieee.std_logic_arith
Compiling package ieee.std_logic_unsigned
Compiling package unisim.vcomponents
Compiling package ieee.vital_timing
Compiling package ieee.vital_primitives
Compiling package unisim.vpkg
Compiling package ieee.std_logic_signed
Compiling package ieee.std_logic_textio
Compiling architecture lut6_2_v of entity unisim.LUT6_2 [\LUT6_2(init="111111110000000011...]
Compiling architecture lut6_v of entity unisim.LUT6 [\LUT6(init="00000000101010100000...]
Compiling architecture lut6_v of entity unisim.LUT6 [\LUT6(init="00000000101010100000...]
Compiling architecture lut6_v of entity unisim.LUT6 [\LUT6(init="00000000101010100000...]
Compiling architecture lut6_2_v of entity unisim.LUT6_2 [\LUT6_2(init="000000000001010100...]
Compiling architecture lut6_2_v of entity unisim.LUT6_2 [\LUT6_2(init="000000000010101000...]
Compiling architecture lut6_v of entity unisim.LUT6 [\LUT6(init="10111111101111001000...]
Compiling architecture ram64m_v of entity unisim.RAM64M [ram64m_default]
Compiling architecture lut6_2_v of entity unisim.LUT6_2 [\LUT6_2(init="011010010110100101...]
Compiling architecture lut6_v of entity unisim.LUT6 [\LUT6(init="11111111000000001111...]
Compiling architecture lut6_2_v of entity unisim.LUT6_2 [\LUT6_2(init="111111111111111111...]
Compiling architecture fdre_v of entity unisim.FDRE [fdre_default]
Compiling architecture fd_v of entity unisim.FD [fd_default]
Compiling architecture lut6_2_v of entity unisim.LUT6_2 [\LUT6_2(init="000000001000001100...]
Compiling architecture lut6_2_v of entity unisim.LUT6_2 [\LUT6_2(init="000000000001000000...]
Compiling architecture lut6_v of entity unisim.LUT6 [\LUT6(init="00000000000000000000...]
Compiling architecture lut6_2_v of entity unisim.LUT6_2 [\LUT6_2(init="110011000011001111...]
Compiling architecture lut6_v of entity unisim.LUT6 [\LUT6(init="01011010001111001111...]
Compiling architecture lut6_2_v of entity unisim.LUT6_2 [\LUT6_2(init="011101110111011100...]
Compiling architecture lut6_2_v of entity unisim.LUT6_2 [\LUT6_2(init="000000000000000011...]
Compiling architecture lut6_v of entity unisim.LUT6 [\LUT6(init="11111111111111111111...]
Compiling architecture lut6_2_v of entity unisim.LUT6_2 [\LUT6_2(init="111111111111111100...]
Compiling architecture lut6_2_v of entity unisim.LUT6_2 [\LUT6_2(init="000000111100101000...]
Compiling architecture lut6_2_v of entity unisim.LUT6_2 [\LUT6_2(init="011101110000100000...]
Compiling architecture lut6_2_v of entity unisim.LUT6_2 [\LUT6_2(init="110100000000000000...]
Compiling architecture lut6_2_v of entity unisim.LUT6_2 [\LUT6_2(init="000000000000000100...]
Compiling architecture lut6_2_v of entity unisim.LUT6_2 [\LUT6_2(init="110000001100110000...]
Compiling architecture fdr_v of entity unisim.FDR [fdr_default]
Compiling architecture lut6_2_v of entity unisim.LUT6_2 [\LUT6_2(init="100000000000000000...]
Compiling architecture lut6_2_v of entity unisim.LUT6_2 [\LUT6_2(init="010000000000000000...]
Compiling architecture lut6_v of entity unisim.LUT6 [\LUT6(init="00000000100000000000...]
Compiling architecture lut6_v of entity unisim.LUT6 [\LUT6(init="10101100101011001111...]
Compiling architecture xorcy_v of entity unisim.XORCY [xorcy_default]
Compiling architecture lut6_2_v of entity unisim.LUT6_2 [\LUT6_2(init="000000000000000000...]
Compiling architecture muxcy_v of entity unisim.MUXCY [muxcy_default]
Compiling architecture lut6_v of entity unisim.LUT6 [\LUT6(init="01101001100101101001...]
Compiling architecture lut6_v of entity unisim.LUT6 [\LUT6(init="11111111111111111010...]
Compiling architecture lut6_2_v of entity unisim.LUT6_2 [\LUT6_2(init="001100110011001110...]
Compiling architecture lut6_2_v of entity unisim.LUT6_2 [\LUT6_2(init="101000101000000000...]
Compiling architecture lut6_2_v of entity unisim.LUT6_2 [\LUT6_2(init="000000000000000000...]
Compiling architecture lut6_2_v of entity unisim.LUT6_2 [\LUT6_2(init="000000000000000000...]
Compiling architecture lut6_v of entity unisim.LUT6 [\LUT6(init="11111011111111110000...]
Compiling architecture ram32m_v of entity unisim.RAM32M [ram32m_default]
Compiling architecture low_level_definition of entity xil_defaultlib.kcpsm6 [kcpsm6_default]
Compiling architecture rb18_internal_vhdl_v of entity unisim.RB18_INTERNAL_VHDL [\RB18_INTERNAL_VHDL(bram_size=18...]
Compiling architecture ramb18e1_v of entity unisim.RAMB18E1 [\RAMB18E1(initp_00="110010000010...]
Compiling architecture low_level_definition of entity xil_defaultlib.lab_6_short [lab_6_short_default]
Compiling architecture behavioral_reg_input of entity xil_defaultlib.reg [reg_default]
Compiling architecture behavioral_reg_input of entity xil_defaultlib.reg [\reg(n=4)\]
Compiling architecture behavioral_reg_output of entity xil_defaultlib.reg [\reg(n=8)\]
Compiling architecture behavioral of entity xil_defaultlib.main [main_default]
Compiling architecture behavioral of entity xil_defaultlib.calc_tb
Built simulation snapshot calc_tb_behav
run_program: Time (s): cpu = 00:00:00 ; elapsed = 00:00:06 . Memory (MB): peak = 879.832 ; gain = 0.000
INFO: [USF-XSim-69] 'elaborate' step finished in '6' seconds
launch_simulation: Time (s): cpu = 00:00:00 ; elapsed = 00:00:06 . Memory (MB): peak = 879.832 ; gain = 0.000
Vivado Simulator 2019.1
Time resolution is 1 ps
relaunch_sim: Time (s): cpu = 00:00:01 ; elapsed = 00:00:10 . Memory (MB): peak = 879.832 ; gain = 0.000
run all
run: Time (s): cpu = 00:02:24 ; elapsed = 00:25:33 . Memory (MB): peak = 879.832 ; gain = 0.000
close_sim
INFO: [Simtcl 6-16] Simulation closed
launch_simulation
INFO: [Vivado 12-5682] Launching behavioral simulation in 'C:/Users/galap/lab_6_calculator/lab_6_calculator.sim/sim_1/behav/xsim'
INFO: [SIM-utils-51] Simulation object is 'sim_1'
INFO: [SIM-utils-54] Inspecting design source files for 'calc_tb' in fileset 'sim_1'...
INFO: [USF-XSim-97] Finding global include files...
INFO: [USF-XSim-98] Fetching design files from 'sim_1'...
INFO: [USF-XSim-2] XSim::Compile design
INFO: [USF-XSim-61] Executing 'COMPILE and ANALYZE' step in 'C:/Users/galap/lab_6_calculator/lab_6_calculator.sim/sim_1/behav/xsim'
"xvhdl --incr --relax -prj calc_tb_vhdl.prj"
INFO: [VRFC 10-163] Analyzing VHDL file "C:/Users/galap/lab_6_calculator/lab_6_calculator.srcs/sources_1/new/lab_6_short.vhd" into library xil_defaultlib
INFO: [VRFC 10-3107] analyzing entity 'lab_6_short'
INFO: [USF-XSim-69] 'compile' step finished in '1' seconds
INFO: [USF-XSim-3] XSim::Elaborate design
INFO: [USF-XSim-61] Executing 'ELABORATE' step in 'C:/Users/galap/lab_6_calculator/lab_6_calculator.sim/sim_1/behav/xsim'
"xelab -wto 0773d455e1104d959c284434f61f71f8 --incr --debug typical --relax --mt 2 -L xil_defaultlib -L secureip --snapshot calc_tb_behav xil_defaultlib.calc_tb -log elaborate.log"
Vivado Simulator 2019.1
Copyright 1986-1999, 2001-2019 Xilinx, Inc. All Rights Reserved.
Running: C:/Xilinx/Vivado/2019.1/bin/unwrapped/win64.o/xelab.exe -wto 0773d455e1104d959c284434f61f71f8 --incr --debug typical --relax --mt 2 -L xil_defaultlib -L secureip --snapshot calc_tb_behav xil_defaultlib.calc_tb -log elaborate.log 
Using 2 slave threads.
Starting static elaboration
Completed static elaboration
Starting simulation data flow analysis
Completed simulation data flow analysis
Time Resolution for simulation is 1ps
Compiling package std.standard
Compiling package std.textio
Compiling package ieee.std_logic_1164
Compiling package ieee.numeric_std
Compiling package ieee.std_logic_arith
Compiling package ieee.std_logic_unsigned
Compiling package unisim.vcomponents
Compiling package ieee.vital_timing
Compiling package ieee.vital_primitives
Compiling package unisim.vpkg
Compiling package ieee.std_logic_signed
Compiling package ieee.std_logic_textio
Compiling architecture lut6_2_v of entity unisim.LUT6_2 [\LUT6_2(init="111111110000000011...]
Compiling architecture lut6_v of entity unisim.LUT6 [\LUT6(init="00000000101010100000...]
Compiling architecture lut6_v of entity unisim.LUT6 [\LUT6(init="00000000101010100000...]
Compiling architecture lut6_v of entity unisim.LUT6 [\LUT6(init="00000000101010100000...]
Compiling architecture lut6_2_v of entity unisim.LUT6_2 [\LUT6_2(init="000000000001010100...]
Compiling architecture lut6_2_v of entity unisim.LUT6_2 [\LUT6_2(init="000000000010101000...]
Compiling architecture lut6_v of entity unisim.LUT6 [\LUT6(init="10111111101111001000...]
Compiling architecture ram64m_v of entity unisim.RAM64M [ram64m_default]
Compiling architecture lut6_2_v of entity unisim.LUT6_2 [\LUT6_2(init="011010010110100101...]
Compiling architecture lut6_v of entity unisim.LUT6 [\LUT6(init="11111111000000001111...]
Compiling architecture lut6_2_v of entity unisim.LUT6_2 [\LUT6_2(init="111111111111111111...]
Compiling architecture fdre_v of entity unisim.FDRE [fdre_default]
Compiling architecture fd_v of entity unisim.FD [fd_default]
Compiling architecture lut6_2_v of entity unisim.LUT6_2 [\LUT6_2(init="000000001000001100...]
Compiling architecture lut6_2_v of entity unisim.LUT6_2 [\LUT6_2(init="000000000001000000...]
Compiling architecture lut6_v of entity unisim.LUT6 [\LUT6(init="00000000000000000000...]
Compiling architecture lut6_2_v of entity unisim.LUT6_2 [\LUT6_2(init="110011000011001111...]
Compiling architecture lut6_v of entity unisim.LUT6 [\LUT6(init="01011010001111001111...]
Compiling architecture lut6_2_v of entity unisim.LUT6_2 [\LUT6_2(init="011101110111011100...]
Compiling architecture lut6_2_v of entity unisim.LUT6_2 [\LUT6_2(init="000000000000000011...]
Compiling architecture lut6_v of entity unisim.LUT6 [\LUT6(init="11111111111111111111...]
Compiling architecture lut6_2_v of entity unisim.LUT6_2 [\LUT6_2(init="111111111111111100...]
Compiling architecture lut6_2_v of entity unisim.LUT6_2 [\LUT6_2(init="000000111100101000...]
Compiling architecture lut6_2_v of entity unisim.LUT6_2 [\LUT6_2(init="011101110000100000...]
Compiling architecture lut6_2_v of entity unisim.LUT6_2 [\LUT6_2(init="110100000000000000...]
Compiling architecture lut6_2_v of entity unisim.LUT6_2 [\LUT6_2(init="000000000000000100...]
Compiling architecture lut6_2_v of entity unisim.LUT6_2 [\LUT6_2(init="110000001100110000...]
Compiling architecture fdr_v of entity unisim.FDR [fdr_default]
Compiling architecture lut6_2_v of entity unisim.LUT6_2 [\LUT6_2(init="100000000000000000...]
Compiling architecture lut6_2_v of entity unisim.LUT6_2 [\LUT6_2(init="010000000000000000...]
Compiling architecture lut6_v of entity unisim.LUT6 [\LUT6(init="00000000100000000000...]
Compiling architecture lut6_v of entity unisim.LUT6 [\LUT6(init="10101100101011001111...]
Compiling architecture xorcy_v of entity unisim.XORCY [xorcy_default]
Compiling architecture lut6_2_v of entity unisim.LUT6_2 [\LUT6_2(init="000000000000000000...]
Compiling architecture muxcy_v of entity unisim.MUXCY [muxcy_default]
Compiling architecture lut6_v of entity unisim.LUT6 [\LUT6(init="01101001100101101001...]
Compiling architecture lut6_v of entity unisim.LUT6 [\LUT6(init="11111111111111111010...]
Compiling architecture lut6_2_v of entity unisim.LUT6_2 [\LUT6_2(init="001100110011001110...]
Compiling architecture lut6_2_v of entity unisim.LUT6_2 [\LUT6_2(init="101000101000000000...]
Compiling architecture lut6_2_v of entity unisim.LUT6_2 [\LUT6_2(init="000000000000000000...]
Compiling architecture lut6_2_v of entity unisim.LUT6_2 [\LUT6_2(init="000000000000000000...]
Compiling architecture lut6_v of entity unisim.LUT6 [\LUT6(init="11111011111111110000...]
Compiling architecture ram32m_v of entity unisim.RAM32M [ram32m_default]
Compiling architecture low_level_definition of entity xil_defaultlib.kcpsm6 [kcpsm6_default]
Compiling architecture rb18_internal_vhdl_v of entity unisim.RB18_INTERNAL_VHDL [\RB18_INTERNAL_VHDL(bram_size=18...]
Compiling architecture ramb18e1_v of entity unisim.RAMB18E1 [\RAMB18E1(initp_00="110010000010...]
Compiling architecture low_level_definition of entity xil_defaultlib.lab_6_short [lab_6_short_default]
Compiling architecture behavioral_reg_input of entity xil_defaultlib.reg [reg_default]
Compiling architecture behavioral_reg_input of entity xil_defaultlib.reg [\reg(n=4)\]
Compiling architecture behavioral_reg_output of entity xil_defaultlib.reg [\reg(n=8)\]
Compiling architecture behavioral of entity xil_defaultlib.main [main_default]
Compiling architecture behavioral of entity xil_defaultlib.calc_tb
Built simulation snapshot calc_tb_behav
run_program: Time (s): cpu = 00:00:00 ; elapsed = 00:00:06 . Memory (MB): peak = 879.832 ; gain = 0.000
INFO: [USF-XSim-69] 'elaborate' step finished in '6' seconds
INFO: [USF-XSim-4] XSim::Simulate design
INFO: [USF-XSim-61] Executing 'SIMULATE' step in 'C:/Users/galap/lab_6_calculator/lab_6_calculator.sim/sim_1/behav/xsim'
INFO: [USF-XSim-98] *** Running xsim
   with args "calc_tb_behav -key {Behavioral:sim_1:Functional:calc_tb} -tclbatch {calc_tb.tcl} -log {simulate.log}"
INFO: [USF-XSim-8] Loading simulator feature
Vivado Simulator 2019.1
Time resolution is 1 ps
source calc_tb.tcl
# set curr_wave [current_wave_config]
# if { [string length $curr_wave] == 0 } {
#   if { [llength [get_objects]] > 0} {
#     add_wave /
#     set_property needs_save false [current_wave_config]
#   } else {
#      send_msg_id Add_Wave-1 WARNING "No top level signals found. Simulator will start without a wave window. If you want to open a wave window go to 'File->New Waveform Configuration' or type 'create_wave_config' in the TCL console."
#   }
# }
# run 1000ns
INFO: [USF-XSim-96] XSim completed. Design snapshot 'calc_tb_behav' loaded.
INFO: [USF-XSim-97] XSim simulation ran for 1000ns
launch_simulation: Time (s): cpu = 00:00:02 ; elapsed = 00:00:09 . Memory (MB): peak = 879.832 ; gain = 0.000
relaunch_sim
INFO: [Vivado 12-5682] Launching behavioral simulation in 'C:/Users/galap/lab_6_calculator/lab_6_calculator.sim/sim_1/behav/xsim'
INFO: [SIM-utils-51] Simulation object is 'sim_1'
INFO: [SIM-utils-54] Inspecting design source files for 'calc_tb' in fileset 'sim_1'...
INFO: [USF-XSim-97] Finding global include files...
INFO: [USF-XSim-98] Fetching design files from 'sim_1'...
INFO: [USF-XSim-2] XSim::Compile design
INFO: [USF-XSim-61] Executing 'COMPILE and ANALYZE' step in 'C:/Users/galap/lab_6_calculator/lab_6_calculator.sim/sim_1/behav/xsim'
"xvhdl --incr --relax -prj calc_tb_vhdl.prj"
INFO: [VRFC 10-163] Analyzing VHDL file "C:/Users/galap/lab_6_calculator/lab_6_calculator.srcs/sources_1/new/main.vhd" into library xil_defaultlib
INFO: [VRFC 10-3107] analyzing entity 'main'
INFO: [USF-XSim-69] 'compile' step finished in '1' seconds
INFO: [Vivado 12-5682] Launching behavioral simulation in 'C:/Users/galap/lab_6_calculator/lab_6_calculator.sim/sim_1/behav/xsim'
INFO: [USF-XSim-3] XSim::Elaborate design
INFO: [USF-XSim-61] Executing 'ELABORATE' step in 'C:/Users/galap/lab_6_calculator/lab_6_calculator.sim/sim_1/behav/xsim'
"xelab -wto 0773d455e1104d959c284434f61f71f8 --incr --debug typical --relax --mt 2 -L xil_defaultlib -L secureip --snapshot calc_tb_behav xil_defaultlib.calc_tb -log elaborate.log"
Vivado Simulator 2019.1
Copyright 1986-1999, 2001-2019 Xilinx, Inc. All Rights Reserved.
Running: C:/Xilinx/Vivado/2019.1/bin/unwrapped/win64.o/xelab.exe -wto 0773d455e1104d959c284434f61f71f8 --incr --debug typical --relax --mt 2 -L xil_defaultlib -L secureip --snapshot calc_tb_behav xil_defaultlib.calc_tb -log elaborate.log 
Using 2 slave threads.
Starting static elaboration
Completed static elaboration
Starting simulation data flow analysis
Completed simulation data flow analysis
Time Resolution for simulation is 1ps
Compiling package std.standard
Compiling package std.textio
Compiling package ieee.std_logic_1164
Compiling package ieee.numeric_std
Compiling package ieee.std_logic_arith
Compiling package ieee.std_logic_unsigned
Compiling package unisim.vcomponents
Compiling package ieee.vital_timing
Compiling package ieee.vital_primitives
Compiling package unisim.vpkg
Compiling package ieee.std_logic_signed
Compiling package ieee.std_logic_textio
Compiling architecture lut6_2_v of entity unisim.LUT6_2 [\LUT6_2(init="111111110000000011...]
Compiling architecture lut6_v of entity unisim.LUT6 [\LUT6(init="00000000101010100000...]
Compiling architecture lut6_v of entity unisim.LUT6 [\LUT6(init="00000000101010100000...]
Compiling architecture lut6_v of entity unisim.LUT6 [\LUT6(init="00000000101010100000...]
Compiling architecture lut6_2_v of entity unisim.LUT6_2 [\LUT6_2(init="000000000001010100...]
Compiling architecture lut6_2_v of entity unisim.LUT6_2 [\LUT6_2(init="000000000010101000...]
Compiling architecture lut6_v of entity unisim.LUT6 [\LUT6(init="10111111101111001000...]
Compiling architecture ram64m_v of entity unisim.RAM64M [ram64m_default]
Compiling architecture lut6_2_v of entity unisim.LUT6_2 [\LUT6_2(init="011010010110100101...]
Compiling architecture lut6_v of entity unisim.LUT6 [\LUT6(init="11111111000000001111...]
Compiling architecture lut6_2_v of entity unisim.LUT6_2 [\LUT6_2(init="111111111111111111...]
Compiling architecture fdre_v of entity unisim.FDRE [fdre_default]
Compiling architecture fd_v of entity unisim.FD [fd_default]
Compiling architecture lut6_2_v of entity unisim.LUT6_2 [\LUT6_2(init="000000001000001100...]
Compiling architecture lut6_2_v of entity unisim.LUT6_2 [\LUT6_2(init="000000000001000000...]
Compiling architecture lut6_v of entity unisim.LUT6 [\LUT6(init="00000000000000000000...]
Compiling architecture lut6_2_v of entity unisim.LUT6_2 [\LUT6_2(init="110011000011001111...]
Compiling architecture lut6_v of entity unisim.LUT6 [\LUT6(init="01011010001111001111...]
Compiling architecture lut6_2_v of entity unisim.LUT6_2 [\LUT6_2(init="011101110111011100...]
Compiling architecture lut6_2_v of entity unisim.LUT6_2 [\LUT6_2(init="000000000000000011...]
Compiling architecture lut6_v of entity unisim.LUT6 [\LUT6(init="11111111111111111111...]
Compiling architecture lut6_2_v of entity unisim.LUT6_2 [\LUT6_2(init="111111111111111100...]
Compiling architecture lut6_2_v of entity unisim.LUT6_2 [\LUT6_2(init="000000111100101000...]
Compiling architecture lut6_2_v of entity unisim.LUT6_2 [\LUT6_2(init="011101110000100000...]
Compiling architecture lut6_2_v of entity unisim.LUT6_2 [\LUT6_2(init="110100000000000000...]
Compiling architecture lut6_2_v of entity unisim.LUT6_2 [\LUT6_2(init="000000000000000100...]
Compiling architecture lut6_2_v of entity unisim.LUT6_2 [\LUT6_2(init="110000001100110000...]
Compiling architecture fdr_v of entity unisim.FDR [fdr_default]
Compiling architecture lut6_2_v of entity unisim.LUT6_2 [\LUT6_2(init="100000000000000000...]
Compiling architecture lut6_2_v of entity unisim.LUT6_2 [\LUT6_2(init="010000000000000000...]
Compiling architecture lut6_v of entity unisim.LUT6 [\LUT6(init="00000000100000000000...]
Compiling architecture lut6_v of entity unisim.LUT6 [\LUT6(init="10101100101011001111...]
Compiling architecture xorcy_v of entity unisim.XORCY [xorcy_default]
Compiling architecture lut6_2_v of entity unisim.LUT6_2 [\LUT6_2(init="000000000000000000...]
Compiling architecture muxcy_v of entity unisim.MUXCY [muxcy_default]
Compiling architecture lut6_v of entity unisim.LUT6 [\LUT6(init="01101001100101101001...]
Compiling architecture lut6_v of entity unisim.LUT6 [\LUT6(init="11111111111111111010...]
Compiling architecture lut6_2_v of entity unisim.LUT6_2 [\LUT6_2(init="001100110011001110...]
Compiling architecture lut6_2_v of entity unisim.LUT6_2 [\LUT6_2(init="101000101000000000...]
Compiling architecture lut6_2_v of entity unisim.LUT6_2 [\LUT6_2(init="000000000000000000...]
Compiling architecture lut6_2_v of entity unisim.LUT6_2 [\LUT6_2(init="000000000000000000...]
Compiling architecture lut6_v of entity unisim.LUT6 [\LUT6(init="11111011111111110000...]
Compiling architecture ram32m_v of entity unisim.RAM32M [ram32m_default]
Compiling architecture low_level_definition of entity xil_defaultlib.kcpsm6 [kcpsm6_default]
Compiling architecture rb18_internal_vhdl_v of entity unisim.RB18_INTERNAL_VHDL [\RB18_INTERNAL_VHDL(bram_size=18...]
Compiling architecture ramb18e1_v of entity unisim.RAMB18E1 [\RAMB18E1(initp_00="110010000010...]
Compiling architecture low_level_definition of entity xil_defaultlib.lab_6_short [lab_6_short_default]
Compiling architecture behavioral_reg_input of entity xil_defaultlib.reg [reg_default]
Compiling architecture behavioral_reg_input of entity xil_defaultlib.reg [\reg(n=4)\]
Compiling architecture behavioral_reg_output of entity xil_defaultlib.reg [\reg(n=8)\]
Compiling architecture behavioral of entity xil_defaultlib.main [main_default]
Compiling architecture behavioral of entity xil_defaultlib.calc_tb
Built simulation snapshot calc_tb_behav
run_program: Time (s): cpu = 00:00:00 ; elapsed = 00:00:06 . Memory (MB): peak = 879.832 ; gain = 0.000
INFO: [USF-XSim-69] 'elaborate' step finished in '5' seconds
launch_simulation: Time (s): cpu = 00:00:00 ; elapsed = 00:00:06 . Memory (MB): peak = 879.832 ; gain = 0.000
Vivado Simulator 2019.1
Time resolution is 1 ps
relaunch_sim: Time (s): cpu = 00:00:01 ; elapsed = 00:00:10 . Memory (MB): peak = 879.832 ; gain = 0.000
restart
INFO: [Simtcl 6-17] Simulation restarted
run 10 us
restart
INFO: [Simtcl 6-17] Simulation restarted
run 10 us
restart
INFO: [Simtcl 6-17] Simulation restarted
run 10 us
relaunch_sim
suspend_sim: Time (s): cpu = 00:00:00 ; elapsed = 00:00:09 . Memory (MB): peak = 890.383 ; gain = 0.000
INFO: [Vivado 12-5682] Launching behavioral simulation in 'C:/Users/galap/lab_6_calculator/lab_6_calculator.sim/sim_1/behav/xsim'
INFO: [SIM-utils-51] Simulation object is 'sim_1'
INFO: [SIM-utils-54] Inspecting design source files for 'calc_tb' in fileset 'sim_1'...
INFO: [USF-XSim-97] Finding global include files...
INFO: [USF-XSim-98] Fetching design files from 'sim_1'...
INFO: [USF-XSim-2] XSim::Compile design
INFO: [USF-XSim-61] Executing 'COMPILE and ANALYZE' step in 'C:/Users/galap/lab_6_calculator/lab_6_calculator.sim/sim_1/behav/xsim'
"xvhdl --incr --relax -prj calc_tb_vhdl.prj"
INFO: [VRFC 10-163] Analyzing VHDL file "C:/Users/galap/lab_6_calculator/lab_6_calculator.srcs/sources_1/new/reg.vhd" into library xil_defaultlib
INFO: [VRFC 10-3107] analyzing entity 'reg'
INFO: [VRFC 10-163] Analyzing VHDL file "C:/Users/galap/lab_6_calculator/lab_6_calculator.srcs/sources_1/new/main.vhd" into library xil_defaultlib
INFO: [VRFC 10-3107] analyzing entity 'main'
INFO: [USF-XSim-69] 'compile' step finished in '2' seconds
INFO: [Vivado 12-5682] Launching behavioral simulation in 'C:/Users/galap/lab_6_calculator/lab_6_calculator.sim/sim_1/behav/xsim'
INFO: [USF-XSim-3] XSim::Elaborate design
INFO: [USF-XSim-61] Executing 'ELABORATE' step in 'C:/Users/galap/lab_6_calculator/lab_6_calculator.sim/sim_1/behav/xsim'
"xelab -wto 0773d455e1104d959c284434f61f71f8 --incr --debug typical --relax --mt 2 -L xil_defaultlib -L secureip --snapshot calc_tb_behav xil_defaultlib.calc_tb -log elaborate.log"
Vivado Simulator 2019.1
Copyright 1986-1999, 2001-2019 Xilinx, Inc. All Rights Reserved.
Running: C:/Xilinx/Vivado/2019.1/bin/unwrapped/win64.o/xelab.exe -wto 0773d455e1104d959c284434f61f71f8 --incr --debug typical --relax --mt 2 -L xil_defaultlib -L secureip --snapshot calc_tb_behav xil_defaultlib.calc_tb -log elaborate.log 
Using 2 slave threads.
Starting static elaboration
Completed static elaboration
Starting simulation data flow analysis
Completed simulation data flow analysis
Time Resolution for simulation is 1ps
Compiling package std.standard
Compiling package std.textio
Compiling package ieee.std_logic_1164
Compiling package ieee.numeric_std
Compiling package ieee.std_logic_arith
Compiling package ieee.std_logic_unsigned
Compiling package unisim.vcomponents
Compiling package ieee.vital_timing
Compiling package ieee.vital_primitives
Compiling package unisim.vpkg
Compiling package ieee.std_logic_signed
Compiling package ieee.std_logic_textio
Compiling architecture lut6_2_v of entity unisim.LUT6_2 [\LUT6_2(init="111111110000000011...]
Compiling architecture lut6_v of entity unisim.LUT6 [\LUT6(init="00000000101010100000...]
Compiling architecture lut6_v of entity unisim.LUT6 [\LUT6(init="00000000101010100000...]
Compiling architecture lut6_v of entity unisim.LUT6 [\LUT6(init="00000000101010100000...]
Compiling architecture lut6_2_v of entity unisim.LUT6_2 [\LUT6_2(init="000000000001010100...]
Compiling architecture lut6_2_v of entity unisim.LUT6_2 [\LUT6_2(init="000000000010101000...]
Compiling architecture lut6_v of entity unisim.LUT6 [\LUT6(init="10111111101111001000...]
Compiling architecture ram64m_v of entity unisim.RAM64M [ram64m_default]
Compiling architecture lut6_2_v of entity unisim.LUT6_2 [\LUT6_2(init="011010010110100101...]
Compiling architecture lut6_v of entity unisim.LUT6 [\LUT6(init="11111111000000001111...]
Compiling architecture lut6_2_v of entity unisim.LUT6_2 [\LUT6_2(init="111111111111111111...]
Compiling architecture fdre_v of entity unisim.FDRE [fdre_default]
Compiling architecture fd_v of entity unisim.FD [fd_default]
Compiling architecture lut6_2_v of entity unisim.LUT6_2 [\LUT6_2(init="000000001000001100...]
Compiling architecture lut6_2_v of entity unisim.LUT6_2 [\LUT6_2(init="000000000001000000...]
Compiling architecture lut6_v of entity unisim.LUT6 [\LUT6(init="00000000000000000000...]
Compiling architecture lut6_2_v of entity unisim.LUT6_2 [\LUT6_2(init="110011000011001111...]
Compiling architecture lut6_v of entity unisim.LUT6 [\LUT6(init="01011010001111001111...]
Compiling architecture lut6_2_v of entity unisim.LUT6_2 [\LUT6_2(init="011101110111011100...]
Compiling architecture lut6_2_v of entity unisim.LUT6_2 [\LUT6_2(init="000000000000000011...]
Compiling architecture lut6_v of entity unisim.LUT6 [\LUT6(init="11111111111111111111...]
Compiling architecture lut6_2_v of entity unisim.LUT6_2 [\LUT6_2(init="111111111111111100...]
Compiling architecture lut6_2_v of entity unisim.LUT6_2 [\LUT6_2(init="000000111100101000...]
Compiling architecture lut6_2_v of entity unisim.LUT6_2 [\LUT6_2(init="011101110000100000...]
Compiling architecture lut6_2_v of entity unisim.LUT6_2 [\LUT6_2(init="110100000000000000...]
Compiling architecture lut6_2_v of entity unisim.LUT6_2 [\LUT6_2(init="000000000000000100...]
Compiling architecture lut6_2_v of entity unisim.LUT6_2 [\LUT6_2(init="110000001100110000...]
Compiling architecture fdr_v of entity unisim.FDR [fdr_default]
Compiling architecture lut6_2_v of entity unisim.LUT6_2 [\LUT6_2(init="100000000000000000...]
Compiling architecture lut6_2_v of entity unisim.LUT6_2 [\LUT6_2(init="010000000000000000...]
Compiling architecture lut6_v of entity unisim.LUT6 [\LUT6(init="00000000100000000000...]
Compiling architecture lut6_v of entity unisim.LUT6 [\LUT6(init="10101100101011001111...]
Compiling architecture xorcy_v of entity unisim.XORCY [xorcy_default]
Compiling architecture lut6_2_v of entity unisim.LUT6_2 [\LUT6_2(init="000000000000000000...]
Compiling architecture muxcy_v of entity unisim.MUXCY [muxcy_default]
Compiling architecture lut6_v of entity unisim.LUT6 [\LUT6(init="01101001100101101001...]
Compiling architecture lut6_v of entity unisim.LUT6 [\LUT6(init="11111111111111111010...]
Compiling architecture lut6_2_v of entity unisim.LUT6_2 [\LUT6_2(init="001100110011001110...]
Compiling architecture lut6_2_v of entity unisim.LUT6_2 [\LUT6_2(init="101000101000000000...]
Compiling architecture lut6_2_v of entity unisim.LUT6_2 [\LUT6_2(init="000000000000000000...]
Compiling architecture lut6_2_v of entity unisim.LUT6_2 [\LUT6_2(init="000000000000000000...]
Compiling architecture lut6_v of entity unisim.LUT6 [\LUT6(init="11111011111111110000...]
Compiling architecture ram32m_v of entity unisim.RAM32M [ram32m_default]
Compiling architecture low_level_definition of entity xil_defaultlib.kcpsm6 [kcpsm6_default]
Compiling architecture rb18_internal_vhdl_v of entity unisim.RB18_INTERNAL_VHDL [\RB18_INTERNAL_VHDL(bram_size=18...]
Compiling architecture ramb18e1_v of entity unisim.RAMB18E1 [\RAMB18E1(initp_00="110010000010...]
Compiling architecture low_level_definition of entity xil_defaultlib.lab_6_short [lab_6_short_default]
Compiling architecture behavioral_reg_input of entity xil_defaultlib.reg [reg_default]
Compiling architecture behavioral_reg_input of entity xil_defaultlib.reg [\reg(n=4)\]
Compiling architecture behavioral_reg_output of entity xil_defaultlib.reg [\reg(n=8)\]
Compiling architecture behavioral of entity xil_defaultlib.main [main_default]
Compiling architecture behavioral of entity xil_defaultlib.calc_tb
Built simulation snapshot calc_tb_behav

****** Webtalk v2019.1 (64-bit)
  **** SW Build 2552052 on Fri May 24 14:49:42 MDT 2019
  **** IP Build 2548770 on Fri May 24 18:01:18 MDT 2019
    ** Copyright 1986-2019 Xilinx, Inc. All Rights Reserved.

source C:/Users/galap/lab_6_calculator/lab_6_calculator.sim/sim_1/behav/xsim/xsim.dir/calc_tb_behav/webtalk/xsim_webtalk.tcl -notrace
INFO: [Common 17-186] 'C:/Users/galap/lab_6_calculator/lab_6_calculator.sim/sim_1/behav/xsim/xsim.dir/calc_tb_behav/webtalk/usage_statistics_ext_xsim.xml' has been successfully sent to Xilinx on Mon Jun 12 20:04:15 2023. For additional details about this file, please refer to the WebTalk help file at C:/Xilinx/Vivado/2019.1/doc/webtalk_introduction.html.
INFO: [Common 17-206] Exiting Webtalk at Mon Jun 12 20:04:15 2023...
run_program: Time (s): cpu = 00:00:01 ; elapsed = 00:00:17 . Memory (MB): peak = 890.383 ; gain = 0.000
INFO: [USF-XSim-69] 'elaborate' step finished in '18' seconds
launch_simulation: Time (s): cpu = 00:00:01 ; elapsed = 00:00:17 . Memory (MB): peak = 890.383 ; gain = 0.000
Vivado Simulator 2019.1
Time resolution is 1 ps
relaunch_sim: Time (s): cpu = 00:00:03 ; elapsed = 00:00:31 . Memory (MB): peak = 890.383 ; gain = 0.000
restart
INFO: [Simtcl 6-17] Simulation restarted
run 50 us
run: Time (s): cpu = 00:00:02 ; elapsed = 00:00:06 . Memory (MB): peak = 890.383 ; gain = 0.000
relaunch_sim
INFO: [Vivado 12-5682] Launching behavioral simulation in 'C:/Users/galap/lab_6_calculator/lab_6_calculator.sim/sim_1/behav/xsim'
INFO: [SIM-utils-51] Simulation object is 'sim_1'
INFO: [SIM-utils-54] Inspecting design source files for 'calc_tb' in fileset 'sim_1'...
INFO: [USF-XSim-97] Finding global include files...
INFO: [USF-XSim-98] Fetching design files from 'sim_1'...
INFO: [USF-XSim-2] XSim::Compile design
INFO: [USF-XSim-61] Executing 'COMPILE and ANALYZE' step in 'C:/Users/galap/lab_6_calculator/lab_6_calculator.sim/sim_1/behav/xsim'
"xvhdl --incr --relax -prj calc_tb_vhdl.prj"
INFO: [VRFC 10-163] Analyzing VHDL file "C:/Users/galap/lab_6_calculator/lab_6_calculator.srcs/sim_1/new/calc_tb.vhd" into library xil_defaultlib
INFO: [VRFC 10-3107] analyzing entity 'calc_tb'
INFO: [USF-XSim-69] 'compile' step finished in '2' seconds
INFO: [Vivado 12-5682] Launching behavioral simulation in 'C:/Users/galap/lab_6_calculator/lab_6_calculator.sim/sim_1/behav/xsim'
INFO: [USF-XSim-3] XSim::Elaborate design
INFO: [USF-XSim-61] Executing 'ELABORATE' step in 'C:/Users/galap/lab_6_calculator/lab_6_calculator.sim/sim_1/behav/xsim'
"xelab -wto 0773d455e1104d959c284434f61f71f8 --incr --debug typical --relax --mt 2 -L xil_defaultlib -L secureip --snapshot calc_tb_behav xil_defaultlib.calc_tb -log elaborate.log"
Vivado Simulator 2019.1
Copyright 1986-1999, 2001-2019 Xilinx, Inc. All Rights Reserved.
Running: C:/Xilinx/Vivado/2019.1/bin/unwrapped/win64.o/xelab.exe -wto 0773d455e1104d959c284434f61f71f8 --incr --debug typical --relax --mt 2 -L xil_defaultlib -L secureip --snapshot calc_tb_behav xil_defaultlib.calc_tb -log elaborate.log 
Using 2 slave threads.
Starting static elaboration
Completed static elaboration
Starting simulation data flow analysis
Completed simulation data flow analysis
Time Resolution for simulation is 1ps
Compiling package std.standard
Compiling package std.textio
Compiling package ieee.std_logic_1164
Compiling package ieee.numeric_std
Compiling package ieee.std_logic_arith
Compiling package ieee.std_logic_unsigned
Compiling package unisim.vcomponents
Compiling package ieee.vital_timing
Compiling package ieee.vital_primitives
Compiling package unisim.vpkg
Compiling package ieee.std_logic_signed
Compiling package ieee.std_logic_textio
Compiling architecture lut6_2_v of entity unisim.LUT6_2 [\LUT6_2(init="111111110000000011...]
Compiling architecture lut6_v of entity unisim.LUT6 [\LUT6(init="00000000101010100000...]
Compiling architecture lut6_v of entity unisim.LUT6 [\LUT6(init="00000000101010100000...]
Compiling architecture lut6_v of entity unisim.LUT6 [\LUT6(init="00000000101010100000...]
Compiling architecture lut6_2_v of entity unisim.LUT6_2 [\LUT6_2(init="000000000001010100...]
Compiling architecture lut6_2_v of entity unisim.LUT6_2 [\LUT6_2(init="000000000010101000...]
Compiling architecture lut6_v of entity unisim.LUT6 [\LUT6(init="10111111101111001000...]
Compiling architecture ram64m_v of entity unisim.RAM64M [ram64m_default]
Compiling architecture lut6_2_v of entity unisim.LUT6_2 [\LUT6_2(init="011010010110100101...]
Compiling architecture lut6_v of entity unisim.LUT6 [\LUT6(init="11111111000000001111...]
Compiling architecture lut6_2_v of entity unisim.LUT6_2 [\LUT6_2(init="111111111111111111...]
Compiling architecture fdre_v of entity unisim.FDRE [fdre_default]
Compiling architecture fd_v of entity unisim.FD [fd_default]
Compiling architecture lut6_2_v of entity unisim.LUT6_2 [\LUT6_2(init="000000001000001100...]
Compiling architecture lut6_2_v of entity unisim.LUT6_2 [\LUT6_2(init="000000000001000000...]
Compiling architecture lut6_v of entity unisim.LUT6 [\LUT6(init="00000000000000000000...]
Compiling architecture lut6_2_v of entity unisim.LUT6_2 [\LUT6_2(init="110011000011001111...]
Compiling architecture lut6_v of entity unisim.LUT6 [\LUT6(init="01011010001111001111...]
Compiling architecture lut6_2_v of entity unisim.LUT6_2 [\LUT6_2(init="011101110111011100...]
Compiling architecture lut6_2_v of entity unisim.LUT6_2 [\LUT6_2(init="000000000000000011...]
Compiling architecture lut6_v of entity unisim.LUT6 [\LUT6(init="11111111111111111111...]
Compiling architecture lut6_2_v of entity unisim.LUT6_2 [\LUT6_2(init="111111111111111100...]
Compiling architecture lut6_2_v of entity unisim.LUT6_2 [\LUT6_2(init="000000111100101000...]
Compiling architecture lut6_2_v of entity unisim.LUT6_2 [\LUT6_2(init="011101110000100000...]
Compiling architecture lut6_2_v of entity unisim.LUT6_2 [\LUT6_2(init="110100000000000000...]
Compiling architecture lut6_2_v of entity unisim.LUT6_2 [\LUT6_2(init="000000000000000100...]
Compiling architecture lut6_2_v of entity unisim.LUT6_2 [\LUT6_2(init="110000001100110000...]
Compiling architecture fdr_v of entity unisim.FDR [fdr_default]
Compiling architecture lut6_2_v of entity unisim.LUT6_2 [\LUT6_2(init="100000000000000000...]
Compiling architecture lut6_2_v of entity unisim.LUT6_2 [\LUT6_2(init="010000000000000000...]
Compiling architecture lut6_v of entity unisim.LUT6 [\LUT6(init="00000000100000000000...]
Compiling architecture lut6_v of entity unisim.LUT6 [\LUT6(init="10101100101011001111...]
Compiling architecture xorcy_v of entity unisim.XORCY [xorcy_default]
Compiling architecture lut6_2_v of entity unisim.LUT6_2 [\LUT6_2(init="000000000000000000...]
Compiling architecture muxcy_v of entity unisim.MUXCY [muxcy_default]
Compiling architecture lut6_v of entity unisim.LUT6 [\LUT6(init="01101001100101101001...]
Compiling architecture lut6_v of entity unisim.LUT6 [\LUT6(init="11111111111111111010...]
Compiling architecture lut6_2_v of entity unisim.LUT6_2 [\LUT6_2(init="001100110011001110...]
Compiling architecture lut6_2_v of entity unisim.LUT6_2 [\LUT6_2(init="101000101000000000...]
Compiling architecture lut6_2_v of entity unisim.LUT6_2 [\LUT6_2(init="000000000000000000...]
Compiling architecture lut6_2_v of entity unisim.LUT6_2 [\LUT6_2(init="000000000000000000...]
Compiling architecture lut6_v of entity unisim.LUT6 [\LUT6(init="11111011111111110000...]
Compiling architecture ram32m_v of entity unisim.RAM32M [ram32m_default]
Compiling architecture low_level_definition of entity xil_defaultlib.kcpsm6 [kcpsm6_default]
Compiling architecture rb18_internal_vhdl_v of entity unisim.RB18_INTERNAL_VHDL [\RB18_INTERNAL_VHDL(bram_size=18...]
Compiling architecture ramb18e1_v of entity unisim.RAMB18E1 [\RAMB18E1(initp_00="110010000010...]
Compiling architecture low_level_definition of entity xil_defaultlib.lab_6_short [lab_6_short_default]
Compiling architecture behavioral_reg_input of entity xil_defaultlib.reg [reg_default]
Compiling architecture behavioral_reg_input of entity xil_defaultlib.reg [\reg(n=4)\]
Compiling architecture behavioral_reg_output of entity xil_defaultlib.reg [\reg(n=8)\]
Compiling architecture behavioral of entity xil_defaultlib.main [main_default]
Compiling architecture behavioral of entity xil_defaultlib.calc_tb
Built simulation snapshot calc_tb_behav
run_program: Time (s): cpu = 00:00:00 ; elapsed = 00:00:12 . Memory (MB): peak = 890.383 ; gain = 0.000
INFO: [USF-XSim-69] 'elaborate' step finished in '12' seconds
launch_simulation: Time (s): cpu = 00:00:01 ; elapsed = 00:00:12 . Memory (MB): peak = 890.383 ; gain = 0.000
Vivado Simulator 2019.1
Time resolution is 1 ps
relaunch_sim: Time (s): cpu = 00:00:03 ; elapsed = 00:00:19 . Memory (MB): peak = 890.383 ; gain = 0.000
close_sim
INFO: [Simtcl 6-16] Simulation closed
launch_simulation
INFO: [Vivado 12-5682] Launching behavioral simulation in 'C:/Users/galap/lab_6_calculator/lab_6_calculator.sim/sim_1/behav/xsim'
INFO: [SIM-utils-51] Simulation object is 'sim_1'
INFO: [SIM-utils-54] Inspecting design source files for 'calc_tb' in fileset 'sim_1'...
INFO: [USF-XSim-97] Finding global include files...
INFO: [USF-XSim-98] Fetching design files from 'sim_1'...
INFO: [USF-XSim-2] XSim::Compile design
INFO: [USF-XSim-61] Executing 'COMPILE and ANALYZE' step in 'C:/Users/galap/lab_6_calculator/lab_6_calculator.sim/sim_1/behav/xsim'
"xvhdl --incr --relax -prj calc_tb_vhdl.prj"
INFO: [VRFC 10-163] Analyzing VHDL file "C:/Users/galap/lab_6_calculator/lab_6_calculator.srcs/sources_1/new/lab_6_short.vhd" into library xil_defaultlib
INFO: [VRFC 10-3107] analyzing entity 'lab_6_short'
INFO: [USF-XSim-69] 'compile' step finished in '3' seconds
INFO: [USF-XSim-3] XSim::Elaborate design
INFO: [USF-XSim-61] Executing 'ELABORATE' step in 'C:/Users/galap/lab_6_calculator/lab_6_calculator.sim/sim_1/behav/xsim'
"xelab -wto 0773d455e1104d959c284434f61f71f8 --incr --debug typical --relax --mt 2 -L xil_defaultlib -L secureip --snapshot calc_tb_behav xil_defaultlib.calc_tb -log elaborate.log"
Vivado Simulator 2019.1
Copyright 1986-1999, 2001-2019 Xilinx, Inc. All Rights Reserved.
Running: C:/Xilinx/Vivado/2019.1/bin/unwrapped/win64.o/xelab.exe -wto 0773d455e1104d959c284434f61f71f8 --incr --debug typical --relax --mt 2 -L xil_defaultlib -L secureip --snapshot calc_tb_behav xil_defaultlib.calc_tb -log elaborate.log 
Using 2 slave threads.
Starting static elaboration
Completed static elaboration
Starting simulation data flow analysis
Completed simulation data flow analysis
Time Resolution for simulation is 1ps
Compiling package std.standard
Compiling package std.textio
Compiling package ieee.std_logic_1164
Compiling package ieee.numeric_std
Compiling package ieee.std_logic_arith
Compiling package ieee.std_logic_unsigned
Compiling package unisim.vcomponents
Compiling package ieee.vital_timing
Compiling package ieee.vital_primitives
Compiling package unisim.vpkg
Compiling package ieee.std_logic_signed
Compiling package ieee.std_logic_textio
Compiling architecture lut6_2_v of entity unisim.LUT6_2 [\LUT6_2(init="111111110000000011...]
Compiling architecture lut6_v of entity unisim.LUT6 [\LUT6(init="00000000101010100000...]
Compiling architecture lut6_v of entity unisim.LUT6 [\LUT6(init="00000000101010100000...]
Compiling architecture lut6_v of entity unisim.LUT6 [\LUT6(init="00000000101010100000...]
Compiling architecture lut6_2_v of entity unisim.LUT6_2 [\LUT6_2(init="000000000001010100...]
Compiling architecture lut6_2_v of entity unisim.LUT6_2 [\LUT6_2(init="000000000010101000...]
Compiling architecture lut6_v of entity unisim.LUT6 [\LUT6(init="10111111101111001000...]
Compiling architecture ram64m_v of entity unisim.RAM64M [ram64m_default]
Compiling architecture lut6_2_v of entity unisim.LUT6_2 [\LUT6_2(init="011010010110100101...]
Compiling architecture lut6_v of entity unisim.LUT6 [\LUT6(init="11111111000000001111...]
Compiling architecture lut6_2_v of entity unisim.LUT6_2 [\LUT6_2(init="111111111111111111...]
Compiling architecture fdre_v of entity unisim.FDRE [fdre_default]
Compiling architecture fd_v of entity unisim.FD [fd_default]
Compiling architecture lut6_2_v of entity unisim.LUT6_2 [\LUT6_2(init="000000001000001100...]
Compiling architecture lut6_2_v of entity unisim.LUT6_2 [\LUT6_2(init="000000000001000000...]
Compiling architecture lut6_v of entity unisim.LUT6 [\LUT6(init="00000000000000000000...]
Compiling architecture lut6_2_v of entity unisim.LUT6_2 [\LUT6_2(init="110011000011001111...]
Compiling architecture lut6_v of entity unisim.LUT6 [\LUT6(init="01011010001111001111...]
Compiling architecture lut6_2_v of entity unisim.LUT6_2 [\LUT6_2(init="011101110111011100...]
Compiling architecture lut6_2_v of entity unisim.LUT6_2 [\LUT6_2(init="000000000000000011...]
Compiling architecture lut6_v of entity unisim.LUT6 [\LUT6(init="11111111111111111111...]
Compiling architecture lut6_2_v of entity unisim.LUT6_2 [\LUT6_2(init="111111111111111100...]
Compiling architecture lut6_2_v of entity unisim.LUT6_2 [\LUT6_2(init="000000111100101000...]
Compiling architecture lut6_2_v of entity unisim.LUT6_2 [\LUT6_2(init="011101110000100000...]
Compiling architecture lut6_2_v of entity unisim.LUT6_2 [\LUT6_2(init="110100000000000000...]
Compiling architecture lut6_2_v of entity unisim.LUT6_2 [\LUT6_2(init="000000000000000100...]
Compiling architecture lut6_2_v of entity unisim.LUT6_2 [\LUT6_2(init="110000001100110000...]
Compiling architecture fdr_v of entity unisim.FDR [fdr_default]
Compiling architecture lut6_2_v of entity unisim.LUT6_2 [\LUT6_2(init="100000000000000000...]
Compiling architecture lut6_2_v of entity unisim.LUT6_2 [\LUT6_2(init="010000000000000000...]
Compiling architecture lut6_v of entity unisim.LUT6 [\LUT6(init="00000000100000000000...]
Compiling architecture lut6_v of entity unisim.LUT6 [\LUT6(init="10101100101011001111...]
Compiling architecture xorcy_v of entity unisim.XORCY [xorcy_default]
Compiling architecture lut6_2_v of entity unisim.LUT6_2 [\LUT6_2(init="000000000000000000...]
Compiling architecture muxcy_v of entity unisim.MUXCY [muxcy_default]
Compiling architecture lut6_v of entity unisim.LUT6 [\LUT6(init="01101001100101101001...]
Compiling architecture lut6_v of entity unisim.LUT6 [\LUT6(init="11111111111111111010...]
Compiling architecture lut6_2_v of entity unisim.LUT6_2 [\LUT6_2(init="001100110011001110...]
Compiling architecture lut6_2_v of entity unisim.LUT6_2 [\LUT6_2(init="101000101000000000...]
Compiling architecture lut6_2_v of entity unisim.LUT6_2 [\LUT6_2(init="000000000000000000...]
Compiling architecture lut6_2_v of entity unisim.LUT6_2 [\LUT6_2(init="000000000000000000...]
Compiling architecture lut6_v of entity unisim.LUT6 [\LUT6(init="11111011111111110000...]
Compiling architecture ram32m_v of entity unisim.RAM32M [ram32m_default]
Compiling architecture low_level_definition of entity xil_defaultlib.kcpsm6 [kcpsm6_default]
Compiling architecture rb18_internal_vhdl_v of entity unisim.RB18_INTERNAL_VHDL [\RB18_INTERNAL_VHDL(bram_size=18...]
Compiling architecture ramb18e1_v of entity unisim.RAMB18E1 [\RAMB18E1(initp_00="011010000010...]
Compiling architecture low_level_definition of entity xil_defaultlib.lab_6_short [lab_6_short_default]
Compiling architecture behavioral_reg_input of entity xil_defaultlib.reg [reg_default]
Compiling architecture behavioral_reg_input of entity xil_defaultlib.reg [\reg(n=4)\]
Compiling architecture behavioral_reg_output of entity xil_defaultlib.reg [\reg(n=8)\]
Compiling architecture behavioral of entity xil_defaultlib.main [main_default]
Compiling architecture behavioral of entity xil_defaultlib.calc_tb
Built simulation snapshot calc_tb_behav
run_program: Time (s): cpu = 00:00:01 ; elapsed = 00:00:12 . Memory (MB): peak = 1202.371 ; gain = 0.000
INFO: [USF-XSim-69] 'elaborate' step finished in '12' seconds
INFO: [USF-XSim-4] XSim::Simulate design
INFO: [USF-XSim-61] Executing 'SIMULATE' step in 'C:/Users/galap/lab_6_calculator/lab_6_calculator.sim/sim_1/behav/xsim'
INFO: [USF-XSim-98] *** Running xsim
   with args "calc_tb_behav -key {Behavioral:sim_1:Functional:calc_tb} -tclbatch {calc_tb.tcl} -log {simulate.log}"
INFO: [USF-XSim-8] Loading simulator feature
Vivado Simulator 2019.1
Time resolution is 1 ps
source calc_tb.tcl
# set curr_wave [current_wave_config]
# if { [string length $curr_wave] == 0 } {
#   if { [llength [get_objects]] > 0} {
#     add_wave /
#     set_property needs_save false [current_wave_config]
#   } else {
#      send_msg_id Add_Wave-1 WARNING "No top level signals found. Simulator will start without a wave window. If you want to open a wave window go to 'File->New Waveform Configuration' or type 'create_wave_config' in the TCL console."
#   }
# }
# run 1000ns
INFO: [USF-XSim-96] XSim completed. Design snapshot 'calc_tb_behav' loaded.
INFO: [USF-XSim-97] XSim simulation ran for 1000ns
launch_simulation: Time (s): cpu = 00:00:05 ; elapsed = 00:00:19 . Memory (MB): peak = 1202.371 ; gain = 0.000
restart
INFO: [Simtcl 6-17] Simulation restarted
run 50 us
restart
INFO: [Simtcl 6-17] Simulation restarted
run 50 us
run: Time (s): cpu = 00:00:03 ; elapsed = 00:00:08 . Memory (MB): peak = 1202.371 ; gain = 0.000
close_sim
INFO: [Simtcl 6-16] Simulation closed
exit
INFO: [Common 17-206] Exiting Vivado at Mon Jun 12 20:45:24 2023...
