#-----------------------------------------------------------
# Vivado v2019.1 (64-bit)
# SW Build 2552052 on Fri May 24 14:49:42 MDT 2019
# IP Build 2548770 on Fri May 24 18:01:18 MDT 2019
# Start of session at: Sun Jun 11 15:56:56 2023
# Process ID: 68824
# Current directory: C:/Users/galap/lab_6_calculator
# Command line: vivado.exe -gui_launcher_event rodinguilauncherevent38772 C:\Users\galap\lab_6_calculator\lab_6_calculator.xpr
# Log file: C:/Users/galap/lab_6_calculator/vivado.log
# Journal file: C:/Users/galap/lab_6_calculator\vivado.jou
#-----------------------------------------------------------
start_gui
open_project C:/Users/galap/lab_6_calculator/lab_6_calculator.xpr
Scanning sources...
Finished scanning sources
INFO: [IP_Flow 19-234] Refreshing IP repositories
INFO: [IP_Flow 19-1704] No user IP repositories specified
INFO: [IP_Flow 19-2313] Loaded Vivado IP repository 'C:/Xilinx/Vivado/2019.1/data/ip'.
open_project: Time (s): cpu = 00:00:23 ; elapsed = 00:00:09 . Memory (MB): peak = 714.859 ; gain = 97.566
update_compile_order -fileset sources_1
add_files -norecurse C:/Users/galap/lab_6_calculator/lab_6_calculator.srcs/sources_1/new/kcpsm6.vhd
update_compile_order -fileset sources_1
update_compile_order -fileset sources_1
update_compile_order -fileset sources_1
add_files -norecurse {C:/Users/galap/lab_6_calculator/lab_6_calculator.srcs/sources_1/new/kcpsm6.vhd C:/Users/galap/lab_6_calculator/lab_6_calculator.srcs/sources_1/new/lab_6_short.vhd}
WARNING: [filemgmt 56-12] File 'C:/Users/galap/lab_6_calculator/lab_6_calculator.srcs/sources_1/new/kcpsm6.vhd' cannot be added to the project because it already exists in the project, skipping this file
WARNING: [filemgmt 56-12] File 'C:/Users/galap/lab_6_calculator/lab_6_calculator.srcs/sources_1/new/lab_6_short.vhd' cannot be added to the project because it already exists in the project, skipping this file
exit
INFO: [Common 17-206] Exiting Vivado at Sun Jun 11 16:11:41 2023...
