#-----------------------------------------------------------
# Vivado v2019.1 (64-bit)
# SW Build 2552052 on Fri May 24 14:49:42 MDT 2019
# IP Build 2548770 on Fri May 24 18:01:18 MDT 2019
# Start of session at: Sun May 21 14:39:01 2023
# Process ID: 6988
# Current directory: C:/Users/galap/lab_5_short
# Command line: vivado.exe -gui_launcher_event rodinguilauncherevent13976 C:\Users\galap\lab_5_short\lab_5_short.xpr
# Log file: C:/Users/galap/lab_5_short/vivado.log
# Journal file: C:/Users/galap/lab_5_short\vivado.jou
#-----------------------------------------------------------
start_gui
open_project C:/Users/galap/lab_5_short/lab_5_short.xpr
Scanning sources...
Finished scanning sources
INFO: [IP_Flow 19-234] Refreshing IP repositories
INFO: [IP_Flow 19-1704] No user IP repositories specified
INFO: [IP_Flow 19-2313] Loaded Vivado IP repository 'C:/Xilinx/Vivado/2019.1/data/ip'.
open_project: Time (s): cpu = 00:00:28 ; elapsed = 00:00:11 . Memory (MB): peak = 725.465 ; gain = 120.066
update_compile_order -fileset sources_1
reset_run synth_1
WARNING: [Vivado 12-1017] Problems encountered:
1. Failed to delete one or more files in run directory C:/Users/galap/lab_5_short/lab_5_short.runs/synth_1

launch_runs synth_1 -jobs 4
[Sun May 21 14:41:03 2023] Launched synth_1...
Run output will be captured here: C:/Users/galap/lab_5_short/lab_5_short.runs/synth_1/runme.log
launch_runs impl_1 -jobs 4
[Sun May 21 14:42:39 2023] Launched impl_1...
Run output will be captured here: C:/Users/galap/lab_5_short/lab_5_short.runs/impl_1/runme.log
launch_runs impl_1 -to_step write_bitstream -jobs 4
[Sun May 21 14:45:17 2023] Launched impl_1...
Run output will be captured here: C:/Users/galap/lab_5_short/lab_5_short.runs/impl_1/runme.log
exit
INFO: [Common 17-206] Exiting Vivado at Sun May 21 18:09:33 2023...
