#-----------------------------------------------------------
# Vivado v2019.1 (64-bit)
# SW Build 2552052 on Fri May 24 14:49:42 MDT 2019
# IP Build 2548770 on Fri May 24 18:01:18 MDT 2019
# Start of session at: Sun Jun 11 16:25:44 2023
# Process ID: 66376
# Current directory: C:/Users/galap/lab_5_short
# Command line: vivado.exe -gui_launcher_event rodinguilauncherevent64992 C:\Users\galap\lab_5_short\lab_5_short.xpr
# Log file: C:/Users/galap/lab_5_short/vivado.log
# Journal file: C:/Users/galap/lab_5_short\vivado.jou
#-----------------------------------------------------------
start_gui
open_project C:/Users/galap/lab_5_short/lab_5_short.xpr
Scanning sources...
Finished scanning sources
INFO: [IP_Flow 19-234] Refreshing IP repositories
INFO: [IP_Flow 19-1704] No user IP repositories specified
INFO: [IP_Flow 19-2313] Loaded Vivado IP repository 'C:/Xilinx/Vivado/2019.1/data/ip'.
open_project: Time (s): cpu = 00:00:32 ; elapsed = 00:00:13 . Memory (MB): peak = 722.699 ; gain = 103.977
update_compile_order -fileset sources_1
exit
INFO: [Common 17-206] Exiting Vivado at Sun Jun 11 17:53:36 2023...
