#
# A fatal error has been detected by the Java Runtime Environment:
#
#  EXCEPTION_ACCESS_VIOLATION (0xc0000005) at pc=0x00007ffc9f3b1439, pid=31416, tid=13304
#
# JRE version: Java(TM) SE Runtime Environment (9.0+11) (build 9.0.4+11)
# Java VM: Java HotSpot(TM) 64-Bit Server VM (9.0.4+11, mixed mode, tiered, compressed oops, g1 gc, windows-amd64)
# Problematic frame:
# C  0x00007ffc9f3b1439
#
# No core dump will be written. Minidumps are not enabled by default on client versions of Windows
#
# If you would like to submit a bug report, please visit:
#   http://bugreport.java.com/bugreport/crash.jsp
# The crash happened outside the Java Virtual Machine in native code.
# See problematic frame for where to report the bug.
#

---------------  S U M M A R Y ------------

Command Line: -Dsun.java2d.pmoffscreen=false -Dsun.java2d.xrender=false -Dsun.java2d.d3d=false -Dsun.awt.nopixfmt=true -Dsun.java2d.dpiaware=true -Dsun.java2d.uiScale.enabled=false -Xverify:none -Dswing.aatext=true -XX:-UsePerfData -Djdk.map.althashing.threshold=512 -XX:StringTableSize=4072 --add-opens=java.base/java.nio=ALL-UNNAMED --add-opens=java.desktop/sun.swing=ALL-UNNAMED --add-opens=java.desktop/javax.swing=ALL-UNNAMED --add-opens=java.desktop/javax.swing.tree=ALL-UNNAMED --add-opens=java.desktop/javax.swing.plaf.basic=ALL-UNNAMED --add-opens=java.desktop/javax.swing.plaf.synth=ALL-UNNAMED --add-opens=java.desktop/com.sun.awt=ALL-UNNAMED -XX:NewSize=60m -XX:MaxNewSize=60m -Xms128m -Xmx3072m -Xss5m 

Host: 11th Gen Intel(R) Core(TM) i5-1135G7 @ 2.40GHz, 8 cores, 7G,  Windows 10 , 64 bit Build 22000 (10.0.22000.1880)
Time: Thu May 18 19:11:03 2023 Jerusalem Daylight Time elapsed time: 1159 seconds (0d 0h 19m 19s)

---------------  T H R E A D  ---------------

Current thread (0x000001e9628b0000):  JavaThread "AWT-EventQueue-1" [_thread_in_native, id=13304, stack(0x000000bcd0000000,0x000000bcd0500000)]

Stack: [0x000000bcd0000000,0x000000bcd0500000],  sp=0x000000bcd04f4380,  free space=5072k
Native frames: (J=compiled Java code, j=interpreted, Vv=VM code, C=native code)
C  0x00007ffc9f3b1439
C  0x00007ffc9f3c5107
C  0x00007ffc9f3c4e12
C  0x00007ffc9f3aac06
C  [librdi_wavedata.dll+0x125e90]
C  [librdi_wavedata.dll+0x148744]
C  [librdi_wavedata.dll+0x1e1cce]
C  [librdi_wavedata.dll+0x1e1bef]
C  [librdi_wavedata.dll+0x20b1f0]
C  [librdi_wavedata.dll+0x20aed0]
C  [librdi_wavedata.dll+0x26873b]
C  [librdi_wavedata.dll+0x26a153]
C  [librdi_wavedata.dll+0x242ea0]
C  [librdi_wavedata.dll+0x242f1d]
C  [librdi_wavedata.dll+0x242fc1]
C  [librdi_wavedata.dll+0x2695c4]
C  [librdi_wavedata.dll+0x239546]
C  [librdi_wavedata.dll+0x239315]
C  [librdi_wavedata.dll+0x275c1f]
C  0x000001e94aec921c

Java frames: (J=compiled Java code, j=interpreted, Vv=VM code)
j  ui.views.waveform.waveformi.WVExecutive_getGraphicsDataSize(J)J+0
j  ui.views.waveform.executive.a.gEt()Ljava/io/ByteArrayInputStream;+8
j  ui.views.waveform.b.a.gEf()V+7
j  ui.views.waveform.b.a.fOl()V+1
j  ui.views.waveform.m.gDo()V+4
j  ui.views.waveform.m.cRi()V+11
j  ui.views.waveform.w.cRi()V+29
J 19546 c1 ui.views.waveform.c.b.j(Lui/frmwork/b/i;)V (603 bytes) @ 0x000001e94db4913c [0x000001e94db3fa20+0x000000000000971c]
J 19545 c1 ui.views.waveform.w.a(Lui/frmwork/b/i;)V (17 bytes) @ 0x000001e94c02ca14 [0x000001e94c02c940+0x00000000000000d4]
J 15109 c1 ui.frmwork.b.l.d(Lui/frmwork/b/i;)V (61 bytes) @ 0x000001e94c6a249c [0x000001e94c6a1c40+0x000000000000085c]
J 15094 c1 ui.frmwork.HTclEventBroker.i(JZ)V (471 bytes) @ 0x000001e94d3fc8ac [0x000001e94d3f80c0+0x00000000000047ec]
J 15095 c1 ui.frmwork.HTclEventBroker.fireTclEvent(J)I (113 bytes) @ 0x000001e94c74154c [0x000001e94c740d40+0x000000000000080c]
v  ~StubRoutines::call_stub
j  ui.views.waveform.waveformi.WVExecutive_processModelEvent(JJ)V+0
j  ui.views.waveform.executive.a.eE(J)V+5
j  ui.views.waveform.c.b.eD(J)V+8
J 19546 c1 ui.views.waveform.c.b.j(Lui/frmwork/b/i;)V (603 bytes) @ 0x000001e94db49e74 [0x000001e94db3fa20+0x000000000000a454]
J 19545 c1 ui.views.waveform.w.a(Lui/frmwork/b/i;)V (17 bytes) @ 0x000001e94c02ca14 [0x000001e94c02c940+0x00000000000000d4]
J 15109 c1 ui.frmwork.b.l.d(Lui/frmwork/b/i;)V (61 bytes) @ 0x000001e94c6a249c [0x000001e94c6a1c40+0x000000000000085c]
J 15094 c1 ui.frmwork.HTclEventBroker.i(JZ)V (471 bytes) @ 0x000001e94d3fc8ac [0x000001e94d3f80c0+0x00000000000047ec]
j  ui.frmwork.HTclEventBroker.cS(J)V+3
j  ui.frmwork.HTclEventBroker$$Lambda$206.run()V+8
J 14876 c2 java.awt.EventQueue$3.run()Ljava/lang/Object; java.desktop@9.0.4 (5 bytes) @ 0x000001e95362bf60 [0x000001e95362b5a0+0x00000000000009c0]
v  ~StubRoutines::call_stub
J 4334  java.security.AccessController.doPrivileged(Ljava/security/PrivilegedAction;Ljava/security/AccessControlContext;)Ljava/lang/Object; java.base@9.0.4 (0 bytes) @ 0x000001e952bf9a46 [0x000001e952bf99e0+0x0000000000000066]
J 17985 c2 java.awt.EventQueue.dispatchEvent(Ljava/awt/AWTEvent;)V java.desktop@9.0.4 (80 bytes) @ 0x000001e953a65e18 [0x000001e953a658c0+0x0000000000000558]
J 18498 c2 ui.frmwork.b.d.dispatchEvent(Ljava/awt/AWTEvent;)V (34 bytes) @ 0x000001e953ae26dc [0x000001e953ae25e0+0x00000000000000fc]
J 18543 c2 java.awt.EventDispatchThread.pumpOneEventForFilters(I)V java.desktop@9.0.4 (218 bytes) @ 0x000001e953aee85c [0x000001e953aee380+0x00000000000004dc]
J 20728 c2 java.awt.EventDispatchThread.pumpEventsForFilter(ILjava/awt/Conditional;Ljava/awt/EventFilter;)V java.desktop@9.0.4 (47 bytes) @ 0x000001e953e070ac [0x000001e953e06ee0+0x00000000000001cc]
j  java.awt.EventDispatchThread.pumpEventsForFilter(Ljava/awt/Conditional;Ljava/awt/EventFilter;)V+4 java.desktop@9.0.4
j  java.awt.WaitDispatchSupport$2.run()V+59 java.desktop@9.0.4
j  java.awt.WaitDispatchSupport$4.run()Ljava/lang/Void;+4 java.desktop@9.0.4
j  java.awt.WaitDispatchSupport$4.run()Ljava/lang/Object;+1 java.desktop@9.0.4
v  ~StubRoutines::call_stub
J 1061  java.security.AccessController.doPrivileged(Ljava/security/PrivilegedAction;)Ljava/lang/Object; java.base@9.0.4 (0 bytes) @ 0x000001e9529ebb32 [0x000001e9529ebae0+0x0000000000000052]
j  java.awt.WaitDispatchSupport.enter()Z+260 java.desktop@9.0.4
j  java.awt.Dialog.show()V+225 java.desktop@9.0.4
J 9851 c1 java.awt.Component.setVisible(Z)V java.desktop@9.0.4 (6 bytes) @ 0x000001e94c03d8cc [0x000001e94c03d6e0+0x00000000000001ec]
j  java.awt.Window.setVisible(Z)V+2 java.desktop@9.0.4
j  java.awt.Dialog.setVisible(Z)V+2 java.desktop@9.0.4
j  ui.b.c.g.setVisible(Z)V+2
j  ui.b.c.by.showDialog()V+64
j  ui.b.c.bF.actionPerformed(Ljava/awt/event/ActionEvent;)V+8
j  ui.b.c.by.cJI()V+396
j  ui.views.c.t.b.a.run()V+60
j  ui.frmwork.a.dWF()Z+66
j  ui.frmwork.V.dYl()V+42
j  ui.bk.actionPerformed(Ljava/awt/event/ActionEvent;)V+25
j  javax.swing.AbstractButton.fireActionPerformed(Ljava/awt/event/ActionEvent;)V+84 java.desktop@9.0.4
j  ui.utils.o.b.B.fireActionPerformed(Ljava/awt/event/ActionEvent;)V+7
j  javax.swing.AbstractButton$Handler.actionPerformed(Ljava/awt/event/ActionEvent;)V+5 java.desktop@9.0.4
j  javax.swing.DefaultButtonModel.fireActionPerformed(Ljava/awt/event/ActionEvent;)V+34 java.desktop@9.0.4
j  javax.swing.DefaultButtonModel.setPressed(Z)V+117 java.desktop@9.0.4
j  javax.swing.plaf.basic.BasicButtonListener.mouseReleased(Ljava/awt/event/MouseEvent;)V+35 java.desktop@9.0.4
j  com.jidesoft.plaf.basic.BasicJideButtonListener.mouseReleased(Ljava/awt/event/MouseEvent;)V+61
J 18873 c1 java.awt.AWTEventMulticaster.mouseReleased(Ljava/awt/event/MouseEvent;)V java.desktop@9.0.4 (27 bytes) @ 0x000001e94ba5eb8c [0x000001e94ba5e980+0x000000000000020c]
J 18873 c1 java.awt.AWTEventMulticaster.mouseReleased(Ljava/awt/event/MouseEvent;)V java.desktop@9.0.4 (27 bytes) @ 0x000001e94ba5eb8c [0x000001e94ba5e980+0x000000000000020c]
J 18873 c1 java.awt.AWTEventMulticaster.mouseReleased(Ljava/awt/event/MouseEvent;)V java.desktop@9.0.4 (27 bytes) @ 0x000001e94ba5eb8c [0x000001e94ba5e980+0x000000000000020c]
J 18873 c1 java.awt.AWTEventMulticaster.mouseReleased(Ljava/awt/event/MouseEvent;)V java.desktop@9.0.4 (27 bytes) @ 0x000001e94ba5eb8c [0x000001e94ba5e980+0x000000000000020c]
J 14114 c1 java.awt.Component.processMouseEvent(Ljava/awt/event/MouseEvent;)V java.desktop@9.0.4 (100 bytes) @ 0x000001e94d306cb4 [0x000001e94d306920+0x0000000000000394]
J 14113 c1 javax.swing.JComponent.processMouseEvent(Ljava/awt/event/MouseEvent;)V java.desktop@9.0.4 (27 bytes) @ 0x000001e94d30646c [0x000001e94d306260+0x000000000000020c]
J 18030 c2 java.awt.Container.processEvent(Ljava/awt/AWTEvent;)V java.desktop@9.0.4 (22 bytes) @ 0x000001e953a6d080 [0x000001e953a6cf20+0x0000000000000160]
J 20730 c1 java.awt.Component.dispatchEventImpl(Ljava/awt/AWTEvent;)V java.desktop@9.0.4 (739 bytes) @ 0x000001e94deed8d4 [0x000001e94dee9ac0+0x0000000000003e14]
J 20732 c2 java.awt.Container.dispatchEventImpl(Ljava/awt/AWTEvent;)V java.desktop@9.0.4 (129 bytes) @ 0x000001e953e088f4 [0x000001e953e08800+0x00000000000000f4]
J 18137 c2 java.awt.LightweightDispatcher.retargetMouseEvent(Ljava/awt/Component;ILjava/awt/event/MouseEvent;)V java.desktop@9.0.4 (350 bytes) @ 0x000001e953a8c4c8 [0x000001e953a8bf20+0x00000000000005a8]
J 20732 c2 java.awt.Container.dispatchEventImpl(Ljava/awt/AWTEvent;)V java.desktop@9.0.4 (129 bytes) @ 0x000001e953e08e74 [0x000001e953e08800+0x0000000000000674]
J 14467 c2 java.awt.Window.dispatchEventImpl(Ljava/awt/AWTEvent;)V java.desktop@9.0.4 (23 bytes) @ 0x000001e952db0f0c [0x000001e952db0ec0+0x000000000000004c]
J 14876 c2 java.awt.EventQueue$3.run()Ljava/lang/Object; java.desktop@9.0.4 (5 bytes) @ 0x000001e95362bb8c [0x000001e95362b5a0+0x00000000000005ec]
v  ~StubRoutines::call_stub
J 4334  java.security.AccessController.doPrivileged(Ljava/security/PrivilegedAction;Ljava/security/AccessControlContext;)Ljava/lang/Object; java.base@9.0.4 (0 bytes) @ 0x000001e952bf9a46 [0x000001e952bf99e0+0x0000000000000066]
J 14191 c2 java.awt.EventQueue$4.run()Ljava/lang/Object; java.desktop@9.0.4 (5 bytes) @ 0x000001e9535746c0 [0x000001e953574460+0x0000000000000260]
v  ~StubRoutines::call_stub
J 4334  java.security.AccessController.doPrivileged(Ljava/security/PrivilegedAction;Ljava/security/AccessControlContext;)Ljava/lang/Object; java.base@9.0.4 (0 bytes) @ 0x000001e952bf9a46 [0x000001e952bf99e0+0x0000000000000066]
J 17985 c2 java.awt.EventQueue.dispatchEvent(Ljava/awt/AWTEvent;)V java.desktop@9.0.4 (80 bytes) @ 0x000001e953a65c40 [0x000001e953a658c0+0x0000000000000380]
J 18498 c2 ui.frmwork.b.d.dispatchEvent(Ljava/awt/AWTEvent;)V (34 bytes) @ 0x000001e953ae26dc [0x000001e953ae25e0+0x00000000000000fc]
J 18543 c2 java.awt.EventDispatchThread.pumpOneEventForFilters(I)V java.desktop@9.0.4 (218 bytes) @ 0x000001e953aee85c [0x000001e953aee380+0x00000000000004dc]
J 20552% c2 java.awt.EventDispatchThread.pumpEventsForFilter(ILjava/awt/Conditional;Ljava/awt/EventFilter;)V java.desktop@9.0.4 (47 bytes) @ 0x000001e953d82958 [0x000001e953d82840+0x0000000000000118]
j  java.awt.EventDispatchThread.pumpEventsForHierarchy(ILjava/awt/Conditional;Ljava/awt/Component;)V+11 java.desktop@9.0.4
j  java.awt.EventDispatchThread.pumpEvents(ILjava/awt/Conditional;)V+4 java.desktop@9.0.4
j  java.awt.EventDispatchThread.pumpEvents(Ljava/awt/Conditional;)V+3 java.desktop@9.0.4
j  java.awt.EventDispatchThread.run()V+9 java.desktop@9.0.4
v  ~StubRoutines::call_stub

siginfo: EXCEPTION_ACCESS_VIOLATION (0xc0000005), reading address 0x0000000000000044


Register to memory mapping:

RIP=0x00007ffc9f3b1439 is an unknown value
RAX=0x000001e9671cb360 is an unknown value
RBX=0x000001e963aea500 is an unknown value
RCX=0x0000000000000000 is an unknown value
RDX=0x000001e96256cab0 is an unknown value
RSP=0x000000bcd04f4380 is pointing into the stack for thread: 0x000001e9628b0000
RBP=0x000000bcd04f4520 is pointing into the stack for thread: 0x000001e9628b0000
RSI=0x0000000000000000 is an unknown value
RDI=0x000000bcd04f44e0 is pointing into the stack for thread: 0x000001e9628b0000
R8 =0x000000bcd04f4420 is pointing into the stack for thread: 0x000001e9628b0000
R9 =0x0000000000000018 is an unknown value
R10=0x0000000000000040 is an unknown value
R11=0x0800000000000000 is an unknown value
R12=0x000001e96a566730 is an unknown value
R13=0x0000000000000001 is an unknown value
R14=0x000001e96256cab0 is an unknown value
R15=0x000000bcd04f4420 is pointing into the stack for thread: 0x000001e9628b0000


Registers:
RAX=0x000001e9671cb360, RBX=0x000001e963aea500, RCX=0x0000000000000000, RDX=0x000001e96256cab0
RSP=0x000000bcd04f4380, RBP=0x000000bcd04f4520, RSI=0x0000000000000000, RDI=0x000000bcd04f44e0
R8 =0x000000bcd04f4420, R9 =0x0000000000000018, R10=0x0000000000000040, R11=0x0800000000000000
R12=0x000001e96a566730, R13=0x0000000000000001, R14=0x000001e96256cab0, R15=0x000000bcd04f4420
RIP=0x00007ffc9f3b1439, EFLAGS=0x0000000000010202

Top of Stack: (sp=0x000000bcd04f4380)
0x000000bcd04f4380:   000000bcd04f4ab0 0000000000000000
0x000000bcd04f4390:   0000000000000000 000001e96a566730
0x000000bcd04f43a0:   000001e963aea500 0000000000000004
0x000000bcd04f43b0:   fffffffffffffffe 00007ffcf16000a6
0x000000bcd04f43c0:   0000000000000000 00000000000004f8
0x000000bcd04f43d0:   000000bcd04f4ab0 0000000000000000
0x000000bcd04f43e0:   000000bcd04f44e0 00007ffc9f3c5107
0x000000bcd04f43f0:   00000000000004f8 000001e963aea500
0x000000bcd04f4400:   000001e9671cb360 000001e96ae2d878
0x000000bcd04f4410:   000001e963aea500 00007ffc9f3c4e12
0x000000bcd04f4420:   000001e963aea500 000001e96ae2d850
0x000000bcd04f4430:   0000000000000004 000001e96ae2d850
0x000000bcd04f4440:   000001e96ae2d850 000001e953d7e810
0x000000bcd04f4450:   00000007040f5d50 000001e96a566730
0x000000bcd04f4460:   000001e900000002 000001e96ae2e520
0x000000bcd04f4470:   0000000000000001 0000000700000000 

Instructions: (pc=0x00007ffc9f3b1439)
0x00007ffc9f3b1419:   50 48 c7 44 24 30 fe ff ff ff 48 89 5c 24 78 48
0x00007ffc9f3b1429:   89 b4 24 80 00 00 00 4d 8b f8 4c 8b f2 48 8b f1
0x00007ffc9f3b1439:   83 79 44 00 75 07 33 c0 e9 da 00 00 00 33 db 39
0x00007ffc9f3b1449:   59 44 75 04 8b c3 eb 06 48 8b 41 48 8b 00 8b d0 



---------------  P R O C E S S  ---------------

Java Threads: ( => current thread )
  0x000001e9658ac000 JavaThread "Relaunch Simulation" [_thread_blocked, id=36176, stack(0x000000bcd5800000,0x000000bcd5d00000)]
  0x000001e9658ac800 JavaThread "Image Animator 0" daemon [_thread_blocked, id=33868, stack(0x000000bcd6200000,0x000000bcd6700000)]
  0x000001e9658b1000 JavaThread "Monitor File Timestamp Swing Worker" [_thread_blocked, id=14220, stack(0x000000bcd5300000,0x000000bcd5800000)]
  0x000001e9658af800 JavaThread "Timer-3" [_thread_blocked, id=16488, stack(0x000000bcd4e00000,0x000000bcd5300000)]
  0x000001e96bb9e000 JavaThread "Monitor File Timestamp Swing Worker" [_thread_blocked, id=33040, stack(0x000000bcd4900000,0x000000bcd4e00000)]
  0x000001e96bb9a000 JavaThread "Timer-2" [_thread_blocked, id=28976, stack(0x000000bcd3f00000,0x000000bcd4400000)]
  0x000001e96bb98800 JavaThread "Monitor File Timestamp Swing Worker" [_thread_blocked, id=39076, stack(0x000000bcd2700000,0x000000bcd2c00000)]
  0x000001e96bb9d000 JavaThread "Timer-1" [_thread_blocked, id=38416, stack(0x000000bcd0500000,0x000000bcd0a00000)]
  0x000001e96bb9c800 JavaThread "SyntheticaAnimation 50" daemon [_thread_blocked, id=27276, stack(0x000000bcd3a00000,0x000000bcd3f00000)]
  0x000001e9658ad800 JavaThread "Update Runs Swing Worker" [_thread_blocked, id=8260, stack(0x000000bcd4400000,0x000000bcd4900000)]
  0x000001e9658b2000 JavaThread "hw_ila_monitor" [_thread_blocked, id=35780, stack(0x000000bcd3500000,0x000000bcd3a00000)]
  0x000001e9658b0800 JavaThread "Refresh Filesets Swing Worker" [_thread_blocked, id=25508, stack(0x000000bcd3000000,0x000000bcd3500000)]
  0x000001e93e946000 JavaThread "SyntheticaAnimation 70" daemon [_thread_blocked, id=10512, stack(0x000000bcd2100000,0x000000bcd2600000)]
  0x000001e93e949000 JavaThread "Swing-Shell" daemon [_thread_blocked, id=38296, stack(0x000000bccf100000,0x000000bccf600000)]
  0x000001e93e944800 JavaThread "SyntheticaAnimation 25" daemon [_thread_blocked, id=1236, stack(0x000000bcd1c00000,0x000000bcd2100000)]
  0x000001e93e94b000 JavaThread "SyntheticaAnimation 50" daemon [_thread_blocked, id=22564, stack(0x000000bcd1700000,0x000000bcd1c00000)]
  0x000001e93e949800 JavaThread "Monitor HEventQueue" [_thread_blocked, id=38648, stack(0x000000bcd1200000,0x000000bcd1700000)]
  0x000001e93e945000 JavaThread "SyntheticaCleanerThread" daemon [_thread_blocked, id=10540, stack(0x000000bcd0a00000,0x000000bcd0f00000)]
  0x000001e93e947800 JavaThread "Batik CleanerThread" daemon [_thread_blocked, id=12236, stack(0x000000bccf600000,0x000000bccfb00000)]
=>0x000001e9628b0000 JavaThread "AWT-EventQueue-1" [_thread_in_native, id=13304, stack(0x000000bcd0000000,0x000000bcd0500000)]
  0x000001e9628af800 JavaThread "AWT-Shutdown" [_thread_blocked, id=22184, stack(0x000000bccfb00000,0x000000bcd0000000)]
  0x000001e96203d000 JavaThread "Process Messages" [_thread_blocked, id=39380, stack(0x000000bcce200000,0x000000bcce700000)]
  0x000001e93d001000 JavaThread "Thread-1" [_thread_in_native, id=32780, stack(0x000000bcc8900000,0x000000bcc9d00000)]
  0x000001e961fa5000 JavaThread "TimerQueue" daemon [_thread_blocked, id=33740, stack(0x000000bccec00000,0x000000bccf100000)]
  0x000001e93c6fa800 JavaThread "AWT-Windows" daemon [_thread_in_native, id=34520, stack(0x000000bcce700000,0x000000bccec00000)]
  0x000001e93c789000 JavaThread "Java2D Disposer" daemon [_thread_blocked, id=25828, stack(0x000000bccdd00000,0x000000bcce200000)]
  0x000001e93c823800 JavaThread "Service Thread" daemon [_thread_blocked, id=38680, stack(0x000000bccd700000,0x000000bccdc00000)]
  0x000001e93f18a800 JavaThread "Common-Cleaner" daemon [_thread_blocked, id=31296, stack(0x000000bccd200000,0x000000bccd700000)]
  0x000001e93e94a800 JavaThread "Sweeper thread" daemon [_thread_blocked, id=32784, stack(0x000000bcccd00000,0x000000bccd200000)]
  0x000001e93fa5f800 JavaThread "C1 CompilerThread3" daemon [_thread_blocked, id=13220, stack(0x000000bcccc00000,0x000000bcccd00000)]
  0x000001e93fa3e000 JavaThread "C2 CompilerThread2" daemon [_thread_blocked, id=24728, stack(0x000000bcccb00000,0x000000bcccc00000)]
  0x000001e93fa3d800 JavaThread "C2 CompilerThread1" daemon [_thread_blocked, id=19136, stack(0x000000bccca00000,0x000000bcccb00000)]
  0x000001e93f385000 JavaThread "C2 CompilerThread0" daemon [_thread_blocked, id=34124, stack(0x000000bccc900000,0x000000bccca00000)]
  0x000001e93f384800 JavaThread "Attach Listener" daemon [_thread_blocked, id=35512, stack(0x000000bccc400000,0x000000bccc900000)]
  0x000001e93ea17000 JavaThread "Signal Dispatcher" daemon [_thread_blocked, id=36704, stack(0x000000bccbf00000,0x000000bccc400000)]
  0x000001e93f8a7000 JavaThread "Finalizer" daemon [_thread_blocked, id=35576, stack(0x000000bccba00000,0x000000bccbf00000)]
  0x000001e93f8a6800 JavaThread "Reference Handler" daemon [_thread_blocked, id=24652, stack(0x000000bccb500000,0x000000bccba00000)]
  0x000001e93c664800 JavaThread "main" [_thread_blocked, id=22812, stack(0x000000bcc8800000,0x000000bcc8900000)]

Other Threads:
  0x000001e939373800 VMThread "VM Thread" [stack: 0x000000bccb400000,0x000000bccb500000] [id=26184]
  0x000001e94387c000 WatcherThread [stack: 0x000000bccdc00000,0x000000bccdd00000] [id=27096]
  0x000001e93f175800 GCTaskThread "GC Thread#0" [stack: 0x000000bcca000000,0x000000bcca100000] [id=39632]
  0x000001e93f331800 GCTaskThread "GC Thread#1" [stack: 0x000000bcca100000,0x000000bcca200000] [id=13764]
  0x000001e93e6b2000 GCTaskThread "GC Thread#2" [stack: 0x000000bcca200000,0x000000bcca300000] [id=28284]
  0x000001e939734000 GCTaskThread "GC Thread#3" [stack: 0x000000bcca300000,0x000000bcca400000] [id=38864]
  0x000001e939a4a000 GCTaskThread "GC Thread#4" [stack: 0x000000bcca400000,0x000000bcca500000] [id=9128]
  0x000001e939b47800 GCTaskThread "GC Thread#5" [stack: 0x000000bcca500000,0x000000bcca600000] [id=22600]
  0x000001e939b48000 GCTaskThread "GC Thread#6" [stack: 0x000000bcca600000,0x000000bcca700000] [id=31960]
  0x000001e93f379000 GCTaskThread "GC Thread#7" [stack: 0x000000bcca700000,0x000000bcca800000] [id=21736]
  0x000001e9406c6800 ConcurrentGCThread "G1 Main Marker" [stack: 0x000000bccb100000,0x000000bccb200000] [id=38944]
  0x000001e93fa09800 ConcurrentGCThread "G1 Marker#0" [stack: 0x000000bccb200000,0x000000bccb300000] [id=19704]
  0x000001e93fa0a000 ConcurrentGCThread "G1 Marker#1" [stack: 0x000000bccb300000,0x000000bccb400000] [id=38584]
  0x000001e94423f800 ConcurrentGCThread "G1 Refine#0" [stack: 0x000000bccaf00000,0x000000bccb000000] [id=28396]
  0x000001e94423e800 ConcurrentGCThread "G1 Refine#1" [stack: 0x000000bccae00000,0x000000bccaf00000] [id=39624]
  0x000001e93e712800 ConcurrentGCThread "G1 Refine#2" [stack: 0x000000bccad00000,0x000000bccae00000] [id=27428]
  0x000001e93e711800 ConcurrentGCThread "G1 Refine#3" [stack: 0x000000bccac00000,0x000000bccad00000] [id=32052]
  0x000001e94431e800 ConcurrentGCThread "G1 Refine#4" [stack: 0x000000bccab00000,0x000000bccac00000] [id=17612]
  0x000001e94431d800 ConcurrentGCThread "G1 Refine#5" [stack: 0x000000bccaa00000,0x000000bccab00000] [id=34884]
  0x000001e93f3f7000 ConcurrentGCThread "G1 Refine#6" [stack: 0x000000bcca900000,0x000000bccaa00000] [id=34756]
  0x000001e93f3f6800 ConcurrentGCThread "G1 Refine#7" [stack: 0x000000bcca800000,0x000000bcca900000] [id=38968]
  0x000001e9406c5800 ConcurrentGCThread "G1 Young RemSet Sampling" [stack: 0x000000bccb000000,0x000000bccb100000] [id=27412]

Threads with active compile tasks:

VM state:not at safepoint (normal execution)

VM Mutex/Monitor currently owned by a thread: None

Heap address: 0x0000000700000000, size: 3072 MB, Compressed Oops mode: Zero based, Oop shift amount: 3
Narrow klass base: 0x0000000000000000, Narrow klass shift: 3
Compressed class space size: 1073741824 Address: 0x00000007c0000000

Heap:
 garbage-first heap   total 189440K, used 91421K [0x0000000700000000, 0x00000007001005c8, 0x00000007c0000000)
  region size 1024K, 11 young (11264K), 1 survivors (1024K)
 Metaspace       used 85072K, capacity 91285K, committed 91648K, reserved 1128448K
  class space    used 11635K, capacity 12715K, committed 12800K, reserved 1048576K
Heap Regions: E=young(eden), S=young(survivor), O=old, HS=humongous(starts), HC=humongous(continues), CS=collection set, F=free, A=archive, TS=gc time stamp, AC=allocation context, TAMS=top-at-mark-start (previous, next)
|   0|0x0000000700000000, 0x00000007000fe598, 0x0000000700100000| 99%| O|  |TS  0|AC  0|TAMS 0x0000000700000000, 0x0000000700000000|
|   1|0x0000000700100000, 0x0000000700200000, 0x0000000700200000|100%|HS|  |TS  0|AC  0|TAMS 0x0000000700100000, 0x0000000700100000|
|   2|0x0000000700200000, 0x0000000700300000, 0x0000000700300000|100%|HC|  |TS  0|AC  0|TAMS 0x0000000700200000, 0x0000000700200000|
|   3|0x0000000700300000, 0x0000000700400000, 0x0000000700400000|100%|HS|  |TS  0|AC  0|TAMS 0x0000000700300000, 0x0000000700300000|
|   4|0x0000000700400000, 0x00000007004ff178, 0x0000000700500000| 99%| O|  |TS  0|AC  0|TAMS 0x0000000700400000, 0x0000000700400000|
|   5|0x0000000700500000, 0x00000007005ffdb8, 0x0000000700600000| 99%| O|  |TS  0|AC  0|TAMS 0x0000000700500000, 0x0000000700500000|
|   6|0x0000000700600000, 0x00000007006fffd0, 0x0000000700700000| 99%| O|  |TS  0|AC  0|TAMS 0x0000000700600000, 0x0000000700600000|
|   7|0x0000000700700000, 0x0000000700800000, 0x0000000700800000|100%| O|  |TS  0|AC  0|TAMS 0x0000000700700000, 0x0000000700700000|
|   8|0x0000000700800000, 0x00000007008fffe8, 0x0000000700900000| 99%| O|  |TS  0|AC  0|TAMS 0x0000000700800000, 0x0000000700800000|
|   9|0x0000000700900000, 0x00000007009ffff0, 0x0000000700a00000| 99%| O|  |TS  0|AC  0|TAMS 0x0000000700900000, 0x0000000700900000|
|  10|0x0000000700a00000, 0x0000000700affed0, 0x0000000700b00000| 99%| O|  |TS  0|AC  0|TAMS 0x0000000700a00000, 0x0000000700a00000|
|  11|0x0000000700b00000, 0x0000000700c00000, 0x0000000700c00000|100%| O|  |TS  0|AC  0|TAMS 0x0000000700b00000, 0x0000000700b00000|
|  12|0x0000000700c00000, 0x0000000700cffff0, 0x0000000700d00000| 99%| O|  |TS  0|AC  0|TAMS 0x0000000700c00000, 0x0000000700c00000|
|  13|0x0000000700d00000, 0x0000000700df5ff8, 0x0000000700e00000| 96%| O|  |TS  0|AC  0|TAMS 0x0000000700d00000, 0x0000000700d00000|
|  14|0x0000000700e00000, 0x0000000700ed5fe8, 0x0000000700f00000| 83%| O|  |TS  0|AC  0|TAMS 0x0000000700e00000, 0x0000000700e00000|
|  15|0x0000000700f00000, 0x0000000700fff2e0, 0x0000000701000000| 99%| O|  |TS  0|AC  0|TAMS 0x0000000700f00000, 0x0000000700f00000|
|  16|0x0000000701000000, 0x0000000701100000, 0x0000000701100000|100%| O|  |TS  0|AC  0|TAMS 0x0000000701000000, 0x0000000701000000|
|  17|0x0000000701100000, 0x00000007011ffff8, 0x0000000701200000| 99%| O|  |TS  0|AC  0|TAMS 0x0000000701100000, 0x0000000701100000|
|  18|0x0000000701200000, 0x00000007012ffff0, 0x0000000701300000| 99%| O|  |TS  0|AC  0|TAMS 0x0000000701200000, 0x0000000701200000|
|  19|0x0000000701300000, 0x00000007013fffe8, 0x0000000701400000| 99%| O|  |TS  0|AC  0|TAMS 0x0000000701300000, 0x0000000701300000|
|  20|0x0000000701400000, 0x00000007014fac28, 0x0000000701500000| 97%| O|  |TS  0|AC  0|TAMS 0x0000000701400000, 0x0000000701400000|
|  21|0x0000000701500000, 0x00000007015ffff0, 0x0000000701600000| 99%| O|  |TS  0|AC  0|TAMS 0x0000000701500000, 0x0000000701500000|
|  22|0x0000000701600000, 0x00000007016ffff0, 0x0000000701700000| 99%| O|  |TS  0|AC  0|TAMS 0x0000000701600000, 0x0000000701600000|
|  23|0x0000000701700000, 0x000000070179bec0, 0x0000000701800000| 60%| O|  |TS  0|AC  0|TAMS 0x0000000701700000, 0x0000000701700000|
|  24|0x0000000701800000, 0x00000007018ffff8, 0x0000000701900000| 99%| O|  |TS  0|AC  0|TAMS 0x0000000701800000, 0x0000000701800000|
|  25|0x0000000701900000, 0x0000000701a00000, 0x0000000701a00000|100%| O|  |TS  0|AC  0|TAMS 0x0000000701900000, 0x0000000701900000|
|  26|0x0000000701a00000, 0x0000000701affff8, 0x0000000701b00000| 99%| O|  |TS  0|AC  0|TAMS 0x0000000701a00000, 0x0000000701a00000|
|  27|0x0000000701b00000, 0x0000000701bffff0, 0x0000000701c00000| 99%| O|  |TS  0|AC  0|TAMS 0x0000000701b00000, 0x0000000701b00000|
|  28|0x0000000701c00000, 0x0000000701d00000, 0x0000000701d00000|100%| O|  |TS  0|AC  0|TAMS 0x0000000701c00000, 0x0000000701c00000|
|  29|0x0000000701d00000, 0x0000000701dfffd8, 0x0000000701e00000| 99%| O|  |TS  0|AC  0|TAMS 0x0000000701d00000, 0x0000000701d00000|
|  30|0x0000000701e00000, 0x0000000701effff8, 0x0000000701f00000| 99%| O|  |TS  0|AC  0|TAMS 0x0000000701e00000, 0x0000000701e00000|
|  31|0x0000000701f00000, 0x0000000702000000, 0x0000000702000000|100%| O|  |TS  0|AC  0|TAMS 0x0000000701f00000, 0x0000000701f00000|
|  32|0x0000000702000000, 0x00000007020fffc0, 0x0000000702100000| 99%| O|  |TS  0|AC  0|TAMS 0x0000000702000000, 0x0000000702000000|
|  33|0x0000000702100000, 0x00000007021ffff8, 0x0000000702200000| 99%| O|  |TS  0|AC  0|TAMS 0x0000000702100000, 0x0000000702100000|
|  34|0x0000000702200000, 0x00000007022ffd90, 0x0000000702300000| 99%| O|  |TS  0|AC  0|TAMS 0x0000000702200000, 0x0000000702200000|
|  35|0x0000000702300000, 0x00000007023fffb0, 0x0000000702400000| 99%| O|  |TS  0|AC  0|TAMS 0x0000000702300000, 0x0000000702300000|
|  36|0x0000000702400000, 0x00000007024ffff8, 0x0000000702500000| 99%| O|  |TS  0|AC  0|TAMS 0x0000000702400000, 0x0000000702400000|
|  37|0x0000000702500000, 0x00000007025fffd0, 0x0000000702600000| 99%| O|  |TS  0|AC  0|TAMS 0x0000000702500000, 0x0000000702500000|
|  38|0x0000000702600000, 0x00000007026ffff0, 0x0000000702700000| 99%| O|  |TS  0|AC  0|TAMS 0x0000000702600000, 0x0000000702600000|
|  39|0x0000000702700000, 0x0000000702800000, 0x0000000702800000|100%| O|  |TS  0|AC  0|TAMS 0x0000000702700000, 0x0000000702700000|
|  40|0x0000000702800000, 0x00000007028da398, 0x0000000702900000| 85%| O|  |TS  0|AC  0|TAMS 0x0000000702800000, 0x0000000702800000|
|  41|0x0000000702900000, 0x00000007029ffff8, 0x0000000702a00000| 99%| O|  |TS  0|AC  0|TAMS 0x0000000702900000, 0x0000000702900000|
|  42|0x0000000702a00000, 0x0000000702b00000, 0x0000000702b00000|100%|HS|  |TS  0|AC  0|TAMS 0x0000000702a00000, 0x0000000702a00000|
|  43|0x0000000702b00000, 0x0000000702c00000, 0x0000000702c00000|100%|HC|  |TS  0|AC  0|TAMS 0x0000000702b00000, 0x0000000702b00000|
|  44|0x0000000702c00000, 0x0000000702d00000, 0x0000000702d00000|100%|HC|  |TS  0|AC  0|TAMS 0x0000000702c00000, 0x0000000702c00000|
|  45|0x0000000702d00000, 0x0000000702e00000, 0x0000000702e00000|100%|HC|  |TS  0|AC  0|TAMS 0x0000000702d00000, 0x0000000702d00000|
|  46|0x0000000702e00000, 0x0000000702f00000, 0x0000000702f00000|100%|HC|  |TS  0|AC  0|TAMS 0x0000000702e00000, 0x0000000702e00000|
|  47|0x0000000702f00000, 0x0000000703000000, 0x0000000703000000|100%|HC|  |TS  0|AC  0|TAMS 0x0000000702f00000, 0x0000000702f00000|
|  48|0x0000000703000000, 0x0000000703100000, 0x0000000703100000|100%|HC|  |TS  0|AC  0|TAMS 0x0000000703000000, 0x0000000703000000|
|  49|0x0000000703100000, 0x0000000703200000, 0x0000000703200000|100%|HC|  |TS  0|AC  0|TAMS 0x0000000703100000, 0x0000000703100000|
|  50|0x0000000703200000, 0x0000000703300000, 0x0000000703300000|100%|HC|  |TS  0|AC  0|TAMS 0x0000000703200000, 0x0000000703200000|
|  51|0x0000000703300000, 0x0000000703400000, 0x0000000703400000|100%|HC|  |TS  0|AC  0|TAMS 0x0000000703300000, 0x0000000703300000|
|  52|0x0000000703400000, 0x0000000703500000, 0x0000000703500000|100%|HC|  |TS  0|AC  0|TAMS 0x0000000703400000, 0x0000000703400000|
|  53|0x0000000703500000, 0x0000000703600000, 0x0000000703600000|100%|HC|  |TS  0|AC  0|TAMS 0x0000000703500000, 0x0000000703500000|
|  54|0x0000000703600000, 0x0000000703700000, 0x0000000703700000|100%|HC|  |TS  0|AC  0|TAMS 0x0000000703600000, 0x0000000703600000|
|  55|0x0000000703700000, 0x0000000703800000, 0x0000000703800000|100%|HC|  |TS  0|AC  0|TAMS 0x0000000703700000, 0x0000000703700000|
|  56|0x0000000703800000, 0x00000007038fffe8, 0x0000000703900000| 99%| O|  |TS  0|AC  0|TAMS 0x0000000703800000, 0x0000000703800000|
|  57|0x0000000703900000, 0x00000007039ffff0, 0x0000000703a00000| 99%| O|  |TS  0|AC  0|TAMS 0x0000000703900000, 0x0000000703900000|
|  58|0x0000000703a00000, 0x0000000703affff0, 0x0000000703b00000| 99%| O|  |TS  0|AC  0|TAMS 0x0000000703a00000, 0x0000000703a00000|
|  59|0x0000000703b00000, 0x0000000703bfffe8, 0x0000000703c00000| 99%| O|  |TS  0|AC  0|TAMS 0x0000000703b00000, 0x0000000703b00000|
|  60|0x0000000703c00000, 0x0000000703cfff78, 0x0000000703d00000| 99%| O|  |TS  0|AC  0|TAMS 0x0000000703c00000, 0x0000000703c00000|
|  61|0x0000000703d00000, 0x0000000703dffff8, 0x0000000703e00000| 99%| O|  |TS  0|AC  0|TAMS 0x0000000703d00000, 0x0000000703d00000|
|  62|0x0000000703e00000, 0x0000000703effff8, 0x0000000703f00000| 99%| O|  |TS  0|AC  0|TAMS 0x0000000703e00000, 0x0000000703e00000|
|  63|0x0000000703f00000, 0x0000000703ffffd0, 0x0000000704000000| 99%| O|  |TS  0|AC  0|TAMS 0x0000000703f00000, 0x0000000703f00000|
|  64|0x0000000704000000, 0x00000007040ffff0, 0x0000000704100000| 99%| O|  |TS  0|AC  0|TAMS 0x0000000704000000, 0x0000000704000000|
|  65|0x0000000704100000, 0x00000007041ffe28, 0x0000000704200000| 99%| O|  |TS  0|AC  0|TAMS 0x0000000704100000, 0x0000000704100000|
|  66|0x0000000704200000, 0x00000007042fffc8, 0x0000000704300000| 99%| O|  |TS  0|AC  0|TAMS 0x0000000704200000, 0x0000000704200000|
|  67|0x0000000704300000, 0x00000007043ffac8, 0x0000000704400000| 99%| O|  |TS  0|AC  0|TAMS 0x0000000704300000, 0x0000000704300000|
|  68|0x0000000704400000, 0x00000007044ffff0, 0x0000000704500000| 99%| O|  |TS  0|AC  0|TAMS 0x0000000704400000, 0x0000000704400000|
|  69|0x0000000704500000, 0x0000000704600000, 0x0000000704600000|100%| O|  |TS  0|AC  0|TAMS 0x0000000704500000, 0x0000000704500000|
|  70|0x0000000704600000, 0x00000007046ffff8, 0x0000000704700000| 99%| O|  |TS  0|AC  0|TAMS 0x0000000704600000, 0x0000000704600000|
|  71|0x0000000704700000, 0x00000007047e0210, 0x0000000704800000| 87%| O|  |TS  0|AC  0|TAMS 0x0000000704700000, 0x0000000704700000|
|  72|0x0000000704800000, 0x0000000704900000, 0x0000000704900000|100%|HS|  |TS  0|AC  0|TAMS 0x0000000704800000, 0x0000000704800000|
|  73|0x0000000704900000, 0x0000000704a00000, 0x0000000704a00000|100%|HC|  |TS  0|AC  0|TAMS 0x0000000704900000, 0x0000000704900000|
|  74|0x0000000704a00000, 0x0000000704a55e00, 0x0000000704b00000| 33%| O|  |TS 41|AC  0|TAMS 0x0000000704a00000, 0x0000000704a00000|
|  75|0x0000000704b00000, 0x0000000704b00000, 0x0000000704c00000|  0%| F|  |TS  0|AC  0|TAMS 0x0000000704b00000, 0x0000000704b00000|
|  76|0x0000000704c00000, 0x0000000704c00000, 0x0000000704d00000|  0%| F|  |TS  0|AC  0|TAMS 0x0000000704c00000, 0x0000000704c00000|
|  77|0x0000000704d00000, 0x0000000704d00000, 0x0000000704e00000|  0%| F|  |TS  0|AC  0|TAMS 0x0000000704d00000, 0x0000000704d00000|
|  78|0x0000000704e00000, 0x0000000704e00000, 0x0000000704f00000|  0%| F|  |TS  0|AC  0|TAMS 0x0000000704e00000, 0x0000000704e00000|
|  79|0x0000000704f00000, 0x0000000704f00000, 0x0000000705000000|  0%| F|  |TS  0|AC  0|TAMS 0x0000000704f00000, 0x0000000704f00000|
|  80|0x0000000705000000, 0x0000000705000000, 0x0000000705100000|  0%| F|  |TS  0|AC  0|TAMS 0x0000000705000000, 0x0000000705000000|
|  81|0x0000000705100000, 0x0000000705100000, 0x0000000705200000|  0%| F|  |TS  0|AC  0|TAMS 0x0000000705100000, 0x0000000705100000|
|  82|0x0000000705200000, 0x0000000705300000, 0x0000000705300000|100%|HS|  |TS  0|AC  0|TAMS 0x0000000705200000, 0x0000000705200000|
|  83|0x0000000705300000, 0x0000000705400000, 0x0000000705400000|100%|HC|  |TS  0|AC  0|TAMS 0x0000000705300000, 0x0000000705300000|
|  84|0x0000000705400000, 0x0000000705500000, 0x0000000705500000|100%|HC|  |TS  0|AC  0|TAMS 0x0000000705400000, 0x0000000705400000|
|  85|0x0000000705500000, 0x0000000705600000, 0x0000000705600000|100%|HC|  |TS  0|AC  0|TAMS 0x0000000705500000, 0x0000000705500000|
|  86|0x0000000705600000, 0x0000000705700000, 0x0000000705700000|100%|HC|  |TS  0|AC  0|TAMS 0x0000000705600000, 0x0000000705600000|
|  87|0x0000000705700000, 0x0000000705800000, 0x0000000705800000|100%|HC|  |TS  0|AC  0|TAMS 0x0000000705700000, 0x0000000705700000|
|  88|0x0000000705800000, 0x0000000705800000, 0x0000000705900000|  0%| F|  |TS  0|AC  0|TAMS 0x0000000705800000, 0x0000000705800000|
|  89|0x0000000705900000, 0x0000000705900000, 0x0000000705a00000|  0%| F|  |TS  0|AC  0|TAMS 0x0000000705900000, 0x0000000705900000|
|  90|0x0000000705a00000, 0x0000000705a00000, 0x0000000705b00000|  0%| F|  |TS  0|AC  0|TAMS 0x0000000705a00000, 0x0000000705a00000|
|  91|0x0000000705b00000, 0x0000000705b00000, 0x0000000705c00000|  0%| F|  |TS  0|AC  0|TAMS 0x0000000705b00000, 0x0000000705b00000|
|  92|0x0000000705c00000, 0x0000000705c00000, 0x0000000705d00000|  0%| F|  |TS  0|AC  0|TAMS 0x0000000705c00000, 0x0000000705c00000|
|  93|0x0000000705d00000, 0x0000000705d00000, 0x0000000705e00000|  0%| F|  |TS  0|AC  0|TAMS 0x0000000705d00000, 0x0000000705d00000|
|  94|0x0000000705e00000, 0x0000000705e00000, 0x0000000705f00000|  0%| F|  |TS  0|AC  0|TAMS 0x0000000705e00000, 0x0000000705e00000|
|  95|0x0000000705f00000, 0x0000000705f00000, 0x0000000706000000|  0%| F|  |TS  0|AC  0|TAMS 0x0000000705f00000, 0x0000000705f00000|
|  96|0x0000000706000000, 0x0000000706000000, 0x0000000706100000|  0%| F|  |TS  0|AC  0|TAMS 0x0000000706000000, 0x0000000706000000|
|  97|0x0000000706100000, 0x0000000706100000, 0x0000000706200000|  0%| F|  |TS  0|AC  0|TAMS 0x0000000706100000, 0x0000000706100000|
|  98|0x0000000706200000, 0x0000000706200000, 0x0000000706300000|  0%| F|  |TS  0|AC  0|TAMS 0x0000000706200000, 0x0000000706200000|
|  99|0x0000000706300000, 0x0000000706300000, 0x0000000706400000|  0%| F|  |TS  0|AC  0|TAMS 0x0000000706300000, 0x0000000706300000|
| 100|0x0000000706400000, 0x0000000706400000, 0x0000000706500000|  0%| F|  |TS  0|AC  0|TAMS 0x0000000706400000, 0x0000000706400000|
| 101|0x0000000706500000, 0x0000000706500000, 0x0000000706600000|  0%| F|  |TS  0|AC  0|TAMS 0x0000000706500000, 0x0000000706500000|
| 102|0x0000000706600000, 0x0000000706600000, 0x0000000706700000|  0%| F|  |TS  0|AC  0|TAMS 0x0000000706600000, 0x0000000706600000|
| 103|0x0000000706700000, 0x0000000706700000, 0x0000000706800000|  0%| F|  |TS  0|AC  0|TAMS 0x0000000706700000, 0x0000000706700000|
| 104|0x0000000706800000, 0x0000000706800000, 0x0000000706900000|  0%| F|  |TS  0|AC  0|TAMS 0x0000000706800000, 0x0000000706800000|
| 105|0x0000000706900000, 0x0000000706900000, 0x0000000706a00000|  0%| F|  |TS  0|AC  0|TAMS 0x0000000706900000, 0x0000000706900000|
| 106|0x0000000706a00000, 0x0000000706a00000, 0x0000000706b00000|  0%| F|  |TS  0|AC  0|TAMS 0x0000000706a00000, 0x0000000706a00000|
| 107|0x0000000706b00000, 0x0000000706b00000, 0x0000000706c00000|  0%| F|  |TS  0|AC  0|TAMS 0x0000000706b00000, 0x0000000706b00000|
| 108|0x0000000706c00000, 0x0000000706c00000, 0x0000000706d00000|  0%| F|  |TS  0|AC  0|TAMS 0x0000000706c00000, 0x0000000706c00000|
| 109|0x0000000706d00000, 0x0000000706d00000, 0x0000000706e00000|  0%| F|  |TS  0|AC  0|TAMS 0x0000000706d00000, 0x0000000706d00000|
| 110|0x0000000706e00000, 0x0000000706e00000, 0x0000000706f00000|  0%| F|  |TS  0|AC  0|TAMS 0x0000000706e00000, 0x0000000706e00000|
| 111|0x0000000706f00000, 0x0000000706f00000, 0x0000000707000000|  0%| F|  |TS  0|AC  0|TAMS 0x0000000706f00000, 0x0000000706f00000|
| 112|0x0000000707000000, 0x0000000707000000, 0x0000000707100000|  0%| F|  |TS  0|AC  0|TAMS 0x0000000707000000, 0x0000000707000000|
| 113|0x0000000707100000, 0x0000000707100000, 0x0000000707200000|  0%| F|  |TS  0|AC  0|TAMS 0x0000000707100000, 0x0000000707100000|
| 114|0x0000000707200000, 0x0000000707200000, 0x0000000707300000|  0%| F|  |TS  0|AC  0|TAMS 0x0000000707200000, 0x0000000707200000|
| 115|0x0000000707300000, 0x0000000707300000, 0x0000000707400000|  0%| F|  |TS  0|AC  0|TAMS 0x0000000707300000, 0x0000000707300000|
| 116|0x0000000707400000, 0x0000000707400000, 0x0000000707500000|  0%| F|  |TS  0|AC  0|TAMS 0x0000000707400000, 0x0000000707400000|
| 117|0x0000000707500000, 0x0000000707500000, 0x0000000707600000|  0%| F|  |TS  0|AC  0|TAMS 0x0000000707500000, 0x0000000707500000|
| 118|0x0000000707600000, 0x0000000707600000, 0x0000000707700000|  0%| F|  |TS  0|AC  0|TAMS 0x0000000707600000, 0x0000000707600000|
| 119|0x0000000707700000, 0x0000000707700000, 0x0000000707800000|  0%| F|  |TS  0|AC  0|TAMS 0x0000000707700000, 0x0000000707700000|
| 120|0x0000000707800000, 0x0000000707800000, 0x0000000707900000|  0%| F|  |TS  0|AC  0|TAMS 0x0000000707800000, 0x0000000707800000|
| 121|0x0000000707900000, 0x0000000707900000, 0x0000000707a00000|  0%| F|  |TS  0|AC  0|TAMS 0x0000000707900000, 0x0000000707900000|
| 122|0x0000000707a00000, 0x0000000707a00000, 0x0000000707b00000|  0%| F|  |TS  0|AC  0|TAMS 0x0000000707a00000, 0x0000000707a00000|
| 123|0x0000000707b00000, 0x0000000707b00000, 0x0000000707c00000|  0%| F|  |TS 33|AC  0|TAMS 0x0000000707b00000, 0x0000000707b00000|
| 124|0x0000000707c00000, 0x0000000707c00000, 0x0000000707d00000|  0%| F|  |TS 41|AC  0|TAMS 0x0000000707c00000, 0x0000000707c00000|
| 125|0x0000000707d00000, 0x0000000707dd8d00, 0x0000000707e00000| 84%| S|CS|TS 41|AC  0|TAMS 0x0000000707d00000, 0x0000000707d00000|
| 126|0x0000000707e00000, 0x0000000707e00000, 0x0000000707f00000|  0%| F|  |TS 41|AC  0|TAMS 0x0000000707e00000, 0x0000000707e00000|
| 127|0x0000000707f00000, 0x0000000707f00000, 0x0000000708000000|  0%| F|  |TS 41|AC  0|TAMS 0x0000000707f00000, 0x0000000707f00000|
| 128|0x0000000708000000, 0x0000000708000000, 0x0000000708100000|  0%| F|  |TS 41|AC  0|TAMS 0x0000000708000000, 0x0000000708000000|
| 129|0x0000000708100000, 0x0000000708100000, 0x0000000708200000|  0%| F|  |TS 41|AC  0|TAMS 0x0000000708100000, 0x0000000708100000|
| 130|0x0000000708200000, 0x0000000708200000, 0x0000000708300000|  0%| F|  |TS 41|AC  0|TAMS 0x0000000708200000, 0x0000000708200000|
| 131|0x0000000708300000, 0x0000000708300000, 0x0000000708400000|  0%| F|  |TS 41|AC  0|TAMS 0x0000000708300000, 0x0000000708300000|
| 132|0x0000000708400000, 0x0000000708400000, 0x0000000708500000|  0%| F|  |TS 41|AC  0|TAMS 0x0000000708400000, 0x0000000708400000|
| 133|0x0000000708500000, 0x0000000708500000, 0x0000000708600000|  0%| F|  |TS 41|AC  0|TAMS 0x0000000708500000, 0x0000000708500000|
| 134|0x0000000708600000, 0x0000000708600000, 0x0000000708700000|  0%| F|  |TS 41|AC  0|TAMS 0x0000000708600000, 0x0000000708600000|
| 135|0x0000000708700000, 0x0000000708700000, 0x0000000708800000|  0%| F|  |TS 41|AC  0|TAMS 0x0000000708700000, 0x0000000708700000|
| 136|0x0000000708800000, 0x0000000708800000, 0x0000000708900000|  0%| F|  |TS 41|AC  0|TAMS 0x0000000708800000, 0x0000000708800000|
| 137|0x0000000708900000, 0x0000000708900000, 0x0000000708a00000|  0%| F|  |TS 41|AC  0|TAMS 0x0000000708900000, 0x0000000708900000|
| 138|0x0000000708a00000, 0x0000000708a00000, 0x0000000708b00000|  0%| F|  |TS 41|AC  0|TAMS 0x0000000708a00000, 0x0000000708a00000|
| 139|0x0000000708b00000, 0x0000000708b00000, 0x0000000708c00000|  0%| F|  |TS 41|AC  0|TAMS 0x0000000708b00000, 0x0000000708b00000|
| 140|0x0000000708c00000, 0x0000000708c00000, 0x0000000708d00000|  0%| F|  |TS 41|AC  0|TAMS 0x0000000708c00000, 0x0000000708c00000|
| 141|0x0000000708d00000, 0x0000000708d00000, 0x0000000708e00000|  0%| F|  |TS 41|AC  0|TAMS 0x0000000708d00000, 0x0000000708d00000|
| 142|0x0000000708e00000, 0x0000000708e00000, 0x0000000708f00000|  0%| F|  |TS 41|AC  0|TAMS 0x0000000708e00000, 0x0000000708e00000|
| 143|0x0000000708f00000, 0x0000000708f00000, 0x0000000709000000|  0%| F|  |TS 41|AC  0|TAMS 0x0000000708f00000, 0x0000000708f00000|
| 144|0x0000000709000000, 0x0000000709000000, 0x0000000709100000|  0%| F|  |TS 41|AC  0|TAMS 0x0000000709000000, 0x0000000709000000|
| 145|0x0000000709100000, 0x0000000709100000, 0x0000000709200000|  0%| F|  |TS 41|AC  0|TAMS 0x0000000709100000, 0x0000000709100000|
| 146|0x0000000709200000, 0x0000000709200000, 0x0000000709300000|  0%| F|  |TS 41|AC  0|TAMS 0x0000000709200000, 0x0000000709200000|
| 147|0x0000000709300000, 0x0000000709300000, 0x0000000709400000|  0%| F|  |TS 41|AC  0|TAMS 0x0000000709300000, 0x0000000709300000|
| 148|0x0000000709400000, 0x0000000709400000, 0x0000000709500000|  0%| F|  |TS 41|AC  0|TAMS 0x0000000709400000, 0x0000000709400000|
| 149|0x0000000709500000, 0x0000000709500000, 0x0000000709600000|  0%| F|  |TS 41|AC  0|TAMS 0x0000000709500000, 0x0000000709500000|
| 150|0x0000000709600000, 0x0000000709600000, 0x0000000709700000|  0%| F|  |TS 41|AC  0|TAMS 0x0000000709600000, 0x0000000709600000|
| 151|0x0000000709700000, 0x0000000709700000, 0x0000000709800000|  0%| F|  |TS 41|AC  0|TAMS 0x0000000709700000, 0x0000000709700000|
| 152|0x0000000709800000, 0x0000000709800000, 0x0000000709900000|  0%| F|  |TS 41|AC  0|TAMS 0x0000000709800000, 0x0000000709800000|
| 153|0x0000000709900000, 0x0000000709900000, 0x0000000709a00000|  0%| F|  |TS 41|AC  0|TAMS 0x0000000709900000, 0x0000000709900000|
| 154|0x0000000709a00000, 0x0000000709a00000, 0x0000000709b00000|  0%| F|  |TS 41|AC  0|TAMS 0x0000000709a00000, 0x0000000709a00000|
| 155|0x0000000709b00000, 0x0000000709b00000, 0x0000000709c00000|  0%| F|  |TS 41|AC  0|TAMS 0x0000000709b00000, 0x0000000709b00000|
| 156|0x0000000709c00000, 0x0000000709c00000, 0x0000000709d00000|  0%| F|  |TS 41|AC  0|TAMS 0x0000000709c00000, 0x0000000709c00000|
| 157|0x0000000709d00000, 0x0000000709d00000, 0x0000000709e00000|  0%| F|  |TS 41|AC  0|TAMS 0x0000000709d00000, 0x0000000709d00000|
| 158|0x0000000709e00000, 0x0000000709e00000, 0x0000000709f00000|  0%| F|  |TS 41|AC  0|TAMS 0x0000000709e00000, 0x0000000709e00000|
| 159|0x0000000709f00000, 0x0000000709f00000, 0x000000070a000000|  0%| F|  |TS 41|AC  0|TAMS 0x0000000709f00000, 0x0000000709f00000|
| 160|0x000000070a000000, 0x000000070a000000, 0x000000070a100000|  0%| F|  |TS 41|AC  0|TAMS 0x000000070a000000, 0x000000070a000000|
| 161|0x000000070a100000, 0x000000070a100000, 0x000000070a200000|  0%| F|  |TS 41|AC  0|TAMS 0x000000070a100000, 0x000000070a100000|
| 162|0x000000070a200000, 0x000000070a200000, 0x000000070a300000|  0%| F|  |TS 41|AC  0|TAMS 0x000000070a200000, 0x000000070a200000|
| 163|0x000000070a300000, 0x000000070a300000, 0x000000070a400000|  0%| F|  |TS 41|AC  0|TAMS 0x000000070a300000, 0x000000070a300000|
| 164|0x000000070a400000, 0x000000070a400000, 0x000000070a500000|  0%| F|  |TS 41|AC  0|TAMS 0x000000070a400000, 0x000000070a400000|
| 165|0x000000070a500000, 0x000000070a500000, 0x000000070a600000|  0%| F|  |TS 41|AC  0|TAMS 0x000000070a500000, 0x000000070a500000|
| 166|0x000000070a600000, 0x000000070a600000, 0x000000070a700000|  0%| F|  |TS 41|AC  0|TAMS 0x000000070a600000, 0x000000070a600000|
| 167|0x000000070a700000, 0x000000070a700000, 0x000000070a800000|  0%| F|  |TS 41|AC  0|TAMS 0x000000070a700000, 0x000000070a700000|
| 168|0x000000070a800000, 0x000000070a800000, 0x000000070a900000|  0%| F|  |TS 41|AC  0|TAMS 0x000000070a800000, 0x000000070a800000|
| 169|0x000000070a900000, 0x000000070a900000, 0x000000070aa00000|  0%| F|  |TS 41|AC  0|TAMS 0x000000070a900000, 0x000000070a900000|
| 170|0x000000070aa00000, 0x000000070aa00000, 0x000000070ab00000|  0%| F|  |TS 41|AC  0|TAMS 0x000000070aa00000, 0x000000070aa00000|
| 171|0x000000070ab00000, 0x000000070ab00000, 0x000000070ac00000|  0%| F|  |TS 41|AC  0|TAMS 0x000000070ab00000, 0x000000070ab00000|
| 172|0x000000070ac00000, 0x000000070ac00000, 0x000000070ad00000|  0%| F|  |TS 41|AC  0|TAMS 0x000000070ac00000, 0x000000070ac00000|
| 173|0x000000070ad00000, 0x000000070ad00000, 0x000000070ae00000|  0%| F|  |TS 41|AC  0|TAMS 0x000000070ad00000, 0x000000070ad00000|
| 174|0x000000070ae00000, 0x000000070ae00000, 0x000000070af00000|  0%| F|  |TS 41|AC  0|TAMS 0x000000070ae00000, 0x000000070ae00000|
| 175|0x000000070af00000, 0x000000070af9b670, 0x000000070b000000| 60%| E|  |TS 41|AC  0|TAMS 0x000000070af00000, 0x000000070af00000|
| 176|0x000000070b000000, 0x000000070b100000, 0x000000070b100000|100%| E|CS|TS 41|AC  0|TAMS 0x000000070b000000, 0x000000070b000000|
| 177|0x000000070b100000, 0x000000070b200000, 0x000000070b200000|100%| E|CS|TS 41|AC  0|TAMS 0x000000070b100000, 0x000000070b100000|
| 178|0x000000070b200000, 0x000000070b300000, 0x000000070b300000|100%| E|CS|TS 41|AC  0|TAMS 0x000000070b200000, 0x000000070b200000|
| 179|0x000000070b300000, 0x000000070b400000, 0x000000070b400000|100%| E|CS|TS 41|AC  0|TAMS 0x000000070b300000, 0x000000070b300000|
| 180|0x000000070b400000, 0x000000070b500000, 0x000000070b500000|100%| E|CS|TS 41|AC  0|TAMS 0x000000070b400000, 0x000000070b400000|
| 181|0x000000070b500000, 0x000000070b600000, 0x000000070b600000|100%| E|CS|TS 41|AC  0|TAMS 0x000000070b500000, 0x000000070b500000|
| 182|0x000000070b600000, 0x000000070b700000, 0x000000070b700000|100%| E|CS|TS 41|AC  0|TAMS 0x000000070b600000, 0x000000070b600000|
| 183|0x000000070b700000, 0x000000070b800000, 0x000000070b800000|100%| E|CS|TS 41|AC  0|TAMS 0x000000070b700000, 0x000000070b700000|
| 184|0x000000070b800000, 0x000000070b900000, 0x000000070b900000|100%| E|CS|TS 41|AC  0|TAMS 0x000000070b800000, 0x000000070b800000|

Card table byte_map: [0x000001e940cd0000,0x000001e9412d0000] byte_map_base: 0x000001e93d4d0000

Marking Bits (Prev, Next): (CMBitMap*) 0x000001e9406c5b30, (CMBitMap*) 0x000001e9406c5b68
 Prev Bits: [0x000001e959eb0000, 0x000001e95ceb0000)
 Next Bits: [0x000001e95ceb0000, 0x000001e95feb0000)

Polling page: 0x000001e936d20000

CodeHeap 'non-profiled nmethods': size=120000Kb used=20153Kb max_used=21423Kb free=99846Kb
 bounds [0x000001e952980000, 0x000001e953e70000, 0x000001e959eb0000]
CodeHeap 'profiled nmethods': size=120000Kb used=40139Kb max_used=44156Kb free=79860Kb
 bounds [0x000001e94b450000, 0x000001e94dfb0000, 0x000001e952980000]
CodeHeap 'non-nmethods': size=5760Kb used=1790Kb max_used=1849Kb free=3969Kb
 bounds [0x000001e94aeb0000, 0x000001e94b120000, 0x000001e94b450000]
 total_blobs=30685 nmethods=16595 adapters=1118
 compilation: enabled

Compilation events (10 events):
Event: 1158.986 Thread 0x000001e93fa5f800 21067       3       com.jidesoft.grid.RootExpandableRow::a (109 bytes)
Event: 1158.987 Thread 0x000001e93fa5f800 nmethod 21067 0x000001e94b6b2b90 code [0x000001e94b6b2de0, 0x000001e94b6b39e0]
Event: 1158.987 Thread 0x000001e93fa5f800 21066       3       com.jidesoft.grid.RootExpandableRow::notifyChildDeleted (88 bytes)
Event: 1158.987 Thread 0x000001e93fa5f800 nmethod 21066 0x000001e94b6c1010 code [0x000001e94b6c1220, 0x000001e94b6c1bb0]
Event: 1158.987 Thread 0x000001e93fa5f800 21068       3       javax.swing.table.AbstractTableModel::fireTableRowsDeleted (17 bytes)
Event: 1158.987 Thread 0x000001e93fa5f800 nmethod 21068 0x000001e94b66d810 code [0x000001e94b66d9e0, 0x000001e94b66de10]
Event: 1158.987 Thread 0x000001e93fa5f800 21069   !   3       com.jidesoft.grid.FilterableTableModel::tableRowsDeleted (68 bytes)
Event: 1158.988 Thread 0x000001e93fa5f800 nmethod 21069 0x000001e94b73fc90 code [0x000001e94b73fee0, 0x000001e94b7408a0]
Event: 1158.988 Thread 0x000001e93fa5f800 21070       3       com.jidesoft.grid.FilterableTableModel::b (656 bytes)
Event: 1158.995 Thread 0x000001e93fa5f800 nmethod 21070 0x000001e94c119410 code [0x000001e94c119b60, 0x000001e94c1204a0]

GC Heap History (10 events):
Event: 1136.862 GC heap before
{Heap before GC invocations=266 (full 33):
 garbage-first heap   total 189440K, used 141925K [0x0000000700000000, 0x00000007001005c8, 0x00000007c0000000)
  region size 1024K, 60 young (61440K), 2 survivors (2048K)
 Metaspace       used 84989K, capacity 91189K, committed 91392K, reserved 1128448K
  class space    used 11627K, capacity 12683K, committed 12800K, reserved 1048576K
}
Event: 1136.867 GC heap after
{Heap after GC invocations=267 (full 33):
 garbage-first heap   total 189440K, used 82081K [0x0000000700000000, 0x00000007001005c8, 0x00000007c0000000)
  region size 1024K, 1 young (1024K), 1 survivors (1024K)
 Metaspace       used 84989K, capacity 91189K, committed 91392K, reserved 1128448K
  class space    used 11627K, capacity 12683K, committed 12800K, reserved 1048576K
}
Event: 1137.295 GC heap before
{Heap before GC invocations=267 (full 33):
 garbage-first heap   total 189440K, used 142497K [0x0000000700000000, 0x00000007001005c8, 0x00000007c0000000)
  region size 1024K, 60 young (61440K), 1 survivors (1024K)
 Metaspace       used 84991K, capacity 91189K, committed 91392K, reserved 1128448K
  class space    used 11627K, capacity 12683K, committed 12800K, reserved 1048576K
}
Event: 1137.299 GC heap after
{Heap after GC invocations=268 (full 33):
 garbage-first heap   total 189440K, used 82034K [0x0000000700000000, 0x00000007001005c8, 0x00000007c0000000)
  region size 1024K, 1 young (1024K), 1 survivors (1024K)
 Metaspace       used 84991K, capacity 91189K, committed 91392K, reserved 1128448K
  class space    used 11627K, capacity 12683K, committed 12800K, reserved 1048576K
}
Event: 1138.628 GC heap before
{Heap before GC invocations=268 (full 33):
 garbage-first heap   total 189440K, used 142450K [0x0000000700000000, 0x00000007001005c8, 0x00000007c0000000)
  region size 1024K, 60 young (61440K), 1 survivors (1024K)
 Metaspace       used 84994K, capacity 91189K, committed 91392K, reserved 1128448K
  class space    used 11627K, capacity 12683K, committed 12800K, reserved 1048576K
}
Event: 1138.633 GC heap after
{Heap after GC invocations=269 (full 33):
 garbage-first heap   total 189440K, used 82106K [0x0000000700000000, 0x00000007001005c8, 0x00000007c0000000)
  region size 1024K, 1 young (1024K), 1 survivors (1024K)
 Metaspace       used 84994K, capacity 91189K, committed 91392K, reserved 1128448K
  class space    used 11627K, capacity 12683K, committed 12800K, reserved 1048576K
}
Event: 1139.317 GC heap before
{Heap before GC invocations=269 (full 33):
 garbage-first heap   total 189440K, used 142522K [0x0000000700000000, 0x00000007001005c8, 0x00000007c0000000)
  region size 1024K, 60 young (61440K), 1 survivors (1024K)
 Metaspace       used 84996K, capacity 91189K, committed 91392K, reserved 1128448K
  class space    used 11627K, capacity 12683K, committed 12800K, reserved 1048576K
}
Event: 1139.320 GC heap after
{Heap after GC invocations=270 (full 33):
 garbage-first heap   total 189440K, used 82142K [0x0000000700000000, 0x00000007001005c8, 0x00000007c0000000)
  region size 1024K, 1 young (1024K), 1 survivors (1024K)
 Metaspace       used 84996K, capacity 91189K, committed 91392K, reserved 1128448K
  class space    used 11627K, capacity 12683K, committed 12800K, reserved 1048576K
}
Event: 1150.520 GC heap before
{Heap before GC invocations=270 (full 33):
 garbage-first heap   total 189440K, used 142558K [0x0000000700000000, 0x00000007001005c8, 0x00000007c0000000)
  region size 1024K, 60 young (61440K), 1 survivors (1024K)
 Metaspace       used 85046K, capacity 91285K, committed 91648K, reserved 1128448K
  class space    used 11634K, capacity 12715K, committed 12800K, reserved 1048576K
}
Event: 1150.524 GC heap after
{Heap after GC invocations=271 (full 33):
 garbage-first heap   total 189440K, used 82205K [0x0000000700000000, 0x00000007001005c8, 0x00000007c0000000)
  region size 1024K, 1 young (1024K), 1 survivors (1024K)
 Metaspace       used 85046K, capacity 91285K, committed 91648K, reserved 1128448K
  class space    used 11634K, capacity 12715K, committed 12800K, reserved 1048576K
}

Deoptimization events (10 events):
Event: 956.355 Thread 0x000001e9628b0000 Uncommon trap: reason=unstable_if action=reinterpret pc=0x000001e95331b4fc method=sun.java2d.SurfaceData.validatePipe(Lsun/java2d/SunGraphics2D;)V @ 12 c2
Event: 956.355 Thread 0x000001e9628b0000 Uncommon trap: reason=unstable_if action=reinterpret pc=0x000001e953305dcc method=sun.java2d.SurfaceData.canRenderParallelograms(Lsun/java2d/SunGraphics2D;)Z @ 13 c2
Event: 956.355 Thread 0x000001e9628b0000 Uncommon trap: reason=unstable_if action=reinterpret pc=0x000001e952e19398 method=sun.java2d.loops.GraphicsPrimitiveMgr.locateGeneral(I)Lsun/java2d/loops/GraphicsPrimitive; @ 15 c2
Event: 956.355 Thread 0x000001e9628b0000 Uncommon trap: reason=unstable_if action=reinterpret pc=0x000001e9533182a0 method=sun.awt.image.BufImgSurfaceData.getRenderLoops(Lsun/java2d/SunGraphics2D;)Lsun/java2d/loops/RenderLoops; @ 12 c2
Event: 956.355 Thread 0x000001e9628b0000 Uncommon trap: reason=class_check action=maybe_recompile pc=0x000001e953d07fb0 method=sun.java2d.SunGraphics2D.drawChars([CIIII)V @ 106 c2
Event: 956.747 Thread 0x000001e9628b0000 Uncommon trap: reason=unstable_if action=reinterpret pc=0x000001e953afb320 method=com.jidesoft.document.c.a(Ljava/awt/AWTEvent;)V @ 398 c2
Event: 1132.377 Thread 0x000001e9628b0000 Uncommon trap: reason=unstable_if action=reinterpret pc=0x000001e953cd5bb4 method=javax.swing.JTree.getExpandedDescendants(Ljavax/swing/tree/TreePath;)Ljava/util/Enumeration; @ 5 c2
Event: 1137.249 Thread 0x000001e9628b0000 Uncommon trap: reason=class_check action=maybe_recompile pc=0x000001e952f58af0 method=java.util.HashMap.removeNode(ILjava/lang/Object;Ljava/lang/Object;ZZ)Ljava/util/HashMap$Node; @ 68 c2
Event: 1140.490 Thread 0x000001e9628b0000 Uncommon trap: reason=bimorphic_or_optimized_type_check action=maybe_recompile pc=0x000001e9533cac78 method=java.awt.Component.addNotify()V @ 200 c2
Event: 1147.077 Thread 0x000001e9628b0000 Uncommon trap: reason=class_check action=maybe_recompile pc=0x000001e9538b144c method=javax.swing.plaf.synth.ParsedSynthStyle$DelegatingPainter.paintPanelBackground(Ljavax/swing/plaf/synth/SynthContext;Ljava/awt/Graphics;IIII)V @ 16 c2

Classes redefined (0 events):
No events

Internal exceptions (10 events):
Event: 466.340 Thread 0x000001e9628b0000 Exception <a 'java/lang/NoSuchMethodError'{0x00000007097199c8}: java.lang.invoke.DirectMethodHandle$Holder.invokeSpecial(Ljava/lang/Object;Ljava/lang/Object;Ljava/lang/Object;IILjava/lang/Object;Ljava/lang/Object;Ljava/lang/Object;Ljava/lang/Object;Ljava/
Event: 466.340 Thread 0x000001e9628b0000 Exception <a 'java/lang/NoSuchMethodError'{0x000000070971e460}: java.lang.invoke.DelegatingMethodHandle$Holder.reinvoke_L(Ljava/lang/Object;Ljava/lang/Object;IILjava/lang/Object;Ljava/lang/Object;Ljava/lang/Object;Ljava/lang/Object;Ljava/lang/Object;Ljava
Event: 466.341 Thread 0x000001e9628b0000 Exception <a 'java/lang/NoSuchMethodError'{0x00000007097918a0}: java.lang.invoke.DirectMethodHandle$Holder.invokeSpecial(Ljava/lang/Object;Ljava/lang/Object;IILjava/lang/Object;Ljava/lang/Object;Ljava/lang/Object;Ljava/lang/Object;Ljava/lang/Object;Ljava/
Event: 466.341 Thread 0x000001e9628b0000 Exception <a 'java/lang/NoSuchMethodError'{0x0000000709795ac8}: java.lang.invoke.DelegatingMethodHandle$Holder.reinvoke_L(Ljava/lang/Object;IILjava/lang/Object;Ljava/lang/Object;Ljava/lang/Object;Ljava/lang/Object;Ljava/lang/Object;Ljava/lang/Object;Ljava
Event: 466.342 Thread 0x000001e9628b0000 Exception <a 'java/lang/NoSuchMethodError'{0x00000007097e71d8}: java.lang.invoke.DirectMethodHandle$Holder.invokeSpecial(Ljava/lang/Object;Ljava/lang/Object;Ljava/lang/Object;Ljava/lang/Object;Ljava/lang/Object;Ljava/lang/Object;Ljava/lang/Object;Ljava/la
Event: 466.344 Thread 0x000001e9628b0000 Exception <a 'java/lang/NoSuchMethodError'{0x000000070966e8d0}: java.lang.invoke.DirectMethodHandle$Holder.invokeSpecial(Ljava/lang/Object;Ljava/lang/Object;IILjava/lang/Object;IILjava/lang/Object;Ljava/lang/Object;)Ljava/lang/Object;> (0x000000070966e8d0
Event: 466.345 Thread 0x000001e9628b0000 Exception <a 'java/lang/NoSuchMethodError'{0x0000000709672208}: java.lang.invoke.DelegatingMethodHandle$Holder.reinvoke_L(Ljava/lang/Object;IILjava/lang/Object;IILjava/lang/Object;Ljava/lang/Object;)Ljava/lang/Object;> (0x0000000709672208) thrown at [t:/w
Event: 466.345 Thread 0x000001e9628b0000 Exception <a 'java/lang/NoSuchMethodError'{0x00000007096c91c8}: java.lang.invoke.DirectMethodHandle$Holder.invokeSpecial(Ljava/lang/Object;Ljava/lang/Object;Ljava/lang/Object;IILjava/lang/Object;Ljava/lang/Object;)Ljava/lang/Object;> (0x00000007096c91c8) 
Event: 694.157 Thread 0x000001e9658ac000 Exception <a 'java/lang/InterruptedException'{0x0000000708495a40}: sleep interrupted> (0x0000000708495a40) thrown at [t:/workspace/hotspot/src/share/vm/prims/jvm.cpp, line 2984]
Event: 694.163 Thread 0x000001e9658ac000 Exception <a 'java/lang/InterruptedException'{0x00000007084a3260}: sleep interrupted> (0x00000007084a3260) thrown at [t:/workspace/hotspot/src/share/vm/prims/jvm.cpp, line 2984]

Events (10 events):
Event: 1157.407 Thread 0x000001e9658ae000 Thread added: 0x000001e9658ae000
Event: 1157.414 Thread 0x000001e9658ae000 Thread exited: 0x000001e9658ae000
Event: 1158.248 Thread 0x000001e9658ae000 Thread added: 0x000001e9658ae000
Event: 1158.251 Executing VM operation: RevokeBias
Event: 1158.252 Executing VM operation: RevokeBias done
Event: 1158.252 Thread 0x000001e9658ae000 Thread exited: 0x000001e9658ae000
Event: 1158.408 Thread 0x000001e9658ae000 Thread added: 0x000001e9658ae000
Event: 1158.414 Thread 0x000001e9658ae000 Thread exited: 0x000001e9658ae000
Event: 1158.986 loading class com/jidesoft/grid/TableUtils$ColumnSelectionRow
Event: 1158.986 loading class com/jidesoft/grid/TableUtils$ColumnSelectionRow done


Dynamic libraries:
0x00007ff722f10000 - 0x00007ff722f40000 	C:\Xilinx\Vivado\2019.1\bin\unwrapped\win64.o\vivado.exe
0x00007ffcf4140000 - 0x00007ffcf4349000 	C:\WINDOWS\SYSTEM32\ntdll.dll
0x00007ffcf3b40000 - 0x00007ffcf3bfe000 	C:\WINDOWS\System32\KERNEL32.DLL
0x00007ffcf1820000 - 0x00007ffcf1ba4000 	C:\WINDOWS\System32\KERNELBASE.dll
0x00007ffcf15f0000 - 0x00007ffcf1701000 	C:\WINDOWS\System32\ucrtbase.dll
0x00007ffcd7210000 - 0x00007ffcd729e000 	C:\WINDOWS\SYSTEM32\MSVCP140.dll
0x00007ffcf2990000 - 0x00007ffcf2b2a000 	C:\WINDOWS\System32\ole32.dll
0x00007ffcf1710000 - 0x00007ffcf17ad000 	C:\WINDOWS\System32\msvcp_win.dll
0x00007ffcf2b40000 - 0x00007ffcf2b6a000 	C:\WINDOWS\System32\GDI32.dll
0x00007ffcf1c70000 - 0x00007ffcf1c96000 	C:\WINDOWS\System32\win32u.dll
0x00007ffcf1ca0000 - 0x00007ffcf1dbf000 	C:\WINDOWS\System32\gdi32full.dll
0x00007ffcf2e60000 - 0x00007ffcf300d000 	C:\WINDOWS\System32\USER32.dll
0x00007ffcf3c60000 - 0x00007ffcf3fd6000 	C:\WINDOWS\System32\combase.dll
0x00007ffcf3920000 - 0x00007ffcf3a41000 	C:\WINDOWS\System32\RPCRT4.dll
0x00007ffcd71f0000 - 0x00007ffcd720b000 	C:\WINDOWS\SYSTEM32\VCRUNTIME140.dll
0x00007ffce7940000 - 0x00007ffce7954000 	C:\Xilinx\Vivado\2019.1\lib\win64.o\libboost_signals.dll
0x00007ffcdff30000 - 0x00007ffcdff44000 	C:\Xilinx\Vivado\2019.1\lib\win64.o\librdi_commonmain.dll
0x00007ffcd71e0000 - 0x00007ffcd71ec000 	C:\WINDOWS\SYSTEM32\VCRUNTIME140_1.dll
0x00007ffc72b40000 - 0x00007ffc73a22000 	C:\Xilinx\Vivado\2019.1\lib\win64.o\librdi_common.dll
0x00007ffcf37a0000 - 0x00007ffcf384f000 	C:\WINDOWS\System32\ADVAPI32.dll
0x00007ffce94f0000 - 0x00007ffce94fa000 	C:\Xilinx\Vivado\2019.1\lib\win64.o\librdi_commonversion.dll
0x00007ffcf2be0000 - 0x00007ffcf2c83000 	C:\WINDOWS\System32\msvcrt.dll
0x00007ffcf2cd0000 - 0x00007ffcf2d6e000 	C:\WINDOWS\System32\sechost.dll
0x00007ffcbf350000 - 0x00007ffcbf471000 	C:\Xilinx\Vivado\2019.1\lib\win64.o\librdi_commonxillic.dll
0x00007ffcf21c0000 - 0x00007ffcf2985000 	C:\WINDOWS\System32\SHELL32.dll
0x00007ffcdfc30000 - 0x00007ffcdfc56000 	C:\Xilinx\Vivado\2019.1\lib\win64.o\libboost_filesystem.dll
0x0000000054940000 - 0x0000000054a6b000 	C:\Xilinx\Vivado\2019.1\lib\win64.o\tcl85t.dll
0x00007ffcf2b70000 - 0x00007ffcf2bdf000 	C:\WINDOWS\System32\WS2_32.dll
0x00007ffca1610000 - 0x00007ffca197e000 	C:\Xilinx\Vivado\2019.1\lib\win64.o\libCOIN-all.dll
0x00007ffcdfec0000 - 0x00007ffcdfed4000 	C:\Xilinx\Vivado\2019.1\lib\win64.o\libboost_date_time.dll
0x00007ffcbf2d0000 - 0x00007ffcbf34f000 	C:\Xilinx\Vivado\2019.1\lib\win64.o\libboost_program_options.dll
0x00007ffca5b30000 - 0x00007ffca5c44000 	C:\Xilinx\Vivado\2019.1\lib\win64.o\libboost_regex.dll
0x00007ffcdff20000 - 0x00007ffcdff2b000 	C:\Xilinx\Vivado\2019.1\lib\win64.o\libboost_system.dll
0x00007ffcd8e00000 - 0x00007ffcd8e21000 	C:\Xilinx\Vivado\2019.1\lib\win64.o\libboost_thread.dll
0x00007ffcdfbe0000 - 0x00007ffcdfbef000 	C:\Xilinx\Vivado\2019.1\lib\win64.o\libboost_xilinx.dll
0x00007ffcbdf30000 - 0x00007ffcbdfb2000 	C:\Xilinx\Vivado\2019.1\lib\win64.o\libhdlpsolve.dll
0x00007ffcb2c40000 - 0x00007ffcb2ce5000 	C:\Xilinx\Vivado\2019.1\lib\win64.o\libhdxml.dll
0x00007ffcd74f0000 - 0x00007ffcd751e000 	C:\Xilinx\Vivado\2019.1\lib\win64.o\libisl_sysinfo.dll
0x00007ffcc9160000 - 0x00007ffcc91c5000 	C:\Xilinx\Vivado\2019.1\lib\win64.o\liblmx6.0.dll
0x00007ffcdf610000 - 0x00007ffcdf62a000 	C:\Xilinx\Vivado\2019.1\lib\win64.o\pthreadVC2.dll
0x00007ffcd7080000 - 0x00007ffcd70a1000 	C:\Xilinx\Vivado\2019.1\lib\win64.o\librdizlib.dll
0x00007ffcd78c0000 - 0x00007ffcd78dc000 	C:\Xilinx\Vivado\2019.1\lib\win64.o\librdiconfig.dll
0x00007ffcd4150000 - 0x00007ffcd4169000 	C:\WINDOWS\SYSTEM32\NETAPI32.dll
0x0000000012000000 - 0x0000000012270000 	C:\Xilinx\Vivado\2019.1\lib\win64.o\xerces-c_3_1.dll
0x00007ffcd1de0000 - 0x00007ffcd22da000 	C:\WINDOWS\SYSTEM32\WININET.dll
0x00007ffceb6c0000 - 0x00007ffceb7d3000 	C:\WINDOWS\SYSTEM32\WINHTTP.dll
0x00007ffcea960000 - 0x00007ffceab4f000 	C:\WINDOWS\SYSTEM32\urlmon.dll
0x00007ffca1330000 - 0x00007ffca1608000 	C:\Xilinx\Vivado\2019.1\lib\win64.o\libXil_lmgr11.dll
0x00007ffcf3a50000 - 0x00007ffcf3b3c000 	C:\WINDOWS\System32\COMDLG32.dll
0x00007ffcf2d70000 - 0x00007ffcf2e5a000 	C:\WINDOWS\System32\shcore.dll
0x00007ffcf4020000 - 0x00007ffcf407d000 	C:\WINDOWS\System32\SHLWAPI.dll
0x00007ffcf20d0000 - 0x00007ffcf21a6000 	C:\WINDOWS\System32\OLEAUT32.dll
0x00007ffcd3770000 - 0x00007ffcd3779000 	C:\WINDOWS\SYSTEM32\WSOCK32.dll
0x00007ffcf17b0000 - 0x00007ffcf1817000 	C:\WINDOWS\System32\WINTRUST.dll
0x00007ffc71f90000 - 0x00007ffc72b3f400 	C:\Xilinx\Vivado\2019.1\lib\win64.o\libisl_iostreams.dll
0x00007ffcf1dc0000 - 0x00007ffcf1f2a000 	C:\WINDOWS\System32\CRYPT32.dll
0x00007ffc6cec0000 - 0x00007ffc6dd51000 	C:\Xilinx\Vivado\2019.1\lib\win64.o\gurobi65.dll
0x00007ffcd3920000 - 0x00007ffcd3951000 	C:\WINDOWS\SYSTEM32\VCOMP140.DLL
0x00007ffcea5d0000 - 0x00007ffcea883000 	C:\WINDOWS\SYSTEM32\iertutil.dll
0x00007ffcf01d0000 - 0x00007ffcf01dc000 	C:\WINDOWS\SYSTEM32\netutils.dll
0x00007ffcea890000 - 0x00007ffcea8b8000 	C:\WINDOWS\SYSTEM32\srvcli.dll
0x00007ffcc83d0000 - 0x00007ffcc8482000 	C:\WINDOWS\WinSxS\amd64_microsoft.windows.common-controls_6595b64144ccf1df_5.82.22000.1_none_271a8fad6a2d1b1e\COMCTL32.dll
0x00007ffcdfb30000 - 0x00007ffcdfb3d000 	C:\Xilinx\Vivado\2019.1\lib\win64.o\libboost_chrono.dll
0x00007ffceba30000 - 0x00007ffceba4e000 	C:\WINDOWS\SYSTEM32\dhcpcsvc.DLL
0x00007ffcc9010000 - 0x00007ffcc9035000 	C:\Xilinx\Vivado\2019.1\lib\win64.o\libisl_iosutils.dll
0x00007ffcd7700000 - 0x00007ffcd771b000 	C:\Xilinx\Vivado\2019.1\lib\win64.o\libboost_iostreams.dll
0x00007ffcf2c90000 - 0x00007ffcf2cc1000 	C:\WINDOWS\System32\IMM32.DLL
0x00007ffcf0eb0000 - 0x00007ffcf0ec2000 	C:\WINDOWS\SYSTEM32\MSASN1.dll
0x00007ffcf0760000 - 0x00007ffcf0778000 	C:\WINDOWS\SYSTEM32\kernel.appcore.dll
0x00007ffc71a70000 - 0x00007ffc71f87000 	C:\Xilinx\Vivado\2019.1\lib\win64.o\librdi_commontasks.dll
0x00007ffceacd0000 - 0x00007ffceacda000 	C:\WINDOWS\SYSTEM32\VERSION.dll
0x00007ffc90270000 - 0x00007ffc904f6000 	C:\Xilinx\Vivado\2019.1\lib\win64.o\librdi_sio.dll
0x00007ffcf0310000 - 0x00007ffcf033d000 	C:\WINDOWS\SYSTEM32\IPHLPAPI.DLL
0x0000000053f10000 - 0x0000000054935000 	C:\Xilinx\Vivado\2019.1\tps\win64\jre9.0.4\bin\server\jvm.dll
0x00007ffcf2b30000 - 0x00007ffcf2b38000 	C:\WINDOWS\System32\PSAPI.DLL
0x00007ffceead0000 - 0x00007ffceeb03000 	C:\WINDOWS\SYSTEM32\WINMM.dll
0x00007ffcb01c0000 - 0x00007ffcb02af000 	C:\WINDOWS\SYSTEM32\MSVCR120.dll
0x00007ffcf0c00000 - 0x00007ffcf0c67000 	C:\WINDOWS\SYSTEM32\MSWSOCK.DLL
0x00007ffcef6e0000 - 0x00007ffceff44000 	C:\WINDOWS\SYSTEM32\windows.storage.dll
0x00007ffcef570000 - 0x00007ffcef6d7000 	C:\WINDOWS\SYSTEM32\wintypes.dll
0x00007ffc608d0000 - 0x00007ffc62d8c000 	C:\Xilinx\Vivado\2019.1\lib\win64.o\librdi_tcltasks.dll
0x00007ffcb0070000 - 0x00007ffcb015b000 	C:\Xilinx\Vivado\2019.1\lib\win64.o\librdi_chipscope.dll
0x00007ffc70d60000 - 0x00007ffc71168000 	C:\Xilinx\Vivado\2019.1\lib\win64.o\librdi_bitstream.dll
0x00007ffcbde00000 - 0x00007ffcbde78000 	C:\Xilinx\Vivado\2019.1\lib\win64.o\librdi_boarddep.dll
0x00007ffca5990000 - 0x00007ffca5b21000 	C:\Xilinx\Vivado\2019.1\lib\win64.o\librdi_board.dll
0x00007ffc9e110000 - 0x00007ffc9e2cd000 	C:\Xilinx\Vivado\2019.1\lib\win64.o\librdi_chipscopeimpl.dll
0x00007ffca11d0000 - 0x00007ffca1326000 	C:\Xilinx\Vivado\2019.1\lib\win64.o\librdi_containers.dll
0x00007ffc5ad60000 - 0x00007ffc5c74a000 	C:\Xilinx\Vivado\2019.1\lib\win64.o\librdi_constraints.dll
0x00007ffc57620000 - 0x00007ffc594d1000 	C:\Xilinx\Vivado\2019.1\lib\win64.o\librdi_coregen.dll
0x00007ffc6c7e0000 - 0x00007ffc6ceba000 	C:\Xilinx\Vivado\2019.1\lib\win64.o\librdi_coregenipxact.dll
0x00007ffc10c50000 - 0x00007ffc14c93000 	C:\Xilinx\Vivado\2019.1\lib\win64.o\librdi_designutils.dll
0x00007ffc6f5c0000 - 0x00007ffc6fb5a000 	C:\Xilinx\Vivado\2019.1\lib\win64.o\librdi_drc.dll
0x00007ffc89880000 - 0x00007ffc89b9e000 	C:\Xilinx\Vivado\2019.1\lib\win64.o\librdi_dlyest.dll
0x00007ffca4e40000 - 0x00007ffca4f04000 	C:\Xilinx\Vivado\2019.1\lib\win64.o\librdi_dsp.dll
0x00007ffc69930000 - 0x00007ffc69f7d000 	C:\Xilinx\Vivado\2019.1\lib\win64.o\librdi_filemgmt.dll
0x00007ffc71780000 - 0x00007ffc71a63000 	C:\Xilinx\Vivado\2019.1\lib\win64.o\librdi_guitools.dll
0x00007ffcc4790000 - 0x00007ffcc47f5000 	C:\Xilinx\Vivado\2019.1\lib\win64.o\librdi_hdf.dll
0x00007ffc543c0000 - 0x00007ffc55980000 	C:\Xilinx\Vivado\2019.1\lib\win64.o\librdi_implflow.dll
0x00007ffc69310000 - 0x00007ffc69925000 	C:\Xilinx\Vivado\2019.1\lib\win64.o\librdi_memdata.dll
0x00007ffcaee10000 - 0x00007ffcaee83000 	C:\Xilinx\Vivado\2019.1\lib\win64.o\librdi_memoryarray.dll
0x00007ffbcffc0000 - 0x00007ffbe23ec000 	C:\Xilinx\Vivado\2019.1\lib\win64.o\librdi_device.dll
0x00007ffc660e0000 - 0x00007ffc66782000 	C:\Xilinx\Vivado\2019.1\lib\win64.o\librdi_netlist.dll
0x00007ffc18a80000 - 0x00007ffc1b766000 	C:\Xilinx\Vivado\2019.1\lib\win64.o\librdi_mig.dll
0x00007ffcc4630000 - 0x00007ffcc467b000 	C:\Xilinx\Vivado\2019.1\lib\win64.o\librdi_pfi.dll
0x00007ffc2f010000 - 0x00007ffc31686000 	C:\Xilinx\Vivado\2019.1\lib\win64.o\librdi_place.dll
0x00007ffc6b5e0000 - 0x00007ffc6b8ef000 	C:\Xilinx\Vivado\2019.1\lib\win64.o\librdi_platform.dll
0x00007ffc5f990000 - 0x00007ffc600da000 	C:\Xilinx\Vivado\2019.1\lib\win64.o\librdi_power.dll
0x00007ffc634f0000 - 0x00007ffc63a6f000 	C:\Xilinx\Vivado\2019.1\lib\win64.o\librdi_project.dll
0x00007ffc5dc00000 - 0x00007ffc5e309000 	C:\Xilinx\Vivado\2019.1\lib\win64.o\librdi_psta.dll
0x00007ffc5a650000 - 0x00007ffc5ad56000 	C:\Xilinx\Vivado\2019.1\lib\win64.o\librdi_rsb.dll
0x00007ffc68890000 - 0x00007ffc68c81000 	C:\Xilinx\Vivado\2019.1\lib\win64.o\librdi_runs.dll
0x00007ffc98ad0000 - 0x00007ffc98bca000 	C:\Xilinx\Vivado\2019.1\lib\win64.o\librdi_runsbase.dll
0x00007ffc6b380000 - 0x00007ffc6b5d6000 	C:\Xilinx\Vivado\2019.1\lib\win64.o\librdi_simdata.dll
0x00007ffc8f8c0000 - 0x00007ffc8fa32000 	C:\Xilinx\Vivado\2019.1\lib\win64.o\librdi_advchipscopeimpl.dll
0x00007ffc56800000 - 0x00007ffc57611000 	C:\Xilinx\Vivado\2019.1\lib\win64.o\librdi_timing.dll
0x00007ffc714c0000 - 0x00007ffc7165f000 	C:\Xilinx\Vivado\2019.1\lib\win64.o\librdi_hip_devdesign.dll
0x00007ffcc3e10000 - 0x00007ffcc3e5c000 	C:\Xilinx\Vivado\2019.1\lib\win64.o\libboost_serialization.dll
0x00007ffc9e630000 - 0x00007ffc9e6f2000 	C:\Xilinx\Vivado\2019.1\lib\win64.o\librdi_ipconfig_readwrite.dll
0x00007ffcbdfe0000 - 0x00007ffcbe023000 	C:\Xilinx\Vivado\2019.1\lib\win64.o\librdi_noc_frameworks.dll
0x00007ffc53870000 - 0x00007ffc543b7000 	C:\Xilinx\Vivado\2019.1\lib\win64.o\libverific.dll
0x00007ffc65cf0000 - 0x00007ffc660d5000 	C:\Xilinx\Vivado\2019.1\lib\win64.o\librdi_hip_config.dll
0x00007ffc5a100000 - 0x00007ffc5a64e000 	C:\Xilinx\Vivado\2019.1\lib\win64.o\librdi_xdm.dll
0x00007ffca3190000 - 0x00007ffca322e000 	C:\Xilinx\Vivado\2019.1\lib\win64.o\libise.dll
0x00007ffc43410000 - 0x00007ffc43a0c000 	C:\Xilinx\Vivado\2019.1\lib\win64.o\librdi_wavedata.dll
0x00007ffcc65d0000 - 0x00007ffcc6610000 	C:\Xilinx\Vivado\2019.1\lib\win64.o\librdi_wavedata_SimpleApi.dll
0x00007ffcbd130000 - 0x00007ffcbd16f000 	C:\Xilinx\Vivado\2019.1\lib\win64.o\librdi_schedmon.dll
0x00007ffc2d280000 - 0x00007ffc2e40d000 	C:\Xilinx\Vivado\2019.1\lib\win64.o\librdi_route.dll
0x00007ffc27af0000 - 0x00007ffc29abd000 	C:\Xilinx\Vivado\2019.1\lib\win64.o\librdi_synth.dll

VM Arguments:
jvm_args: -Dsun.java2d.pmoffscreen=false -Dsun.java2d.xrender=false -Dsun.java2d.d3d=false -Dsun.awt.nopixfmt=true -Dsun.java2d.dpiaware=true -Dsun.java2d.uiScale.enabled=false -Xverify:none -Dswing.aatext=true -XX:-UsePerfData -Djdk.map.althashing.threshold=512 -XX:StringTableSize=4072 --add-opens=java.base/java.nio=ALL-UNNAMED --add-opens=java.desktop/sun.swing=ALL-UNNAMED --add-opens=java.desktop/javax.swing=ALL-UNNAMED --add-opens=java.desktop/javax.swing.tree=ALL-UNNAMED --add-opens=java.desktop/javax.swing.plaf.basic=ALL-UNNAMED --add-opens=java.desktop/javax.swing.plaf.synth=ALL-UNNAMED --add-opens=java.desktop/com.sun.awt=ALL-UNNAMED -XX:NewSize=60m -XX:MaxNewSize=60m -Xms128m -Xmx3072m -Xss5m 
java_command: <unknown>
java_class_path (initial): C:/Xilinx/Vivado/2019.1\lib\classes\alloy.jar;C:/Xilinx/Vivado/2019.1\lib\classes\autopilot.scelaborator.jar;C:/Xilinx/Vivado/2019.1\lib\classes\autopilot.sourceprocessor.jar;C:/Xilinx/Vivado/2019.1\lib\classes\autopilot.tbprocessor.jar;C:/Xilinx/Vivado/2019.1\lib\classes\batik-anim.jar;C:/Xilinx/Vivado/2019.1\lib\classes\batik-awt-util.jar;C:/Xilinx/Vivado/2019.1\lib\classes\batik-bridge.jar;C:/Xilinx/Vivado/2019.1\lib\classes\batik-codec.jar;C:/Xilinx/Vivado/2019.1\lib\classes\batik-css.jar;C:/Xilinx/Vivado/2019.1\lib\classes\batik-dom.jar;C:/Xilinx/Vivado/2019.1\lib\classes\batik-ext.jar;C:/Xilinx/Vivado/2019.1\lib\classes\batik-gui-util.jar;C:/Xilinx/Vivado/2019.1\lib\classes\batik-gvt.jar;C:/Xilinx/Vivado/2019.1\lib\classes\batik-parser.jar;C:/Xilinx/Vivado/2019.1\lib\classes\batik-script.jar;C:/Xilinx/Vivado/2019.1\lib\classes\batik-svg-dom.jar;C:/Xilinx/Vivado/2019.1\lib\classes\batik-swing.jar;C:/Xilinx/Vivado/2019.1\lib\classes\batik-transcoder.jar;C:/Xilinx/Vivado/2019.1\lib\classes\batik-util.jar;C:/Xilinx/Vivado/2019.1\lib\classes\batik-xml.jar;C:/Xilinx/Vivado/2019.1\lib\classes\com.google.gson_2.7.0.v20170129-0911.jar;C:/Xilinx/Vivado/2019.1\lib\classes\com.google.guava_21.0.0.v20170206-1425.jar;C:/Xilinx/Vivado/2019.1\lib\classes\com.google.inject_3.0.0.v201605172100.jar;C:/Xilinx/Vivado/2019.1\lib\classes\com.ibm.icu_4.4.2.v20110208.jar;C:/Xilinx/Vivado/2019.1\lib\classes\com.sigasi.hdt.annotations.runtime_4.3.0.201903071210.jar;C:/Xilinx/Vivado/2019.1\lib\classes\com.sigasi.hdt.blockdiagram.model_4.3.0.201903071210.jar;C:/Xilinx/Vivado/2019.1\lib\classes\com.sigasi.hdt.connection_4.3.0.201903071210.jar;C:/Xilinx/Vivado/2019.1\lib\classes\com.sigasi.hdt.dependencies.model_4.3.0.201903071210.jar;C:/Xilinx/Vivado/2019.1\lib\classes\com.sigasi.hdt.epl_4.3.0.201903071210.jar;C:/Xilinx/Vivado/2019.1\lib\classes\com.sigasi.hdt.graphics.model_4.3.0.201903071210.jar;C:/Xilinx/Vivado/2019.1\lib\classes\com.sigasi.hdt.project_4.3.0
Launcher Type: generic

Logging:
Log output configuration:
#0: stdout all=warning uptime,level,tags
#1: stderr all=off uptime,level,tags

Environment Variables:
PATH=C:/Xilinx/Vivado/2019.1/bin;C:/Xilinx/Vivado/2019.1/lib/win64.o;C:/Xilinx/Vivado/2019.1/tps/win64/jre9.0.4/bin/server;C:/Xilinx/Vivado/2019.1/tps/win64/jre9.0.4/bin;C:/Xilinx/SDK/2019.1/bin;C:/Xilinx/Vivado/2019.1/ids_lite/ISE/bin/nt64;C:/Xilinx/Vivado/2019.1/ids_lite/ISE/lib/nt64;C:\ProgramData\Oracle\Java\javapath;C:\WINDOWS\system32;C:\WINDOWS;C:\WINDOWS\System32\Wbem;C:\WINDOWS\System32\WindowsPowerShell\v1.0\;C:\WINDOWS\System32\OpenSSH\;C:\Program Files\MATLAB\R2020b\runtime\win64;C:\Program Files\MATLAB\R2020b\bin;C:\Program Files\dotnet\;C:\Program Files\Git\cmd;C:\Users\galap\AppData\Local\Programs\Python\Python39\Scripts\;C:\Users\galap\AppData\Local\Programs\Python\Python39\;C:\Users\galap\AppData\Local\Microsoft\WindowsApps;;C:/Xilinx/Vivado/2019.1\tps\mingw\6.2.0\win64.o\nt\bin;C:/Xilinx/Vivado/2019.1\tps\mingw\6.2.0\win64.o\nt\libexec\gcc\x86_64-w64-mingw32\6.2.0;C:/Xilinx/Vivado/2019.1\tps\win64\python-2.7.5;C:/Xilinx/Vivado/2019.1\tps\win64\python-2.7.5\lib;C:/Xilinx/Vivado/2019.1\tps\win64\python-2.7.5\Lib\lib-tk;C:/Xilinx/Vivado/2019.1\tps\win64\python-2.7.5\lib\site-packages
USERNAME=galap
OS=Windows_NT
PROCESSOR_IDENTIFIER=Intel64 Family 6 Model 140 Stepping 1, GenuineIntel



---------------  S Y S T E M  ---------------

OS: Windows 10 , 64 bit Build 22000 (10.0.22000.1880)

CPU:total 8 (initial active 8) (4 cores per cpu, 2 threads per core) family 6 model 140 stepping 1, cmov, cx8, fxsr, mmx, sse, sse2, sse3, ssse3, sse4.1, sse4.2, popcnt, avx, avx2, aes, clmul, erms, 3dnowpref, lzcnt, ht, tsc, tscinvbit, bmi1, bmi2, adx, sha, fma

Memory: 4k page, physical 8108840k(934968k free), swap 23669408k(6534396k free)

vm_info: Java HotSpot(TM) 64-Bit Server VM (9.0.4+11) for windows-amd64 JRE (9.0.4+11), built on Dec 20 2017 02:18:54 by "mach5one" with MS VC++ 12.0 (VS2013)

END.
